[0.011s] Invoking command in '/home/sarthak/precise_docking_ws/build/frontend': CMAKE_PREFIX_PATH=${CMAKE_PREFIX_PATH}:/home/sarthak/precise_docking_ws/install/template_ros2:/home/sarthak/precise_docking_ws/install/reach_the_goal:/home/sarthak/precise_docking_ws/install/arcuo_marker_detection:/opt/ros/humble /usr/bin/cmake --build /home/sarthak/precise_docking_ws/build/frontend -- -j20 -l20
[0.090s] [35m[1mConsolidate compiler generated dependencies of target icp_node[0m
[0.117s] [ 50%] Built target cpp_executable
[0.118s] [ 50%] Built target ament_cmake_python_copy_frontend
[0.147s] [ 75%] [32mBuilding CXX object CMakeFiles/icp_node.dir/src/icp_node.cpp.o[0m
[0.360s] running egg_info
[0.361s] writing frontend.egg-info/PKG-INFO
[0.361s] writing dependency_links to frontend.egg-info/dependency_links.txt
[0.361s] writing top-level names to frontend.egg-info/top_level.txt
[0.363s] reading manifest file 'frontend.egg-info/SOURCES.txt'
[0.364s] writing manifest file 'frontend.egg-info/SOURCES.txt'
[0.401s] [ 75%] Built target ament_cmake_python_build_frontend_egg
[5.518s] [01m[K/home/sarthak/precise_docking_ws/src/frontend/src/icp_node.cpp:[m[K In member function â€˜[01m[Kvoid ICPNode::pointCloudCallback(sensor_msgs::msg::PointCloud2_<std::allocator<void> >::SharedPtr)[m[Kâ€™:
[5.518s] [01m[K/home/sarthak/precise_docking_ws/src/frontend/src/icp_node.cpp:58:14:[m[K [01;31m[Kerror: [m[Kâ€˜[01m[Kprevious_cloud[m[Kâ€™ was not declared in this scope
[5.518s]    58 |         if (![01;31m[Kprevious_cloud[m[K)
[5.518s]       |              [01;31m[K^~~~~~~~~~~~~~[m[K
[5.540s] [01m[K/home/sarthak/precise_docking_ws/src/frontend/src/icp_node.cpp:86:9:[m[K [01;31m[Kerror: [m[Kâ€˜[01m[Kprevious_cloud[m[Kâ€™ was not declared in this scope
[5.540s]    86 |         [01;31m[Kprevious_cloud[m[K = data_cloud;
[5.540s]       |         [01;31m[K^~~~~~~~~~~~~~[m[K
[9.152s] gmake[2]: *** [CMakeFiles/icp_node.dir/build.make:76: CMakeFiles/icp_node.dir/src/icp_node.cpp.o] Error 1
[9.153s] gmake[1]: *** [CMakeFiles/Makefile2:168: CMakeFiles/icp_node.dir/all] Error 2
[9.153s] gmake: *** [Makefile:146: all] Error 2
[9.156s] Invoked command in '/home/sarthak/precise_docking_ws/build/frontend' returned '2': CMAKE_PREFIX_PATH=${CMAKE_PREFIX_PATH}:/home/sarthak/precise_docking_ws/install/template_ros2:/home/sarthak/precise_docking_ws/install/reach_the_goal:/home/sarthak/precise_docking_ws/install/arcuo_marker_detection:/opt/ros/humble /usr/bin/cmake --build /home/sarthak/precise_docking_ws/build/frontend -- -j20 -l20
