[0.008s] Invoking command in '/home/sarthak/precise_docking_ws/build/frontend': CMAKE_PREFIX_PATH=${CMAKE_PREFIX_PATH}:/home/sarthak/precise_docking_ws/install/template_ros2:/home/sarthak/precise_docking_ws/install/reach_the_goal:/home/sarthak/precise_docking_ws/install/arcuo_marker_detection:/opt/ros/humble /usr/bin/cmake --build /home/sarthak/precise_docking_ws/build/frontend -- -j20 -l20
[0.034s] -- Found ament_cmake: 1.3.10 (/opt/ros/humble/share/ament_cmake/cmake)
[0.138s] -- Found rclcpp: 16.0.10 (/opt/ros/humble/share/rclcpp/cmake)
[0.157s] -- Found rosidl_generator_c: 3.1.5 (/opt/ros/humble/share/rosidl_generator_c/cmake)
[0.158s] -- Found rosidl_adapter: 3.1.5 (/opt/ros/humble/share/rosidl_adapter/cmake)
[0.162s] -- Found rosidl_generator_cpp: 3.1.5 (/opt/ros/humble/share/rosidl_generator_cpp/cmake)
[0.168s] -- Using all available rosidl_typesupport_c: rosidl_typesupport_fastrtps_c;rosidl_typesupport_introspection_c
[0.175s] -- Using all available rosidl_typesupport_cpp: rosidl_typesupport_fastrtps_cpp;rosidl_typesupport_introspection_cpp
[0.195s] -- Found rmw_implementation_cmake: 6.1.2 (/opt/ros/humble/share/rmw_implementation_cmake/cmake)
[0.196s] -- Found rmw_fastrtps_cpp: 6.2.7 (/opt/ros/humble/share/rmw_fastrtps_cpp/cmake)
[0.273s] -- Using RMW implementation 'rmw_fastrtps_cpp' as default
[0.308s] -- Found rclpy: 3.3.14 (/opt/ros/humble/share/rclpy/cmake)
[0.316s] -- Found Boost: /usr/lib/x86_64-linux-gnu/cmake/Boost-1.74.0/BoostConfig.cmake (found version "1.74.0") found components: thread filesystem system program_options date_time 
[0.321s] -- Found Boost: /usr/lib/x86_64-linux-gnu/cmake/Boost-1.74.0/BoostConfig.cmake (found version "1.74.0") found components: thread filesystem system program_options date_time chrono 
[0.416s] -- Configuring done
[0.423s] -- Generating done
[0.424s] -- Build files have been written to: /home/sarthak/precise_docking_ws/build/frontend
[0.453s] [35m[1mConsolidate compiler generated dependencies of target cpp_executable[0m
[0.460s] [ 25%] [32mBuilding CXX object CMakeFiles/icp_node.dir/src/icp_node.cpp.o[0m
[0.467s] [ 25%] Built target ament_cmake_python_copy_frontend
[0.478s] [ 50%] [32mBuilding CXX object CMakeFiles/cpp_executable.dir/src/cpp_node.cpp.o[0m
[0.636s] running egg_info
[0.637s] writing frontend.egg-info/PKG-INFO
[0.637s] writing dependency_links to frontend.egg-info/dependency_links.txt
[0.637s] writing top-level names to frontend.egg-info/top_level.txt
[0.638s] reading manifest file 'frontend.egg-info/SOURCES.txt'
[0.638s] writing manifest file 'frontend.egg-info/SOURCES.txt'
[0.657s] [ 50%] Built target ament_cmake_python_build_frontend_egg
[1.863s] [01m[K/home/sarthak/precise_docking_ws/src/frontend/src/cpp_node.cpp:[m[K In function â€˜[01m[Kint main(int, char**)[m[Kâ€™:
[1.864s] [01m[K/home/sarthak/precise_docking_ws/src/frontend/src/cpp_node.cpp:8:34:[m[K [01;31m[Kerror: [m[Kâ€˜[01m[KMycustomNode[m[Kâ€™ was not declared in this scope
[1.864s]     8 |     auto node = std::make_shared<[01;31m[KMycustomNode[m[K>();
[1.864s]       |                                  [01;31m[K^~~~~~~~~~~~[m[K
[1.864s] [01m[K/home/sarthak/precise_docking_ws/src/frontend/src/cpp_node.cpp:8:47:[m[K [01;31m[Kerror: [m[Kno matching function for call to â€˜[01m[Kmake_shared<<expression error> >()[m[Kâ€™
[1.864s]     8 |     auto node = [01;31m[Kstd::make_shared<MycustomNode>()[m[K;
[1.864s]       |                 [01;31m[K~~~~~~~~~~~~~~~~~~~~~~~~~~~~~~^~[m[K
[1.864s] In file included from [01m[K/usr/include/c++/11/memory:77[m[K,
[1.864s]                  from [01m[K/opt/ros/humble/include/rclcpp/rclcpp/rclcpp.hpp:153[m[K,
[1.864s]                  from [01m[K/home/sarthak/precise_docking_ws/src/frontend/src/cpp_node.cpp:1[m[K:
[1.864s] [01m[K/usr/include/c++/11/bits/shared_ptr.h:875:5:[m[K [01;36m[Knote: [m[Kcandidate: â€˜[01m[Ktemplate<class _Tp, class ... _Args> std::shared_ptr<_Tp> std::make_shared(_Args&& ...)[m[Kâ€™
[1.864s]   875 |     [01;36m[Kmake_shared[m[K(_Args&&... __args)
[1.864s]       |     [01;36m[K^~~~~~~~~~~[m[K
[1.865s] [01m[K/usr/include/c++/11/bits/shared_ptr.h:875:5:[m[K [01;36m[Knote: [m[K  template argument deduction/substitution failed:
[1.865s] [01m[K/home/sarthak/precise_docking_ws/src/frontend/src/cpp_node.cpp:8:47:[m[K [01;31m[Kerror: [m[Ktemplate argument 1 is invalid
[1.865s]     8 |     auto node = [01;31m[Kstd::make_shared<MycustomNode>()[m[K;
[1.865s]       |                 [01;31m[K~~~~~~~~~~~~~~~~~~~~~~~~~~~~~~^~[m[K
[2.130s] gmake[2]: *** [CMakeFiles/cpp_executable.dir/build.make:76: CMakeFiles/cpp_executable.dir/src/cpp_node.cpp.o] Error 1
[2.130s] gmake[1]: *** [CMakeFiles/Makefile2:142: CMakeFiles/cpp_executable.dir/all] Error 2
[2.130s] gmake[1]: *** Waiting for unfinished jobs....
[3.175s] In file included from [01m[K/opt/ros/humble/include/rclcpp/rclcpp/logging.hpp:24[m[K,
[3.175s]                  from [01m[K/opt/ros/humble/include/rclcpp/rclcpp/client.hpp:40[m[K,
[3.175s]                  from [01m[K/opt/ros/humble/include/rclcpp/rclcpp/callback_group.hpp:24[m[K,
[3.175s]                  from [01m[K/opt/ros/humble/include/rclcpp/rclcpp/any_executable.hpp:20[m[K,
[3.175s]                  from [01m[K/opt/ros/humble/include/rclcpp/rclcpp/memory_strategy.hpp:25[m[K,
[3.175s]                  from [01m[K/opt/ros/humble/include/rclcpp/rclcpp/memory_strategies.hpp:18[m[K,
[3.176s]                  from [01m[K/opt/ros/humble/include/rclcpp/rclcpp/executor_options.hpp:20[m[K,
[3.176s]                  from [01m[K/opt/ros/humble/include/rclcpp/rclcpp/executor.hpp:37[m[K,
[3.176s]                  from [01m[K/opt/ros/humble/include/rclcpp/rclcpp/executors/multi_threaded_executor.hpp:25[m[K,
[3.176s]                  from [01m[K/opt/ros/humble/include/rclcpp/rclcpp/executors.hpp:21[m[K,
[3.176s]                  from [01m[K/opt/ros/humble/include/rclcpp/rclcpp/rclcpp.hpp:155[m[K,
[3.176s]                  from [01m[K/home/sarthak/precise_docking_ws/src/frontend/src/icp_node.cpp:1[m[K:
[3.176s] [01m[K/home/sarthak/precise_docking_ws/src/frontend/src/icp_node.cpp:[m[K In constructor â€˜[01m[KMycustomNode::MycustomNode()[m[Kâ€™:
[3.176s] [01m[K/home/sarthak/precise_docking_ws/src/frontend/src/icp_node.cpp:29:121:[m[K [01;31m[Kerror: [m[Kâ€˜[01m[Kconst class Eigen::WithFormat<Eigen::Matrix<float, -1, -1> >[m[Kâ€™ has no member named â€˜[01m[Kc_str[m[Kâ€™
[3.176s]    29 |         RCLCPP_INFO(this->get_logger(), "Transformation matrix:\n%s", transformation.matrix().format(Eigen::IOFormat()).[01;31m[Kc_str[m[K());
[3.176s]       |                                                                                                                         [01;31m[K^~~~~[m[K
[3.550s] gmake[2]: *** [CMakeFiles/icp_node.dir/build.make:76: CMakeFiles/icp_node.dir/src/icp_node.cpp.o] Error 1
[3.551s] gmake[1]: *** [CMakeFiles/Makefile2:168: CMakeFiles/icp_node.dir/all] Error 2
[3.551s] gmake: *** [Makefile:146: all] Error 2
[3.554s] Invoked command in '/home/sarthak/precise_docking_ws/build/frontend' returned '2': CMAKE_PREFIX_PATH=${CMAKE_PREFIX_PATH}:/home/sarthak/precise_docking_ws/install/template_ros2:/home/sarthak/precise_docking_ws/install/reach_the_goal:/home/sarthak/precise_docking_ws/install/arcuo_marker_detection:/opt/ros/humble /usr/bin/cmake --build /home/sarthak/precise_docking_ws/build/frontend -- -j20 -l20
