[35m[1mConsolidate compiler generated dependencies of target cpp_executable[0m
[ 50%] [32mBuilding CXX object CMakeFiles/cpp_executable.dir/src/cpp_node.cpp.o[0m
[ 50%] Built target ament_cmake_python_copy_frontend
running egg_info
writing frontend.egg-info/PKG-INFO
writing dependency_links to frontend.egg-info/dependency_links.txt
writing top-level names to frontend.egg-info/top_level.txt
reading manifest file 'frontend.egg-info/SOURCES.txt'
writing manifest file 'frontend.egg-info/SOURCES.txt'
[ 50%] Built target ament_cmake_python_build_frontend_egg
In file included from [01m[K/home/sarthak/precise_docking_ws/src/frontend/src/cpp_node.cpp:2[m[K:
[01m[K/home/sarthak/precise_docking_ws/src/frontend/include/frontend/cpp_header.hpp:11:2:[m[K [01;31m[Kerror: [m[Kexpected â€˜[01m[K;[m[Kâ€™ after class definition
   11 | }
      |  [01;31m[K^[m[K
      |  [32m[K;[m[K
[01m[K/home/sarthak/precise_docking_ws/src/frontend/src/cpp_node.cpp:[m[K In function â€˜[01m[Kint main(int, char**)[m[Kâ€™:
[01m[K/home/sarthak/precise_docking_ws/src/frontend/src/cpp_node.cpp:8:34:[m[K [01;31m[Kerror: [m[Kâ€˜[01m[KMyCustomNode[m[Kâ€™ was not declared in this scope; did you mean â€˜[01m[KMycustomNode[m[Kâ€™?
    8 |     auto node = std::make_shared<[01;31m[KMyCustomNode[m[K>();
      |                                  [01;31m[K^~~~~~~~~~~~[m[K
      |                                  [32m[KMycustomNode[m[K
[01m[K/home/sarthak/precise_docking_ws/src/frontend/src/cpp_node.cpp:8:47:[m[K [01;31m[Kerror: [m[Kno matching function for call to â€˜[01m[Kmake_shared<<expression error> >()[m[Kâ€™
    8 |     auto node = [01;31m[Kstd::make_shared<MyCustomNode>()[m[K;
      |                 [01;31m[K~~~~~~~~~~~~~~~~~~~~~~~~~~~~~~^~[m[K
In file included from [01m[K/usr/include/c++/11/memory:77[m[K,
                 from [01m[K/opt/ros/humble/include/rclcpp/rclcpp/rclcpp.hpp:153[m[K,
                 from [01m[K/home/sarthak/precise_docking_ws/src/frontend/src/cpp_node.cpp:1[m[K:
[01m[K/usr/include/c++/11/bits/shared_ptr.h:875:5:[m[K [01;36m[Knote: [m[Kcandidate: â€˜[01m[Ktemplate<class _Tp, class ... _Args> std::shared_ptr<_Tp> std::make_shared(_Args&& ...)[m[Kâ€™
  875 |     [01;36m[Kmake_shared[m[K(_Args&&... __args)
      |     [01;36m[K^~~~~~~~~~~[m[K
[01m[K/usr/include/c++/11/bits/shared_ptr.h:875:5:[m[K [01;36m[Knote: [m[K  template argument deduction/substitution failed:
[01m[K/home/sarthak/precise_docking_ws/src/frontend/src/cpp_node.cpp:8:47:[m[K [01;31m[Kerror: [m[Ktemplate argument 1 is invalid
    8 |     auto node = [01;31m[Kstd::make_shared<MyCustomNode>()[m[K;
      |                 [01;31m[K~~~~~~~~~~~~~~~~~~~~~~~~~~~~~~^~[m[K
gmake[2]: *** [CMakeFiles/cpp_executable.dir/build.make:76: CMakeFiles/cpp_executable.dir/src/cpp_node.cpp.o] Error 1
gmake[1]: *** [CMakeFiles/Makefile2:140: CMakeFiles/cpp_executable.dir/all] Error 2
gmake: *** [Makefile:146: all] Error 2
