[0.007s] Invoking command in '/home/sarthak/precise_docking_ws/build/frontend': CMAKE_PREFIX_PATH=${CMAKE_PREFIX_PATH}:/home/sarthak/precise_docking_ws/install/template_ros2:/home/sarthak/precise_docking_ws/install/reach_the_goal:/home/sarthak/precise_docking_ws/install/frontend:/home/sarthak/precise_docking_ws/install/arcuo_marker_detection:/opt/ros/humble /usr/bin/cmake --build /home/sarthak/precise_docking_ws/build/frontend -- -j20 -l20
[0.053s] [35m[1mConsolidate compiler generated dependencies of target cpp_executable[0m
[0.074s] [  0%] Built target ament_cmake_python_copy_frontend
[0.075s] [ 50%] [32mBuilding CXX object CMakeFiles/cpp_executable.dir/src/cpp_node.cpp.o[0m
[0.247s] running egg_info
[0.247s] writing frontend.egg-info/PKG-INFO
[0.247s] writing dependency_links to frontend.egg-info/dependency_links.txt
[0.248s] writing top-level names to frontend.egg-info/top_level.txt
[0.249s] reading manifest file 'frontend.egg-info/SOURCES.txt'
[0.249s] writing manifest file 'frontend.egg-info/SOURCES.txt'
[0.270s] [ 50%] Built target ament_cmake_python_build_frontend_egg
[1.441s] [01m[K/home/sarthak/precise_docking_ws/src/frontend/src/cpp_node.cpp:[m[K In function â€˜[01m[Kint main(int, char**)[m[Kâ€™:
[1.441s] [01m[K/home/sarthak/precise_docking_ws/src/frontend/src/cpp_node.cpp:8:34:[m[K [01;31m[Kerror: [m[Kâ€˜[01m[KMyCustomNode[m[Kâ€™ was not declared in this scope; did you mean â€˜[01m[KMycustomNode[m[Kâ€™?
[1.441s]     8 |     auto node = std::make_shared<[01;31m[KMyCustomNode[m[K>();
[1.441s]       |                                  [01;31m[K^~~~~~~~~~~~[m[K
[1.441s]       |                                  [32m[KMycustomNode[m[K
[1.441s] [01m[K/home/sarthak/precise_docking_ws/src/frontend/src/cpp_node.cpp:8:47:[m[K [01;31m[Kerror: [m[Kno matching function for call to â€˜[01m[Kmake_shared<<expression error> >()[m[Kâ€™
[1.441s]     8 |     auto node = [01;31m[Kstd::make_shared<MyCustomNode>()[m[K;
[1.441s]       |                 [01;31m[K~~~~~~~~~~~~~~~~~~~~~~~~~~~~~~^~[m[K
[1.441s] In file included from [01m[K/usr/include/c++/11/memory:77[m[K,
[1.441s]                  from [01m[K/opt/ros/humble/include/rclcpp/rclcpp/rclcpp.hpp:153[m[K,
[1.441s]                  from [01m[K/home/sarthak/precise_docking_ws/src/frontend/src/cpp_node.cpp:1[m[K:
[1.442s] [01m[K/usr/include/c++/11/bits/shared_ptr.h:875:5:[m[K [01;36m[Knote: [m[Kcandidate: â€˜[01m[Ktemplate<class _Tp, class ... _Args> std::shared_ptr<_Tp> std::make_shared(_Args&& ...)[m[Kâ€™
[1.442s]   875 |     [01;36m[Kmake_shared[m[K(_Args&&... __args)
[1.442s]       |     [01;36m[K^~~~~~~~~~~[m[K
[1.442s] [01m[K/usr/include/c++/11/bits/shared_ptr.h:875:5:[m[K [01;36m[Knote: [m[K  template argument deduction/substitution failed:
[1.442s] [01m[K/home/sarthak/precise_docking_ws/src/frontend/src/cpp_node.cpp:8:47:[m[K [01;31m[Kerror: [m[Ktemplate argument 1 is invalid
[1.442s]     8 |     auto node = [01;31m[Kstd::make_shared<MyCustomNode>()[m[K;
[1.442s]       |                 [01;31m[K~~~~~~~~~~~~~~~~~~~~~~~~~~~~~~^~[m[K
[1.700s] gmake[2]: *** [CMakeFiles/cpp_executable.dir/build.make:76: CMakeFiles/cpp_executable.dir/src/cpp_node.cpp.o] Error 1
[1.701s] gmake[1]: *** [CMakeFiles/Makefile2:140: CMakeFiles/cpp_executable.dir/all] Error 2
[1.701s] gmake: *** [Makefile:146: all] Error 2
[1.703s] Invoked command in '/home/sarthak/precise_docking_ws/build/frontend' returned '2': CMAKE_PREFIX_PATH=${CMAKE_PREFIX_PATH}:/home/sarthak/precise_docking_ws/install/template_ros2:/home/sarthak/precise_docking_ws/install/reach_the_goal:/home/sarthak/precise_docking_ws/install/frontend:/home/sarthak/precise_docking_ws/install/arcuo_marker_detection:/opt/ros/humble /usr/bin/cmake --build /home/sarthak/precise_docking_ws/build/frontend -- -j20 -l20
