[0.014s] Invoking command in '/home/sarthak/precise_docking_ws/build/frontend': CMAKE_PREFIX_PATH=${CMAKE_PREFIX_PATH}:/home/sarthak/precise_docking_ws/install/template_ros2:/home/sarthak/precise_docking_ws/install/reach_the_goal:/home/sarthak/precise_docking_ws/install/arcuo_marker_detection:/opt/ros/humble /usr/bin/cmake --build /home/sarthak/precise_docking_ws/build/frontend -- -j20 -l20
[0.045s] -- Found ament_cmake: 1.3.10 (/opt/ros/humble/share/ament_cmake/cmake)
[0.121s] -- Found Python3: /usr/bin/python3 (found version "3.10.12") found components: Interpreter 
[0.222s] -- Found sensor_msgs: 4.2.4 (/opt/ros/humble/share/sensor_msgs/cmake)
[0.246s] -- Found rosidl_generator_c: 3.1.5 (/opt/ros/humble/share/rosidl_generator_c/cmake)
[0.250s] -- Found rosidl_adapter: 3.1.5 (/opt/ros/humble/share/rosidl_adapter/cmake)
[0.256s] -- Found rosidl_generator_cpp: 3.1.5 (/opt/ros/humble/share/rosidl_generator_cpp/cmake)
[0.264s] -- Using all available rosidl_typesupport_c: rosidl_typesupport_fastrtps_c;rosidl_typesupport_introspection_c
[0.275s] -- Using all available rosidl_typesupport_cpp: rosidl_typesupport_fastrtps_cpp;rosidl_typesupport_introspection_cpp
[0.320s] -- Found rclcpp: 16.0.10 (/opt/ros/humble/share/rclcpp/cmake)
[0.348s] -- Found rmw_implementation_cmake: 6.1.2 (/opt/ros/humble/share/rmw_implementation_cmake/cmake)
[0.351s] -- Found rmw_fastrtps_cpp: 6.2.7 (/opt/ros/humble/share/rmw_fastrtps_cpp/cmake)
[0.488s] -- Using RMW implementation 'rmw_fastrtps_cpp' as default
[0.523s] -- Found rclpy: 3.3.14 (/opt/ros/humble/share/rclpy/cmake)
[0.534s] -- Found Boost: /usr/lib/x86_64-linux-gnu/cmake/Boost-1.74.0/BoostConfig.cmake (found version "1.74.0") found components: thread filesystem system program_options date_time 
[0.540s] -- Found Boost: /usr/lib/x86_64-linux-gnu/cmake/Boost-1.74.0/BoostConfig.cmake (found version "1.74.0") found components: thread filesystem system program_options date_time chrono 
[0.542s] -- Found nav_msgs: 4.2.4 (/opt/ros/humble/share/nav_msgs/cmake)
[0.555s] -- Found tf2_ros: 0.25.7 (/opt/ros/humble/share/tf2_ros/cmake)
[0.627s] -- Found tf2_geometry_msgs: 0.25.7 (/opt/ros/humble/share/tf2_geometry_msgs/cmake)
[0.631s] -- Found eigen3_cmake_module: 0.1.1 (/opt/ros/humble/share/eigen3_cmake_module/cmake)
[0.632s] -- Ensuring Eigen3 include directory is part of orocos-kdl CMake target
[0.814s] -- Configuring done
[0.829s] -- Generating done
[0.833s] -- Build files have been written to: /home/sarthak/precise_docking_ws/build/frontend
[0.880s] [35m[1mConsolidate compiler generated dependencies of target cpp_executable[0m
[0.886s] [35m[1mConsolidate compiler generated dependencies of target icp_node[0m
[0.906s] [ 25%] [32mBuilding CXX object CMakeFiles/cpp_executable.dir/src/cpp_node.cpp.o[0m
[0.908s] [ 25%] Built target ament_cmake_python_copy_frontend
[0.933s] [ 50%] [32mBuilding CXX object CMakeFiles/icp_node.dir/src/icp_node.cpp.o[0m
[1.169s] running egg_info
[1.169s] writing frontend.egg-info/PKG-INFO
[1.170s] writing dependency_links to frontend.egg-info/dependency_links.txt
[1.170s] writing top-level names to frontend.egg-info/top_level.txt
[1.172s] reading manifest file 'frontend.egg-info/SOURCES.txt'
[1.173s] writing manifest file 'frontend.egg-info/SOURCES.txt'
[1.221s] [ 50%] Built target ament_cmake_python_build_frontend_egg
[2.090s] [01m[K/home/sarthak/precise_docking_ws/src/frontend/src/icp_node.cpp:8:10:[m[K [01;31m[Kfatal error: [m[Kmatplotlibcpp.h: No such file or directory
[2.091s]     8 | #include [01;31m[K<matplotlibcpp.h>[m[K  // For plotting
[2.091s]       |          [01;31m[K^~~~~~~~~~~~~~~~~[m[K
[2.091s] compilation terminated.
[2.101s] gmake[2]: *** [CMakeFiles/icp_node.dir/build.make:76: CMakeFiles/icp_node.dir/src/icp_node.cpp.o] Error 1
[2.101s] gmake[1]: *** [CMakeFiles/Makefile2:168: CMakeFiles/icp_node.dir/all] Error 2
[2.101s] gmake[1]: *** Waiting for unfinished jobs....
[4.500s] [ 75%] [32m[1mLinking CXX executable cpp_executable[0m
[4.656s] [ 75%] Built target cpp_executable
[4.658s] gmake: *** [Makefile:146: all] Error 2
[4.661s] Invoked command in '/home/sarthak/precise_docking_ws/build/frontend' returned '2': CMAKE_PREFIX_PATH=${CMAKE_PREFIX_PATH}:/home/sarthak/precise_docking_ws/install/template_ros2:/home/sarthak/precise_docking_ws/install/reach_the_goal:/home/sarthak/precise_docking_ws/install/arcuo_marker_detection:/opt/ros/humble /usr/bin/cmake --build /home/sarthak/precise_docking_ws/build/frontend -- -j20 -l20
