[35m[1mConsolidate compiler generated dependencies of target icp_node[0m
[ 50%] Built target ament_cmake_python_copy_frontend
[ 50%] Built target cpp_executable
[ 75%] [32mBuilding CXX object CMakeFiles/icp_node.dir/src/icp_node.cpp.o[0m
running egg_info
writing frontend.egg-info/PKG-INFO
writing dependency_links to frontend.egg-info/dependency_links.txt
writing top-level names to frontend.egg-info/top_level.txt
writing manifest file 'frontend.egg-info/SOURCES.txt'
[ 75%] Built target ament_cmake_python_build_frontend_egg
In file included from [01m[K/home/sarthak/precise_docking_ws/src/frontend/src/icp_node.cpp:11[m[K:
[01m[K/opt/ros/humble/include/tf2_geometry_msgs/tf2_geometry_msgs/tf2_geometry_msgs.h:35:2:[m[K [01;35m[Kwarning: [m[K#warning This header is obsolete, please include tf2_geometry_msgs/tf2_geometry_msgs.hpp instead [[01;35m[K]8;;https://gcc.gnu.org/onlinedocs/gcc/Warning-Options.html#index-Wcpp-Wcpp]8;;[m[K]
   35 | #[01;35m[Kwarning[m[K This header is obsolete, please include tf2_geometry_msgs/tf2_geometry_msgs.hpp instead
      |  [01;35m[K^~~~~~~[m[K
[01m[K/home/sarthak/precise_docking_ws/src/frontend/src/icp_node.cpp:12:10:[m[K [01;31m[Kfatal error: [m[Kpointmatcher/ErrorMinimizersImpl.h: No such file or directory
   12 | #include [01;31m[K<pointmatcher/ErrorMinimizersImpl.h>[m[K
      |          [01;31m[K^~~~~~~~~~~~~~~~~~~~~~~~~~~~~~~~~~~~[m[K
compilation terminated.
gmake[2]: *** [CMakeFiles/icp_node.dir/build.make:76: CMakeFiles/icp_node.dir/src/icp_node.cpp.o] Error 1
gmake[1]: *** [CMakeFiles/Makefile2:168: CMakeFiles/icp_node.dir/all] Error 2
gmake: *** [Makefile:146: all] Error 2
