[0.012s] Invoking command in '/home/sarthak/precise_docking_ws/build/frontend': CMAKE_PREFIX_PATH=${CMAKE_PREFIX_PATH}:/home/sarthak/precise_docking_ws/install/template_ros2:/home/sarthak/precise_docking_ws/install/reach_the_goal:/home/sarthak/precise_docking_ws/install/arcuo_marker_detection:/opt/ros/humble /usr/bin/cmake --build /home/sarthak/precise_docking_ws/build/frontend -- -j20 -l20
[0.093s] [35m[1mConsolidate compiler generated dependencies of target icp_node[0m
[0.109s] [ 50%] Built target ament_cmake_python_copy_frontend
[0.109s] [ 50%] Built target cpp_executable
[0.139s] [ 75%] [32mBuilding CXX object CMakeFiles/icp_node.dir/src/icp_node.cpp.o[0m
[0.402s] running egg_info
[0.418s] writing frontend.egg-info/PKG-INFO
[0.418s] writing dependency_links to frontend.egg-info/dependency_links.txt
[0.419s] writing top-level names to frontend.egg-info/top_level.txt
[1.454s] writing manifest file 'frontend.egg-info/SOURCES.txt'
[1.503s] [ 75%] Built target ament_cmake_python_build_frontend_egg
[1.880s] In file included from [01m[K/home/sarthak/precise_docking_ws/src/frontend/src/icp_node.cpp:11[m[K:
[1.880s] [01m[K/opt/ros/humble/include/tf2_geometry_msgs/tf2_geometry_msgs/tf2_geometry_msgs.h:35:2:[m[K [01;35m[Kwarning: [m[K#warning This header is obsolete, please include tf2_geometry_msgs/tf2_geometry_msgs.hpp instead [[01;35m[K]8;;https://gcc.gnu.org/onlinedocs/gcc/Warning-Options.html#index-Wcpp-Wcpp]8;;[m[K]
[1.880s]    35 | #[01;35m[Kwarning[m[K This header is obsolete, please include tf2_geometry_msgs/tf2_geometry_msgs.hpp instead
[1.880s]       |  [01;35m[K^~~~~~~[m[K
[1.912s] [01m[K/home/sarthak/precise_docking_ws/src/frontend/src/icp_node.cpp:12:10:[m[K [01;31m[Kfatal error: [m[Kpointmatcher/ErrorMinimizersImpl.h: No such file or directory
[1.912s]    12 | #include [01;31m[K<pointmatcher/ErrorMinimizersImpl.h>[m[K
[1.912s]       |          [01;31m[K^~~~~~~~~~~~~~~~~~~~~~~~~~~~~~~~~~~~[m[K
[1.912s] compilation terminated.
[1.924s] gmake[2]: *** [CMakeFiles/icp_node.dir/build.make:76: CMakeFiles/icp_node.dir/src/icp_node.cpp.o] Error 1
[1.924s] gmake[1]: *** [CMakeFiles/Makefile2:168: CMakeFiles/icp_node.dir/all] Error 2
[1.924s] gmake: *** [Makefile:146: all] Error 2
[1.927s] Invoked command in '/home/sarthak/precise_docking_ws/build/frontend' returned '2': CMAKE_PREFIX_PATH=${CMAKE_PREFIX_PATH}:/home/sarthak/precise_docking_ws/install/template_ros2:/home/sarthak/precise_docking_ws/install/reach_the_goal:/home/sarthak/precise_docking_ws/install/arcuo_marker_detection:/opt/ros/humble /usr/bin/cmake --build /home/sarthak/precise_docking_ws/build/frontend -- -j20 -l20
