[0.012s] Invoking command in '/home/sarthak/precise_docking_ws/build/frontend': CMAKE_PREFIX_PATH=${CMAKE_PREFIX_PATH}:/home/sarthak/precise_docking_ws/install/template_ros2:/home/sarthak/precise_docking_ws/install/reach_the_goal:/home/sarthak/precise_docking_ws/install/arcuo_marker_detection:/opt/ros/humble /usr/bin/cmake --build /home/sarthak/precise_docking_ws/build/frontend -- -j20 -l20
[0.063s] [35m[1mConsolidate compiler generated dependencies of target icp_node[0m
[0.076s] [ 50%] Built target cpp_executable
[0.076s] [ 50%] Built target ament_cmake_python_copy_frontend
[0.092s] [ 75%] [32mBuilding CXX object CMakeFiles/icp_node.dir/src/icp_node.cpp.o[0m
[0.281s] running egg_info
[0.281s] writing frontend.egg-info/PKG-INFO
[0.281s] writing dependency_links to frontend.egg-info/dependency_links.txt
[0.281s] writing top-level names to frontend.egg-info/top_level.txt
[0.284s] reading manifest file 'frontend.egg-info/SOURCES.txt'
[0.284s] writing manifest file 'frontend.egg-info/SOURCES.txt'
[0.321s] [ 75%] Built target ament_cmake_python_build_frontend_egg
[4.216s] [01m[K/home/sarthak/precise_docking_ws/src/frontend/src/icp_node.cpp:[m[K In member function â€˜[01m[KDP ICPNode::laserScanToPointCloud(sensor_msgs::msg::LaserScan_<std::allocator<void> >::SharedPtr)[m[Kâ€™:
[4.216s] [01m[K/home/sarthak/precise_docking_ws/src/frontend/src/icp_node.cpp:55:30:[m[K [01;31m[Kerror: [m[Kâ€˜[01m[KLabel[m[Kâ€™ is not a member of â€˜[01m[KPM[m[Kâ€™ {aka â€˜[01m[KPointMatcher<float>[m[Kâ€™}
[4.216s]    55 |         labels.push_back(PM::[01;31m[KLabel[m[K("x", 1));
[4.216s]       |                              [01;31m[K^~~~~[m[K
[4.216s] [01m[K/home/sarthak/precise_docking_ws/src/frontend/src/icp_node.cpp:56:30:[m[K [01;31m[Kerror: [m[Kâ€˜[01m[KLabel[m[Kâ€™ is not a member of â€˜[01m[KPM[m[Kâ€™ {aka â€˜[01m[KPointMatcher<float>[m[Kâ€™}
[4.216s]    56 |         labels.push_back(PM::[01;31m[KLabel[m[K("y", 1));
[4.216s]       |                              [01;31m[K^~~~~[m[K
[4.216s] [01m[K/home/sarthak/precise_docking_ws/src/frontend/src/icp_node.cpp:57:44:[m[K [01;31m[Kerror: [m[Kno matching function for call to â€˜[01m[KPointMatcher<float>::DataPoints::DataPoints(PointMatcher<float>::DataPoints::Labels&, std::vector<float>::size_type)[m[Kâ€™
[4.217s]    57 |         DP pointCloud(labels, ranges.size()[01;31m[K)[m[K;
[4.217s]       |                                            [01;31m[K^[m[K
[4.217s] In file included from [01m[K/home/sarthak/precise_docking_ws/src/frontend/src/icp_node.cpp:3[m[K:
[4.217s] [01m[K/usr/local/include/pointmatcher/PointMatcher.h:263:17:[m[K [01;36m[Knote: [m[Kcandidate: â€˜[01m[KPointMatcher<T>::DataPoints::DataPoints(const Matrix&, const PointMatcher<T>::DataPoints::Labels&, const Matrix&, const PointMatcher<T>::DataPoints::Labels&, const Int64Matrix&, const PointMatcher<T>::DataPoints::Labels&) [with T = float; PointMatcher<T>::Matrix = Eigen::Matrix<float, -1, -1>; PointMatcher<T>::Int64Matrix = Eigen::Matrix<long int, -1, -1>][m[Kâ€™
[4.217s]   263 |                 [01;36m[KDataPoints[m[K(const Matrix& features, const Labels& featureLabels, const Matrix& descriptors, const Labels& descriptorLabels, const Int64Matrix& times, const Labels& timeLabels);
[4.217s]       |                 [01;36m[K^~~~~~~~~~[m[K
[4.217s] [01m[K/usr/local/include/pointmatcher/PointMatcher.h:263:17:[m[K [01;36m[Knote: [m[K  candidate expects 6 arguments, 2 provided
[4.217s] [01m[K/usr/local/include/pointmatcher/PointMatcher.h:262:17:[m[K [01;36m[Knote: [m[Kcandidate: â€˜[01m[KPointMatcher<T>::DataPoints::DataPoints(const Matrix&, const PointMatcher<T>::DataPoints::Labels&, const Matrix&, const PointMatcher<T>::DataPoints::Labels&) [with T = float; PointMatcher<T>::Matrix = Eigen::Matrix<float, -1, -1>][m[Kâ€™
[4.217s]   262 |                 [01;36m[KDataPoints[m[K(const Matrix& features, const Labels& featureLabels, const Matrix& descriptors, const Labels& descriptorLabels);
[4.217s]       |                 [01;36m[K^~~~~~~~~~[m[K
[4.217s] [01m[K/usr/local/include/pointmatcher/PointMatcher.h:262:17:[m[K [01;36m[Knote: [m[K  candidate expects 4 arguments, 2 provided
[4.217s] [01m[K/usr/local/include/pointmatcher/PointMatcher.h:261:17:[m[K [01;36m[Knote: [m[Kcandidate: â€˜[01m[KPointMatcher<T>::DataPoints::DataPoints(const Matrix&, const PointMatcher<T>::DataPoints::Labels&) [with T = float; PointMatcher<T>::Matrix = Eigen::Matrix<float, -1, -1>][m[Kâ€™
[4.217s]   261 |                 [01;36m[KDataPoints[m[K(const Matrix& features, const Labels& featureLabels);
[4.217s]       |                 [01;36m[K^~~~~~~~~~[m[K
[4.217s] [01m[K/usr/local/include/pointmatcher/PointMatcher.h:261:42:[m[K [01;36m[Knote: [m[K  no known conversion for argument 1 from â€˜[01m[KPointMatcher<float>::DataPoints::Labels[m[Kâ€™ to â€˜[01m[Kconst Matrix&[m[Kâ€™ {aka â€˜[01m[Kconst Eigen::Matrix<float, -1, -1>&[m[Kâ€™}
[4.217s]   261 |                 DataPoints([01;36m[Kconst Matrix& features[m[K, const Labels& featureLabels);
[4.217s]       |                            [01;36m[K~~~~~~~~~~~~~~^~~~~~~~[m[K
[4.217s] [01m[K/usr/local/include/pointmatcher/PointMatcher.h:258:17:[m[K [01;36m[Knote: [m[Kcandidate: â€˜[01m[KPointMatcher<T>::DataPoints::DataPoints(const PointMatcher<T>::DataPoints::Labels&, const PointMatcher<T>::DataPoints::Labels&, const PointMatcher<T>::DataPoints::Labels&, size_t) [with T = float; size_t = long unsigned int][m[Kâ€™
[4.217s]   258 |                 [01;36m[KDataPoints[m[K(const Labels& featureLabels, const Labels& descriptorLabels, const Labels& timeLabels, const size_t pointCount);
[4.217s]       |                 [01;36m[K^~~~~~~~~~[m[K
[4.217s] [01m[K/usr/local/include/pointmatcher/PointMatcher.h:258:17:[m[K [01;36m[Knote: [m[K  candidate expects 4 arguments, 2 provided
[4.217s] [01m[K/usr/local/include/pointmatcher/PointMatcher.h:257:17:[m[K [01;36m[Knote: [m[Kcandidate: â€˜[01m[KPointMatcher<T>::DataPoints::DataPoints(const PointMatcher<T>::DataPoints::Labels&, const PointMatcher<T>::DataPoints::Labels&, size_t) [with T = float; size_t = long unsigned int][m[Kâ€™
[4.217s]   257 |                 [01;36m[KDataPoints[m[K(const Labels& featureLabels, const Labels& descriptorLabels, const size_t pointCount);
[4.217s]       |                 [01;36m[K^~~~~~~~~~[m[K
[4.217s] [01m[K/usr/local/include/pointmatcher/PointMatcher.h:257:17:[m[K [01;36m[Knote: [m[K  candidate expects 3 arguments, 2 provided
[4.217s] [01m[K/usr/local/include/pointmatcher/PointMatcher.h:256:17:[m[K [01;36m[Knote: [m[Kcandidate: â€˜[01m[KPointMatcher<T>::DataPoints::DataPoints() [with T = float][m[Kâ€™
[4.217s]   256 |                 [01;36m[KDataPoints[m[K();
[4.217s]       |                 [01;36m[K^~~~~~~~~~[m[K
[4.217s] [01m[K/usr/local/include/pointmatcher/PointMatcher.h:256:17:[m[K [01;36m[Knote: [m[K  candidate expects 0 arguments, 2 provided
[4.217s] [01m[K/usr/local/include/pointmatcher/PointMatcher.h:207:16:[m[K [01;36m[Knote: [m[Kcandidate: â€˜[01m[KPointMatcher<float>::DataPoints::DataPoints(const PointMatcher<float>::DataPoints&)[m[Kâ€™
[4.217s]   207 |         struct [01;36m[KDataPoints[m[K
[4.217s]       |                [01;36m[K^~~~~~~~~~[m[K
[4.217s] [01m[K/usr/local/include/pointmatcher/PointMatcher.h:207:16:[m[K [01;36m[Knote: [m[K  candidate expects 1 argument, 2 provided
[4.217s] [01m[K/usr/local/include/pointmatcher/PointMatcher.h:207:16:[m[K [01;36m[Knote: [m[Kcandidate: â€˜[01m[KPointMatcher<float>::DataPoints::DataPoints(PointMatcher<float>::DataPoints&&)[m[Kâ€™
[4.218s] [01m[K/usr/local/include/pointmatcher/PointMatcher.h:207:16:[m[K [01;36m[Knote: [m[K  candidate expects 1 argument, 2 provided
[6.871s] gmake[2]: *** [CMakeFiles/icp_node.dir/build.make:76: CMakeFiles/icp_node.dir/src/icp_node.cpp.o] Error 1
[6.871s] gmake[1]: *** [CMakeFiles/Makefile2:168: CMakeFiles/icp_node.dir/all] Error 2
[6.872s] gmake: *** [Makefile:146: all] Error 2
[6.875s] Invoked command in '/home/sarthak/precise_docking_ws/build/frontend' returned '2': CMAKE_PREFIX_PATH=${CMAKE_PREFIX_PATH}:/home/sarthak/precise_docking_ws/install/template_ros2:/home/sarthak/precise_docking_ws/install/reach_the_goal:/home/sarthak/precise_docking_ws/install/arcuo_marker_detection:/opt/ros/humble /usr/bin/cmake --build /home/sarthak/precise_docking_ws/build/frontend -- -j20 -l20
