[0.000000] (-) TimerEvent: {}
[0.000337] (arcuo_marker_detection) JobQueued: {'identifier': 'arcuo_marker_detection', 'dependencies': OrderedDict()}
[0.000358] (frontend) JobQueued: {'identifier': 'frontend', 'dependencies': OrderedDict()}
[0.000368] (reach_the_goal) JobQueued: {'identifier': 'reach_the_goal', 'dependencies': OrderedDict()}
[0.000377] (teleop_cpp_ros2) JobQueued: {'identifier': 'teleop_cpp_ros2', 'dependencies': OrderedDict()}
[0.000385] (template_ros2) JobQueued: {'identifier': 'template_ros2', 'dependencies': OrderedDict()}
[0.000394] (docking_bringup) JobQueued: {'identifier': 'docking_bringup', 'dependencies': OrderedDict([('arcuo_marker_detection', '/home/sarthak/precise_docking_ws/install/arcuo_marker_detection')])}
[0.000405] (arcuo_marker_detection) JobStarted: {'identifier': 'arcuo_marker_detection'}
[0.008376] (frontend) JobStarted: {'identifier': 'frontend'}
[0.011031] (reach_the_goal) JobStarted: {'identifier': 'reach_the_goal'}
[0.015059] (teleop_cpp_ros2) JobStarted: {'identifier': 'teleop_cpp_ros2'}
[0.017825] (template_ros2) JobStarted: {'identifier': 'template_ros2'}
[0.099574] (-) TimerEvent: {}
[0.199897] (-) TimerEvent: {}
[0.235898] (frontend) JobProgress: {'identifier': 'frontend', 'progress': 'cmake'}
[0.236184] (frontend) Command: {'cmd': ['/usr/bin/cmake', '/home/sarthak/precise_docking_ws/src/frontend', '-DCMAKE_INSTALL_PREFIX=/home/sarthak/precise_docking_ws/install/frontend'], 'cwd': '/home/sarthak/precise_docking_ws/build/frontend', 'env': OrderedDict([('GJS_DEBUG_TOPICS', 'JS ERROR;JS LOG'), ('LESSOPEN', '| /usr/bin/lesspipe %s'), ('USER', 'sarthak'), ('LC_TIME', 'nl_NL.UTF-8'), ('XDG_SESSION_TYPE', 'x11'), ('SHLVL', '1'), ('LD_LIBRARY_PATH', '/home/sarthak/precise_docking_ws/install/norlab_icp_mapper_ros/lib:/home/sarthak/precise_docking_ws/install/libpointmatcher_ros/lib:/opt/ros/humble/opt/rviz_ogre_vendor/lib:/opt/ros/humble/lib/x86_64-linux-gnu:/opt/ros/humble/lib'), ('HOME', '/home/sarthak'), ('OLDPWD', '/home/sarthak'), ('DESKTOP_SESSION', 'ubuntu'), ('GIO_LAUNCHED_DESKTOP_FILE', '/usr/share/applications/terminator.desktop'), ('ROS_PYTHON_VERSION', '3'), ('GNOME_SHELL_SESSION_MODE', 'ubuntu'), ('GTK_MODULES', 'gail:atk-bridge'), ('LC_MONETARY', 'nl_NL.UTF-8'), ('MANAGERPID', '2650'), ('SYSTEMD_EXEC_PID', '3297'), ('DBUS_SESSION_BUS_ADDRESS', 'unix:path=/run/user/1000/bus'), ('COLORTERM', 'truecolor'), ('TERMINATOR_DBUS_NAME', 'net.tenshu.Terminator23558193cd9818af7fe4d2c2f5bd9d00f'), ('GIO_LAUNCHED_DESKTOP_FILE_PID', '6602'), ('COLCON_PREFIX_PATH', '/home/sarthak/precise_docking_ws/install'), ('ROS_DISTRO', 'humble'), ('GTK_IM_MODULE', 'ibus'), ('LOGNAME', 'sarthak'), ('JOURNAL_STREAM', '8:2708'), ('_', '/home/sarthak/.local/bin/colcon'), ('ROS_VERSION', '2'), ('PKG_CONFIG_PATH', '/home/sarthak/precise_docking_ws/install/norlab_icp_mapper/lib/x86_64-linux-gnu/pkgconfig:/home/sarthak/precise_docking_ws/install/norlab_icp_mapper/lib/pkgconfig'), ('XDG_SESSION_CLASS', 'user'), ('USERNAME', 'sarthak'), ('TERM', 'xterm-256color'), ('GNOME_DESKTOP_SESSION_ID', 'this-is-deprecated'), ('ROS_LOCALHOST_ONLY', '0'), ('WINDOWPATH', '2'), ('PATH', '/opt/ros/humble/bin:/home/sarthak/.local/bin:/usr/local/sbin:/usr/local/bin:/usr/sbin:/usr/bin:/sbin:/bin:/usr/games:/usr/local/games:/snap/bin:/snap/bin'), ('SESSION_MANAGER', 'local/sarthak-Inspiron-14-Plus-7430:@/tmp/.ICE-unix/3248,unix/sarthak-Inspiron-14-Plus-7430:/tmp/.ICE-unix/3248'), ('INVOCATION_ID', '6496fbdcecb9461ca1b597809726e8d3'), ('XDG_MENU_PREFIX', 'gnome-'), ('LC_ADDRESS', 'nl_NL.UTF-8'), ('XDG_RUNTIME_DIR', '/run/user/1000'), ('DISPLAY', ':1'), ('TERMINATOR_DBUS_PATH', '/net/tenshu/Terminator2'), ('LANG', 'en_US.UTF-8'), ('XDG_CURRENT_DESKTOP', 'ubuntu:GNOME'), ('IBUS_DISABLE_SNOOPER', '1'), ('LC_TELEPHONE', 'nl_NL.UTF-8'), ('XMODIFIERS', '@im=ibus'), ('XDG_SESSION_DESKTOP', 'ubuntu'), ('XAUTHORITY', '/run/user/1000/gdm/Xauthority'), ('LS_COLORS', 'rs=0:di=01;34:ln=01;36:mh=00:pi=40;33:so=01;35:do=01;35:bd=40;33;01:cd=40;33;01:or=40;31;01:mi=00:su=37;41:sg=30;43:ca=30;41:tw=30;42:ow=34;42:st=37;44:ex=01;32:*.tar=01;31:*.tgz=01;31:*.arc=01;31:*.arj=01;31:*.taz=01;31:*.lha=01;31:*.lz4=01;31:*.lzh=01;31:*.lzma=01;31:*.tlz=01;31:*.txz=01;31:*.tzo=01;31:*.t7z=01;31:*.zip=01;31:*.z=01;31:*.dz=01;31:*.gz=01;31:*.lrz=01;31:*.lz=01;31:*.lzo=01;31:*.xz=01;31:*.zst=01;31:*.tzst=01;31:*.bz2=01;31:*.bz=01;31:*.tbz=01;31:*.tbz2=01;31:*.tz=01;31:*.deb=01;31:*.rpm=01;31:*.jar=01;31:*.war=01;31:*.ear=01;31:*.sar=01;31:*.rar=01;31:*.alz=01;31:*.ace=01;31:*.zoo=01;31:*.cpio=01;31:*.7z=01;31:*.rz=01;31:*.cab=01;31:*.wim=01;31:*.swm=01;31:*.dwm=01;31:*.esd=01;31:*.jpg=01;35:*.jpeg=01;35:*.mjpg=01;35:*.mjpeg=01;35:*.gif=01;35:*.bmp=01;35:*.pbm=01;35:*.pgm=01;35:*.ppm=01;35:*.tga=01;35:*.xbm=01;35:*.xpm=01;35:*.tif=01;35:*.tiff=01;35:*.png=01;35:*.svg=01;35:*.svgz=01;35:*.mng=01;35:*.pcx=01;35:*.mov=01;35:*.mpg=01;35:*.mpeg=01;35:*.m2v=01;35:*.mkv=01;35:*.webm=01;35:*.webp=01;35:*.ogm=01;35:*.mp4=01;35:*.m4v=01;35:*.mp4v=01;35:*.vob=01;35:*.qt=01;35:*.nuv=01;35:*.wmv=01;35:*.asf=01;35:*.rm=01;35:*.rmvb=01;35:*.flc=01;35:*.avi=01;35:*.fli=01;35:*.flv=01;35:*.gl=01;35:*.dl=01;35:*.xcf=01;35:*.xwd=01;35:*.yuv=01;35:*.cgm=01;35:*.emf=01;35:*.ogv=01;35:*.ogx=01;35:*.aac=00;36:*.au=00;36:*.flac=00;36:*.m4a=00;36:*.mid=00;36:*.midi=00;36:*.mka=00;36:*.mp3=00;36:*.mpc=00;36:*.ogg=00;36:*.ra=00;36:*.wav=00;36:*.oga=00;36:*.opus=00;36:*.spx=00;36:*.xspf=00;36:'), ('SSH_AGENT_LAUNCHER', 'gnome-keyring'), ('SSH_AUTH_SOCK', '/run/user/1000/keyring/ssh'), ('AMENT_PREFIX_PATH', '/home/sarthak/precise_docking_ws/install/template_ros2:/home/sarthak/precise_docking_ws/install/teleop_cpp_ros2:/home/sarthak/precise_docking_ws/install/reach_the_goal:/home/sarthak/precise_docking_ws/install/norlab_icp_mapper_ros:/home/sarthak/precise_docking_ws/install/libpointmatcher_ros:/home/sarthak/precise_docking_ws/install/frontend:/home/sarthak/precise_docking_ws/install/docking_bringup:/home/sarthak/precise_docking_ws/install/arcuo_marker_detection:/opt/ros/humble'), ('ROS_DOMAIN_ID', '41'), ('SHELL', '/bin/bash'), ('LC_NAME', 'nl_NL.UTF-8'), ('TERMINATOR_UUID', 'urn:uuid:9f1cd0ba-8eea-4fd8-9719-9263996770bb'), ('QT_ACCESSIBILITY', '1'), ('GDMSESSION', 'ubuntu'), ('LESSCLOSE', '/usr/bin/lesspipe %s %s'), ('LC_MEASUREMENT', 'nl_NL.UTF-8'), ('GPG_AGENT_INFO', '/run/user/1000/gnupg/S.gpg-agent:0:1'), ('GJS_DEBUG_OUTPUT', 'stderr'), ('LC_IDENTIFICATION', 'nl_NL.UTF-8'), ('QT_IM_MODULE', 'ibus'), ('PWD', '/home/sarthak/precise_docking_ws/build/frontend'), ('LC_ALL', 'en_US.UTF-8'), ('XDG_CONFIG_DIRS', '/etc/xdg/xdg-ubuntu:/etc/xdg'), ('XDG_DATA_DIRS', '/usr/share/ubuntu:/usr/share/gnome:/usr/local/share/:/usr/share/:/var/lib/snapd/desktop'), ('PYTHONPATH', '/home/sarthak/precise_docking_ws/install/template_ros2/lib/python3.10/site-packages:/home/sarthak/precise_docking_ws/install/reach_the_goal/lib/python3.10/site-packages:/home/sarthak/precise_docking_ws/install/norlab_icp_mapper_ros/local/lib/python3.10/dist-packages:/home/sarthak/precise_docking_ws/install/frontend/local/lib/python3.10/dist-packages:/home/sarthak/precise_docking_ws/install/frontend/lib/python3.10/site-packages:/home/sarthak/precise_docking_ws/install/arcuo_marker_detection/lib/python3.10/site-packages:/opt/ros/humble/lib/python3.10/site-packages:/opt/ros/humble/local/lib/python3.10/dist-packages'), ('LC_NUMERIC', 'nl_NL.UTF-8'), ('LC_PAPER', 'nl_NL.UTF-8'), ('COLCON', '1'), ('VTE_VERSION', '6800'), ('CMAKE_PREFIX_PATH', '/home/sarthak/precise_docking_ws/install/teleop_cpp_ros2:/home/sarthak/precise_docking_ws/install/norlab_icp_mapper_ros:/home/sarthak/precise_docking_ws/install/norlab_icp_mapper:/home/sarthak/precise_docking_ws/install/libpointmatcher_ros:/home/sarthak/precise_docking_ws/install/frontend:/home/sarthak/precise_docking_ws/install/docking_bringup:/home/sarthak/precise_docking_ws/install/template_ros2:/home/sarthak/precise_docking_ws/install/reach_the_goal:/home/sarthak/precise_docking_ws/install/arcuo_marker_detection:/opt/ros/humble')]), 'shell': False}
[0.300017] (-) TimerEvent: {}
[0.400298] (-) TimerEvent: {}
[0.456479] (teleop_cpp_ros2) JobProgress: {'identifier': 'teleop_cpp_ros2', 'progress': 'cmake'}
[0.456694] (teleop_cpp_ros2) Command: {'cmd': ['/usr/bin/cmake', '/home/sarthak/precise_docking_ws/src/teleop_cpp_ros2', '-DCMAKE_INSTALL_PREFIX=/home/sarthak/precise_docking_ws/install/teleop_cpp_ros2'], 'cwd': '/home/sarthak/precise_docking_ws/build/teleop_cpp_ros2', 'env': OrderedDict([('GJS_DEBUG_TOPICS', 'JS ERROR;JS LOG'), ('LESSOPEN', '| /usr/bin/lesspipe %s'), ('USER', 'sarthak'), ('LC_TIME', 'nl_NL.UTF-8'), ('XDG_SESSION_TYPE', 'x11'), ('SHLVL', '1'), ('LD_LIBRARY_PATH', '/home/sarthak/precise_docking_ws/install/norlab_icp_mapper_ros/lib:/home/sarthak/precise_docking_ws/install/libpointmatcher_ros/lib:/opt/ros/humble/opt/rviz_ogre_vendor/lib:/opt/ros/humble/lib/x86_64-linux-gnu:/opt/ros/humble/lib'), ('HOME', '/home/sarthak'), ('OLDPWD', '/home/sarthak'), ('DESKTOP_SESSION', 'ubuntu'), ('GIO_LAUNCHED_DESKTOP_FILE', '/usr/share/applications/terminator.desktop'), ('ROS_PYTHON_VERSION', '3'), ('GNOME_SHELL_SESSION_MODE', 'ubuntu'), ('GTK_MODULES', 'gail:atk-bridge'), ('LC_MONETARY', 'nl_NL.UTF-8'), ('MANAGERPID', '2650'), ('SYSTEMD_EXEC_PID', '3297'), ('DBUS_SESSION_BUS_ADDRESS', 'unix:path=/run/user/1000/bus'), ('COLORTERM', 'truecolor'), ('TERMINATOR_DBUS_NAME', 'net.tenshu.Terminator23558193cd9818af7fe4d2c2f5bd9d00f'), ('GIO_LAUNCHED_DESKTOP_FILE_PID', '6602'), ('COLCON_PREFIX_PATH', '/home/sarthak/precise_docking_ws/install'), ('ROS_DISTRO', 'humble'), ('GTK_IM_MODULE', 'ibus'), ('LOGNAME', 'sarthak'), ('JOURNAL_STREAM', '8:2708'), ('_', '/home/sarthak/.local/bin/colcon'), ('ROS_VERSION', '2'), ('PKG_CONFIG_PATH', '/home/sarthak/precise_docking_ws/install/norlab_icp_mapper/lib/x86_64-linux-gnu/pkgconfig:/home/sarthak/precise_docking_ws/install/norlab_icp_mapper/lib/pkgconfig'), ('XDG_SESSION_CLASS', 'user'), ('USERNAME', 'sarthak'), ('TERM', 'xterm-256color'), ('GNOME_DESKTOP_SESSION_ID', 'this-is-deprecated'), ('ROS_LOCALHOST_ONLY', '0'), ('WINDOWPATH', '2'), ('PATH', '/opt/ros/humble/bin:/home/sarthak/.local/bin:/usr/local/sbin:/usr/local/bin:/usr/sbin:/usr/bin:/sbin:/bin:/usr/games:/usr/local/games:/snap/bin:/snap/bin'), ('SESSION_MANAGER', 'local/sarthak-Inspiron-14-Plus-7430:@/tmp/.ICE-unix/3248,unix/sarthak-Inspiron-14-Plus-7430:/tmp/.ICE-unix/3248'), ('INVOCATION_ID', '6496fbdcecb9461ca1b597809726e8d3'), ('XDG_MENU_PREFIX', 'gnome-'), ('LC_ADDRESS', 'nl_NL.UTF-8'), ('XDG_RUNTIME_DIR', '/run/user/1000'), ('DISPLAY', ':1'), ('TERMINATOR_DBUS_PATH', '/net/tenshu/Terminator2'), ('LANG', 'en_US.UTF-8'), ('XDG_CURRENT_DESKTOP', 'ubuntu:GNOME'), ('IBUS_DISABLE_SNOOPER', '1'), ('LC_TELEPHONE', 'nl_NL.UTF-8'), ('XMODIFIERS', '@im=ibus'), ('XDG_SESSION_DESKTOP', 'ubuntu'), ('XAUTHORITY', '/run/user/1000/gdm/Xauthority'), ('LS_COLORS', 'rs=0:di=01;34:ln=01;36:mh=00:pi=40;33:so=01;35:do=01;35:bd=40;33;01:cd=40;33;01:or=40;31;01:mi=00:su=37;41:sg=30;43:ca=30;41:tw=30;42:ow=34;42:st=37;44:ex=01;32:*.tar=01;31:*.tgz=01;31:*.arc=01;31:*.arj=01;31:*.taz=01;31:*.lha=01;31:*.lz4=01;31:*.lzh=01;31:*.lzma=01;31:*.tlz=01;31:*.txz=01;31:*.tzo=01;31:*.t7z=01;31:*.zip=01;31:*.z=01;31:*.dz=01;31:*.gz=01;31:*.lrz=01;31:*.lz=01;31:*.lzo=01;31:*.xz=01;31:*.zst=01;31:*.tzst=01;31:*.bz2=01;31:*.bz=01;31:*.tbz=01;31:*.tbz2=01;31:*.tz=01;31:*.deb=01;31:*.rpm=01;31:*.jar=01;31:*.war=01;31:*.ear=01;31:*.sar=01;31:*.rar=01;31:*.alz=01;31:*.ace=01;31:*.zoo=01;31:*.cpio=01;31:*.7z=01;31:*.rz=01;31:*.cab=01;31:*.wim=01;31:*.swm=01;31:*.dwm=01;31:*.esd=01;31:*.jpg=01;35:*.jpeg=01;35:*.mjpg=01;35:*.mjpeg=01;35:*.gif=01;35:*.bmp=01;35:*.pbm=01;35:*.pgm=01;35:*.ppm=01;35:*.tga=01;35:*.xbm=01;35:*.xpm=01;35:*.tif=01;35:*.tiff=01;35:*.png=01;35:*.svg=01;35:*.svgz=01;35:*.mng=01;35:*.pcx=01;35:*.mov=01;35:*.mpg=01;35:*.mpeg=01;35:*.m2v=01;35:*.mkv=01;35:*.webm=01;35:*.webp=01;35:*.ogm=01;35:*.mp4=01;35:*.m4v=01;35:*.mp4v=01;35:*.vob=01;35:*.qt=01;35:*.nuv=01;35:*.wmv=01;35:*.asf=01;35:*.rm=01;35:*.rmvb=01;35:*.flc=01;35:*.avi=01;35:*.fli=01;35:*.flv=01;35:*.gl=01;35:*.dl=01;35:*.xcf=01;35:*.xwd=01;35:*.yuv=01;35:*.cgm=01;35:*.emf=01;35:*.ogv=01;35:*.ogx=01;35:*.aac=00;36:*.au=00;36:*.flac=00;36:*.m4a=00;36:*.mid=00;36:*.midi=00;36:*.mka=00;36:*.mp3=00;36:*.mpc=00;36:*.ogg=00;36:*.ra=00;36:*.wav=00;36:*.oga=00;36:*.opus=00;36:*.spx=00;36:*.xspf=00;36:'), ('SSH_AGENT_LAUNCHER', 'gnome-keyring'), ('SSH_AUTH_SOCK', '/run/user/1000/keyring/ssh'), ('AMENT_PREFIX_PATH', '/home/sarthak/precise_docking_ws/install/template_ros2:/home/sarthak/precise_docking_ws/install/teleop_cpp_ros2:/home/sarthak/precise_docking_ws/install/reach_the_goal:/home/sarthak/precise_docking_ws/install/norlab_icp_mapper_ros:/home/sarthak/precise_docking_ws/install/libpointmatcher_ros:/home/sarthak/precise_docking_ws/install/frontend:/home/sarthak/precise_docking_ws/install/docking_bringup:/home/sarthak/precise_docking_ws/install/arcuo_marker_detection:/opt/ros/humble'), ('ROS_DOMAIN_ID', '218'), ('SHELL', '/bin/bash'), ('LC_NAME', 'nl_NL.UTF-8'), ('TERMINATOR_UUID', 'urn:uuid:9f1cd0ba-8eea-4fd8-9719-9263996770bb'), ('QT_ACCESSIBILITY', '1'), ('GDMSESSION', 'ubuntu'), ('LESSCLOSE', '/usr/bin/lesspipe %s %s'), ('LC_MEASUREMENT', 'nl_NL.UTF-8'), ('GPG_AGENT_INFO', '/run/user/1000/gnupg/S.gpg-agent:0:1'), ('GJS_DEBUG_OUTPUT', 'stderr'), ('LC_IDENTIFICATION', 'nl_NL.UTF-8'), ('QT_IM_MODULE', 'ibus'), ('PWD', '/home/sarthak/precise_docking_ws/build/teleop_cpp_ros2'), ('LC_ALL', 'en_US.UTF-8'), ('XDG_CONFIG_DIRS', '/etc/xdg/xdg-ubuntu:/etc/xdg'), ('XDG_DATA_DIRS', '/usr/share/ubuntu:/usr/share/gnome:/usr/local/share/:/usr/share/:/var/lib/snapd/desktop'), ('PYTHONPATH', '/home/sarthak/precise_docking_ws/install/template_ros2/lib/python3.10/site-packages:/home/sarthak/precise_docking_ws/install/reach_the_goal/lib/python3.10/site-packages:/home/sarthak/precise_docking_ws/install/norlab_icp_mapper_ros/local/lib/python3.10/dist-packages:/home/sarthak/precise_docking_ws/install/frontend/local/lib/python3.10/dist-packages:/home/sarthak/precise_docking_ws/install/frontend/lib/python3.10/site-packages:/home/sarthak/precise_docking_ws/install/arcuo_marker_detection/lib/python3.10/site-packages:/opt/ros/humble/lib/python3.10/site-packages:/opt/ros/humble/local/lib/python3.10/dist-packages'), ('LC_NUMERIC', 'nl_NL.UTF-8'), ('LC_PAPER', 'nl_NL.UTF-8'), ('COLCON', '1'), ('VTE_VERSION', '6800'), ('CMAKE_PREFIX_PATH', '/home/sarthak/precise_docking_ws/install/teleop_cpp_ros2:/home/sarthak/precise_docking_ws/install/norlab_icp_mapper_ros:/home/sarthak/precise_docking_ws/install/norlab_icp_mapper:/home/sarthak/precise_docking_ws/install/libpointmatcher_ros:/home/sarthak/precise_docking_ws/install/frontend:/home/sarthak/precise_docking_ws/install/docking_bringup:/home/sarthak/precise_docking_ws/install/template_ros2:/home/sarthak/precise_docking_ws/install/reach_the_goal:/home/sarthak/precise_docking_ws/install/arcuo_marker_detection:/opt/ros/humble')]), 'shell': False}
[0.459099] (frontend) StdoutLine: {'line': b'-- The C compiler identification is GNU 11.4.0\n'}
[0.460624] (frontend) StdoutLine: {'line': b'-- The CXX compiler identification is GNU 11.4.0\n'}
[0.461281] (frontend) StdoutLine: {'line': b'-- Detecting C compiler ABI info\n'}
[0.461334] (frontend) StdoutLine: {'line': b'-- Detecting C compiler ABI info - done\n'}
[0.461367] (frontend) StdoutLine: {'line': b'-- Check for working C compiler: /usr/bin/cc - skipped\n'}
[0.461396] (frontend) StdoutLine: {'line': b'-- Detecting C compile features\n'}
[0.461424] (frontend) StdoutLine: {'line': b'-- Detecting C compile features - done\n'}
[0.461459] (frontend) StdoutLine: {'line': b'-- Detecting CXX compiler ABI info\n'}
[0.482232] (frontend) StdoutLine: {'line': b'-- Detecting CXX compiler ABI info - done\n'}
[0.487405] (frontend) StdoutLine: {'line': b'-- Check for working CXX compiler: /usr/bin/c++ - skipped\n'}
[0.487547] (frontend) StdoutLine: {'line': b'-- Detecting CXX compile features\n'}
[0.487896] (frontend) StdoutLine: {'line': b'-- Detecting CXX compile features - done\n'}
[0.489391] (frontend) StdoutLine: {'line': b'-- Found ament_cmake: 1.3.10 (/opt/ros/humble/share/ament_cmake/cmake)\n'}
[0.500306] (teleop_cpp_ros2) StdoutLine: {'line': b'-- The C compiler identification is GNU 11.4.0\n'}
[0.500541] (-) TimerEvent: {}
[0.545563] (teleop_cpp_ros2) StdoutLine: {'line': b'-- The CXX compiler identification is GNU 11.4.0\n'}
[0.551180] (teleop_cpp_ros2) StdoutLine: {'line': b'-- Detecting C compiler ABI info\n'}
[0.600654] (-) TimerEvent: {}
[0.616377] (teleop_cpp_ros2) StdoutLine: {'line': b'-- Detecting C compiler ABI info - done\n'}
[0.621714] (teleop_cpp_ros2) StdoutLine: {'line': b'-- Check for working C compiler: /usr/bin/cc - skipped\n'}
[0.622006] (teleop_cpp_ros2) StdoutLine: {'line': b'-- Detecting C compile features\n'}
[0.622162] (teleop_cpp_ros2) StdoutLine: {'line': b'-- Detecting C compile features - done\n'}
[0.624247] (teleop_cpp_ros2) StdoutLine: {'line': b'-- Detecting CXX compiler ABI info\n'}
[0.686767] (teleop_cpp_ros2) StdoutLine: {'line': b'-- Detecting CXX compiler ABI info - done\n'}
[0.692000] (teleop_cpp_ros2) StdoutLine: {'line': b'-- Check for working CXX compiler: /usr/bin/c++ - skipped\n'}
[0.692227] (teleop_cpp_ros2) StdoutLine: {'line': b'-- Detecting CXX compile features\n'}
[0.692563] (teleop_cpp_ros2) StdoutLine: {'line': b'-- Detecting CXX compile features - done\n'}
[0.693990] (teleop_cpp_ros2) StdoutLine: {'line': b'-- Found ament_cmake: 1.3.10 (/opt/ros/humble/share/ament_cmake/cmake)\n'}
[0.700777] (-) TimerEvent: {}
[0.765344] (frontend) StdoutLine: {'line': b'-- Found Python3: /usr/bin/python3 (found version "3.10.12") found components: Interpreter \n'}
[0.801024] (-) TimerEvent: {}
[0.840685] (frontend) StdoutLine: {'line': b'-- Found sensor_msgs: 4.2.4 (/opt/ros/humble/share/sensor_msgs/cmake)\n'}
[0.863503] (frontend) StdoutLine: {'line': b'-- Found rosidl_generator_c: 3.1.5 (/opt/ros/humble/share/rosidl_generator_c/cmake)\n'}
[0.866509] (frontend) StdoutLine: {'line': b'-- Found rosidl_adapter: 3.1.5 (/opt/ros/humble/share/rosidl_adapter/cmake)\n'}
[0.871700] (frontend) StdoutLine: {'line': b'-- Found rosidl_generator_cpp: 3.1.5 (/opt/ros/humble/share/rosidl_generator_cpp/cmake)\n'}
[0.879428] (frontend) StdoutLine: {'line': b'-- Using all available rosidl_typesupport_c: rosidl_typesupport_fastrtps_c;rosidl_typesupport_introspection_c\n'}
[0.889730] (frontend) StdoutLine: {'line': b'-- Using all available rosidl_typesupport_cpp: rosidl_typesupport_fastrtps_cpp;rosidl_typesupport_introspection_cpp\n'}
[0.901144] (-) TimerEvent: {}
[0.919307] (template_ros2) StderrLine: {'line': b'Traceback (most recent call last):\n  File "/home/sarthak/.local/lib/python3.10/site-packages/colcon_core/executor/__init__.py", line 91, in __call__\n    rc = await self.task(*args, **kwargs)\n  File "/home/sarthak/.local/lib/python3.10/site-packages/colcon_core/task/__init__.py", line 93, in __call__\n    return await task_method(*args, **kwargs)\n  File "/home/sarthak/.local/lib/python3.10/site-packages/colcon_ros/task/ament_python/build.py", line 102, in build\n    return await extension.build(additional_hooks=additional_hooks)\n  File "/home/sarthak/.local/lib/python3.10/site-packages/colcon_core/task/python/build.py", line 94, in build\n    available_commands = await self._get_available_commands(\n  File "/home/sarthak/.local/lib/python3.10/site-packages/colcon_core/task/python/build.py", line 192, in _get_available_commands\n    output = await check_output(\n  File "/home/sarthak/.local/lib/python3.10/site-packages/colcon_core/subprocess.py", line 129, in check_output\n    assert not rc, f\'Expected {args} to pass: {stderr_data}\'\nAssertionError: Expected [\'/usr/bin/python3\', \'-W\', \'ignore:setup.py install is deprecated\', \'setup.py\', \'--help-commands\'] to pass: /home/sarthak/.local/lib/python3.10/site-packages/setuptools/_distutils/dist.py:261: UserWarning: Unknown distribution option: \'tests_require\'\n  warnings.warn(msg)\nTraceback (most recent call last):\n  File "/home/sarthak/precise_docking_ws/src/template_ros2/setup.py", line 5, in <module>\n    setup(\n  File "/home/sarthak/.local/lib/python3.10/site-packages/setuptools/__init__.py", line 117, in setup\n    return distutils.core.setup(**attrs)\n  File "/home/sarthak/.local/lib/python3.10/site-packages/setuptools/_distutils/core.py", line 170, in setup\n    ok = dist.parse_command_line()\n  File "/home/sarthak/.local/lib/python3.10/site-packages/setuptools/_distutils/dist.py", line 469, in parse_command_line\n    if self.handle_display_options(option_order):\n  File "/home/sarthak/.local/lib/python3.10/site-packages/setuptools/dist.py", line 926, in handle_display_options\n    return _Distribution.handle_display_options(self, option_order)\n  File "/home/sarthak/.local/lib/python3.10/site-packages/setuptools/_distutils/dist.py", line 683, in handle_display_options\n    self.print_commands()\n  File "/home/sarthak/.local/lib/python3.10/site-packages/setuptools/dist.py", line 705, in print_commands\n    cmdclass = ep.load()\n  File "/usr/lib/python3.10/importlib/metadata/__init__.py", line 171, in load\n    module = import_module(match.group(\'module\'))\n  File "/usr/lib/python3.10/importlib/__init__.py", line 126, in import_module\n    return _bootstrap._gcd_import(name[level:], package, level)\n  File "<frozen importlib._bootstrap>", line 1050, in _gcd_import\n  File "<frozen importlib._bootstrap>", line 1027, in _find_and_load\n  File "<frozen importlib._bootstrap>", line 1006, in _find_and_load_unlocked\n  File "<frozen importlib._bootstrap>", line 688, in _load_unlocked\n  File "<frozen importlib._bootstrap_external>", line 883, in exec_module\n  File "<frozen importlib._bootstrap>", line 241, in _call_with_frames_removed\n  File "/home/sarthak/.local/lib/python3.10/site-packages/sphinx/setup_command.py", line 21, in <module>\n    from sphinx.application import Sphinx\n  File "/home/sarthak/.local/lib/python3.10/site-packages/sphinx/application.py", line 31, in <module>\n    from sphinx.config import Config\n  File "/home/sarthak/.local/lib/python3.10/site-packages/sphinx/config.py", line 21, in <module>\n    from sphinx.util import logging\n  File "/home/sarthak/.local/lib/python3.10/site-packages/sphinx/util/__init__.py", line 41, in <module>\n    from sphinx.util.typing import PathMatcher\n  File "/home/sarthak/.local/lib/python3.10/site-packages/sphinx/util/typing.py", line 37, in <module>\n    from types import Union as types_Union\nImportError: cannot import name \'Union\' from \'types\' (/usr/lib/python3.10/types.py)\n\n'}
[0.919987] (template_ros2) JobEnded: {'identifier': 'template_ros2', 'rc': 1}
[0.920376] (reach_the_goal) StderrLine: {'line': b'Traceback (most recent call last):\n  File "/home/sarthak/.local/lib/python3.10/site-packages/colcon_core/executor/__init__.py", line 91, in __call__\n    rc = await self.task(*args, **kwargs)\n  File "/home/sarthak/.local/lib/python3.10/site-packages/colcon_core/task/__init__.py", line 93, in __call__\n    return await task_method(*args, **kwargs)\n  File "/home/sarthak/.local/lib/python3.10/site-packages/colcon_ros/task/ament_python/build.py", line 102, in build\n    return await extension.build(additional_hooks=additional_hooks)\n  File "/home/sarthak/.local/lib/python3.10/site-packages/colcon_core/task/python/build.py", line 94, in build\n    available_commands = await self._get_available_commands(\n  File "/home/sarthak/.local/lib/python3.10/site-packages/colcon_core/task/python/build.py", line 192, in _get_available_commands\n    output = await check_output(\n  File "/home/sarthak/.local/lib/python3.10/site-packages/colcon_core/subprocess.py", line 129, in check_output\n    assert not rc, f\'Expected {args} to pass: {stderr_data}\'\nAssertionError: Expected [\'/usr/bin/python3\', \'-W\', \'ignore:setup.py install is deprecated\', \'setup.py\', \'--help-commands\'] to pass: /home/sarthak/.local/lib/python3.10/site-packages/setuptools/_distutils/dist.py:261: UserWarning: Unknown distribution option: \'tests_require\'\n  warnings.warn(msg)\nTraceback (most recent call last):\n  File "/home/sarthak/precise_docking_ws/src/reach_the_goal/setup.py", line 5, in <module>\n    setup(\n  File "/home/sarthak/.local/lib/python3.10/site-packages/setuptools/__init__.py", line 117, in setup\n    return distutils.core.setup(**attrs)\n  File "/home/sarthak/.local/lib/python3.10/site-packages/setuptools/_distutils/core.py", line 170, in setup\n    ok = dist.parse_command_line()\n  File "/home/sarthak/.local/lib/python3.10/site-packages/setuptools/_distutils/dist.py", line 469, in parse_command_line\n    if self.handle_display_options(option_order):\n  File "/home/sarthak/.local/lib/python3.10/site-packages/setuptools/dist.py", line 926, in handle_display_options\n    return _Distribution.handle_display_options(self, option_order)\n  File "/home/sarthak/.local/lib/python3.10/site-packages/setuptools/_distutils/dist.py", line 683, in handle_display_options\n    self.print_commands()\n  File "/home/sarthak/.local/lib/python3.10/site-packages/setuptools/dist.py", line 705, in print_commands\n    cmdclass = ep.load()\n  File "/usr/lib/python3.10/importlib/metadata/__init__.py", line 171, in load\n    module = import_module(match.group(\'module\'))\n  File "/usr/lib/python3.10/importlib/__init__.py", line 126, in import_module\n    return _bootstrap._gcd_import(name[level:], package, level)\n  File "<frozen importlib._bootstrap>", line 1050, in _gcd_import\n  File "<frozen importlib._bootstrap>", line 1027, in _find_and_load\n  File "<frozen importlib._bootstrap>", line 1006, in _find_and_load_unlocked\n  File "<frozen importlib._bootstrap>", line 688, in _load_unlocked\n  File "<frozen importlib._bootstrap_external>", line 883, in exec_module\n  File "<frozen importlib._bootstrap>", line 241, in _call_with_frames_removed\n  File "/home/sarthak/.local/lib/python3.10/site-packages/sphinx/setup_command.py", line 21, in <module>\n    from sphinx.application import Sphinx\n  File "/home/sarthak/.local/lib/python3.10/site-packages/sphinx/application.py", line 31, in <module>\n    from sphinx.config import Config\n  File "/home/sarthak/.local/lib/python3.10/site-packages/sphinx/config.py", line 21, in <module>\n    from sphinx.util import logging\n  File "/home/sarthak/.local/lib/python3.10/site-packages/sphinx/util/__init__.py", line 41, in <module>\n    from sphinx.util.typing import PathMatcher\n  File "/home/sarthak/.local/lib/python3.10/site-packages/sphinx/util/typing.py", line 37, in <module>\n    from types import Union as types_Union\nImportError: cannot import name \'Union\' from \'types\' (/usr/lib/python3.10/types.py)\n\n'}
[0.920837] (reach_the_goal) JobEnded: {'identifier': 'reach_the_goal', 'rc': 1}
[0.922771] (arcuo_marker_detection) JobEnded: {'identifier': 'arcuo_marker_detection', 'rc': 'SIGINT'}
[0.931343] (frontend) StdoutLine: {'line': b'-- Found rclcpp: 16.0.10 (/opt/ros/humble/share/rclcpp/cmake)\n'}
[0.960918] (frontend) StdoutLine: {'line': b'-- Found rmw_implementation_cmake: 6.1.2 (/opt/ros/humble/share/rmw_implementation_cmake/cmake)\n'}
[0.963508] (frontend) StdoutLine: {'line': b'-- Found rmw_fastrtps_cpp: 6.2.7 (/opt/ros/humble/share/rmw_fastrtps_cpp/cmake)\n'}
[0.985058] (teleop_cpp_ros2) StdoutLine: {'line': b'-- Found Python3: /usr/bin/python3 (found version "3.10.12") found components: Interpreter \n'}
[1.001285] (-) TimerEvent: {}
[1.046215] (frontend) StdoutLine: {'line': b'-- Found OpenSSL: /usr/lib/x86_64-linux-gnu/libcrypto.so (found version "3.0.2")  \n'}
[1.048731] (teleop_cpp_ros2) StdoutLine: {'line': b'-- Found rclcpp: 16.0.10 (/opt/ros/humble/share/rclcpp/cmake)\n'}
[1.068291] (frontend) StdoutLine: {'line': b'-- Found FastRTPS: /opt/ros/humble/include  \n'}
[1.075802] (teleop_cpp_ros2) StdoutLine: {'line': b'-- Found rosidl_generator_c: 3.1.5 (/opt/ros/humble/share/rosidl_generator_c/cmake)\n'}
[1.078872] (teleop_cpp_ros2) StdoutLine: {'line': b'-- Found rosidl_adapter: 3.1.5 (/opt/ros/humble/share/rosidl_adapter/cmake)\n'}
[1.084014] (teleop_cpp_ros2) StdoutLine: {'line': b'-- Found rosidl_generator_cpp: 3.1.5 (/opt/ros/humble/share/rosidl_generator_cpp/cmake)\n'}
[1.091597] (teleop_cpp_ros2) StdoutLine: {'line': b'-- Using all available rosidl_typesupport_c: rosidl_typesupport_fastrtps_c;rosidl_typesupport_introspection_c\n'}
[1.099196] (frontend) StdoutLine: {'line': b"-- Using RMW implementation 'rmw_fastrtps_cpp' as default\n"}
[1.101463] (-) TimerEvent: {}
[1.101755] (teleop_cpp_ros2) StdoutLine: {'line': b'-- Using all available rosidl_typesupport_cpp: rosidl_typesupport_fastrtps_cpp;rosidl_typesupport_introspection_cpp\n'}
[1.105772] (frontend) StdoutLine: {'line': b'-- Looking for pthread.h\n'}
[1.129410] (teleop_cpp_ros2) StdoutLine: {'line': b'-- Found rmw_implementation_cmake: 6.1.2 (/opt/ros/humble/share/rmw_implementation_cmake/cmake)\n'}
[1.131122] (teleop_cpp_ros2) StdoutLine: {'line': b'-- Found rmw_fastrtps_cpp: 6.2.7 (/opt/ros/humble/share/rmw_fastrtps_cpp/cmake)\n'}
[1.166666] (frontend) StdoutLine: {'line': b'-- Looking for pthread.h - found\n'}
[1.166863] (frontend) StdoutLine: {'line': b'-- Performing Test CMAKE_HAVE_LIBC_PTHREAD\n'}
[1.201608] (-) TimerEvent: {}
[1.208858] (teleop_cpp_ros2) StdoutLine: {'line': b'-- Found OpenSSL: /usr/lib/x86_64-linux-gnu/libcrypto.so (found version "3.0.2")  \n'}
[1.232806] (frontend) StdoutLine: {'line': b'-- Performing Test CMAKE_HAVE_LIBC_PTHREAD - Success\n'}
[1.233313] (teleop_cpp_ros2) StdoutLine: {'line': b'-- Found FastRTPS: /opt/ros/humble/include  \n'}
[1.234315] (frontend) StdoutLine: {'line': b'-- Found Threads: TRUE  \n'}
[1.267291] (frontend) StdoutLine: {'line': b'-- Found rclpy: 3.3.14 (/opt/ros/humble/share/rclpy/cmake)\n'}
[1.267983] (teleop_cpp_ros2) StdoutLine: {'line': b"-- Using RMW implementation 'rmw_fastrtps_cpp' as default\n"}
[1.273439] (teleop_cpp_ros2) StdoutLine: {'line': b'-- Looking for pthread.h\n'}
[1.294182] (frontend) StdoutLine: {'line': b'-- Found Boost: /usr/lib/x86_64-linux-gnu/cmake/Boost-1.74.0/BoostConfig.cmake (found version "1.74.0") found components: thread filesystem system program_options date_time \n'}
[1.301739] (-) TimerEvent: {}
[1.305995] (frontend) StdoutLine: {'line': b'-- Found Boost: /usr/lib/x86_64-linux-gnu/cmake/Boost-1.74.0/BoostConfig.cmake (found version "1.74.0") found components: thread filesystem system program_options date_time chrono \n'}
[1.310387] (frontend) StdoutLine: {'line': b'-- Found nav_msgs: 4.2.4 (/opt/ros/humble/share/nav_msgs/cmake)\n'}
[1.327446] (frontend) StdoutLine: {'line': b'-- Found tf2_ros: 0.25.7 (/opt/ros/humble/share/tf2_ros/cmake)\n'}
[1.340848] (teleop_cpp_ros2) StdoutLine: {'line': b'-- Looking for pthread.h - found\n'}
[1.341338] (teleop_cpp_ros2) StdoutLine: {'line': b'-- Performing Test CMAKE_HAVE_LIBC_PTHREAD\n'}
[1.401976] (-) TimerEvent: {}
[1.409390] (teleop_cpp_ros2) StdoutLine: {'line': b'-- Performing Test CMAKE_HAVE_LIBC_PTHREAD - Success\n'}
[1.410536] (teleop_cpp_ros2) StdoutLine: {'line': b'-- Found Threads: TRUE  \n'}
[1.417295] (frontend) StdoutLine: {'line': b'-- Found tf2_geometry_msgs: 0.25.7 (/opt/ros/humble/share/tf2_geometry_msgs/cmake)\n'}
[1.426625] (frontend) StdoutLine: {'line': b'-- Found eigen3_cmake_module: 0.1.1 (/opt/ros/humble/share/eigen3_cmake_module/cmake)\n'}
[1.427782] (frontend) StdoutLine: {'line': b'-- Found Eigen3: TRUE (found version "3.4.0") \n'}
[1.427883] (frontend) StdoutLine: {'line': b'-- Ensuring Eigen3 include directory is part of orocos-kdl CMake target\n'}
[1.444330] (teleop_cpp_ros2) StdoutLine: {'line': b'-- Found geometry_msgs: 4.2.4 (/opt/ros/humble/share/geometry_msgs/cmake)\n'}
[1.453510] (teleop_cpp_ros2) StdoutLine: {'line': b'-- Found ament_lint_auto: 0.12.11 (/opt/ros/humble/share/ament_lint_auto/cmake)\n'}
[1.502093] (-) TimerEvent: {}
[1.522216] (teleop_cpp_ros2) StdoutLine: {'line': b"-- Added test 'copyright' to check source files copyright and LICENSE\n"}
[1.524382] (teleop_cpp_ros2) StdoutLine: {'line': b"-- Added test 'cppcheck' to perform static code analysis on C / C++ code\n"}
[1.524546] (teleop_cpp_ros2) StdoutLine: {'line': b'-- Configured cppcheck include dirs: /home/sarthak/precise_docking_ws/src/teleop_cpp_ros2/include\n'}
[1.524638] (teleop_cpp_ros2) StdoutLine: {'line': b'-- Configured cppcheck exclude dirs and/or files: \n'}
[1.527768] (teleop_cpp_ros2) StdoutLine: {'line': b"-- Added test 'cpplint' to check C / C++ code against the Google style\n"}
[1.527906] (teleop_cpp_ros2) StdoutLine: {'line': b'-- Configured cpplint exclude dirs and/or files: \n'}
[1.528821] (teleop_cpp_ros2) StdoutLine: {'line': b"-- Added test 'lint_cmake' to check CMake code style\n"}
[1.530516] (teleop_cpp_ros2) StdoutLine: {'line': b"-- Added test 'uncrustify' to check C / C++ code style\n"}
[1.530649] (teleop_cpp_ros2) StdoutLine: {'line': b'-- Configured uncrustify additional arguments: \n'}
[1.531052] (teleop_cpp_ros2) StdoutLine: {'line': b"-- Added test 'xmllint' to check XML markup files\n"}
[1.531994] (teleop_cpp_ros2) StdoutLine: {'line': b'-- Configuring done\n'}
[1.537762] (teleop_cpp_ros2) StdoutLine: {'line': b'-- Generating done\n'}
[1.538818] (teleop_cpp_ros2) StdoutLine: {'line': b'-- Build files have been written to: /home/sarthak/precise_docking_ws/build/teleop_cpp_ros2\n'}
[1.547483] (teleop_cpp_ros2) JobEnded: {'identifier': 'teleop_cpp_ros2', 'rc': 'SIGINT'}
[1.602234] (-) TimerEvent: {}
[1.702556] (-) TimerEvent: {}
[1.802903] (-) TimerEvent: {}
[1.903287] (-) TimerEvent: {}
[2.003622] (-) TimerEvent: {}
[2.093843] (frontend) StdoutLine: {'line': b'-- Found Python3: /usr/include/python3.10 (found version "3.10.12") found components: Development Development.Module Development.Embed \n'}
[2.096075] (frontend) StdoutLine: {'line': b'-- Found tf2_sensor_msgs: 0.25.7 (/opt/ros/humble/share/tf2_sensor_msgs/cmake)\n'}
[2.103732] (-) TimerEvent: {}
[2.204100] (-) TimerEvent: {}
[2.212295] (frontend) StdoutLine: {'line': b'-- Configuring done\n'}
[2.224726] (frontend) StdoutLine: {'line': b'-- Generating done\n'}
[2.226200] (frontend) StdoutLine: {'line': b'-- Build files have been written to: /home/sarthak/precise_docking_ws/build/frontend\n'}
[2.235383] (frontend) JobEnded: {'identifier': 'frontend', 'rc': 'SIGINT'}
[2.245843] (docking_bringup) JobSkipped: {'identifier': 'docking_bringup'}
[2.245894] (-) EventReactorShutdown: {}
