[0.009s] Invoking command in '/home/sarthak/precise_docking_ws/build/frontend': CMAKE_PREFIX_PATH=${CMAKE_PREFIX_PATH}:/home/sarthak/precise_docking_ws/install/template_ros2:/home/sarthak/precise_docking_ws/install/reach_the_goal:/home/sarthak/precise_docking_ws/install/autonomous_exploration:/home/sarthak/precise_docking_ws/install/arcuo_marker_detection:/home/sarthak/precise_docking_ws/install/active_localization:/opt/ros/humble /usr/bin/cmake --build /home/sarthak/precise_docking_ws/build/frontend -- -j20 -l20
[0.069s] [ 50%] Built target cpp_executable
[0.072s] [ 50%] Built target ament_cmake_python_symlink_frontend
[0.082s] [100%] Built target icp_node
[0.280s] running egg_info
[0.292s] writing frontend.egg-info/PKG-INFO
[0.293s] writing dependency_links to frontend.egg-info/dependency_links.txt
[0.293s] writing top-level names to frontend.egg-info/top_level.txt
[0.311s] interrupted
[0.329s] gmake[2]: *** [CMakeFiles/ament_cmake_python_build_frontend_egg.dir/build.make:70: CMakeFiles/ament_cmake_python_build_frontend_egg] Interrupt
[0.329s] gmake[1]: *** [CMakeFiles/Makefile2:220: CMakeFiles/ament_cmake_python_build_frontend_egg.dir/all] Interrupt
[0.329s] gmake: *** [Makefile:146: all] Interrupt
[0.331s] Invoked command in '/home/sarthak/precise_docking_ws/build/frontend' returned '-2': CMAKE_PREFIX_PATH=${CMAKE_PREFIX_PATH}:/home/sarthak/precise_docking_ws/install/template_ros2:/home/sarthak/precise_docking_ws/install/reach_the_goal:/home/sarthak/precise_docking_ws/install/autonomous_exploration:/home/sarthak/precise_docking_ws/install/arcuo_marker_detection:/home/sarthak/precise_docking_ws/install/active_localization:/opt/ros/humble /usr/bin/cmake --build /home/sarthak/precise_docking_ws/build/frontend -- -j20 -l20
