[0.014s] Invoking command in '/home/sarthak/precise_docking_ws/build/frontend': CMAKE_PREFIX_PATH=${CMAKE_PREFIX_PATH}:/home/sarthak/precise_docking_ws/install/template_ros2:/home/sarthak/precise_docking_ws/install/reach_the_goal:/home/sarthak/precise_docking_ws/install/arcuo_marker_detection:/opt/ros/humble /usr/bin/cmake --build /home/sarthak/precise_docking_ws/build/frontend -- -j20 -l20
[0.043s] -- Found ament_cmake: 1.3.10 (/opt/ros/humble/share/ament_cmake/cmake)
[0.119s] -- Found Python3: /usr/bin/python3 (found version "3.10.12") found components: Interpreter 
[0.201s] -- Found sensor_msgs: 4.2.4 (/opt/ros/humble/share/sensor_msgs/cmake)
[0.221s] -- Found rosidl_generator_c: 3.1.5 (/opt/ros/humble/share/rosidl_generator_c/cmake)
[0.223s] -- Found rosidl_adapter: 3.1.5 (/opt/ros/humble/share/rosidl_adapter/cmake)
[0.227s] -- Found rosidl_generator_cpp: 3.1.5 (/opt/ros/humble/share/rosidl_generator_cpp/cmake)
[0.235s] -- Using all available rosidl_typesupport_c: rosidl_typesupport_fastrtps_c;rosidl_typesupport_introspection_c
[0.244s] -- Using all available rosidl_typesupport_cpp: rosidl_typesupport_fastrtps_cpp;rosidl_typesupport_introspection_cpp
[0.290s] -- Found rclcpp: 16.0.10 (/opt/ros/humble/share/rclcpp/cmake)
[0.313s] -- Found rmw_implementation_cmake: 6.1.2 (/opt/ros/humble/share/rmw_implementation_cmake/cmake)
[0.314s] -- Found rmw_fastrtps_cpp: 6.2.7 (/opt/ros/humble/share/rmw_fastrtps_cpp/cmake)
[0.417s] -- Using RMW implementation 'rmw_fastrtps_cpp' as default
[0.466s] -- Found rclpy: 3.3.14 (/opt/ros/humble/share/rclpy/cmake)
[0.480s] -- Found Boost: /usr/lib/x86_64-linux-gnu/cmake/Boost-1.74.0/BoostConfig.cmake (found version "1.74.0") found components: thread filesystem system program_options date_time 
[0.487s] -- Found Boost: /usr/lib/x86_64-linux-gnu/cmake/Boost-1.74.0/BoostConfig.cmake (found version "1.74.0") found components: thread filesystem system program_options date_time chrono 
[0.488s] -- Found nav_msgs: 4.2.4 (/opt/ros/humble/share/nav_msgs/cmake)
[0.512s] -- Found tf2_ros: 0.25.7 (/opt/ros/humble/share/tf2_ros/cmake)
[0.594s] -- Found tf2_geometry_msgs: 0.25.7 (/opt/ros/humble/share/tf2_geometry_msgs/cmake)
[0.597s] -- Found eigen3_cmake_module: 0.1.1 (/opt/ros/humble/share/eigen3_cmake_module/cmake)
[0.598s] -- Ensuring Eigen3 include directory is part of orocos-kdl CMake target
[0.690s] -- Found Python3: /usr/include/python3.10 (found version "3.10.12") found components: Development Development.Module Development.Embed 
[0.904s] -- Configuring done
[0.923s] -- Generating done
[0.925s] -- Build files have been written to: /home/sarthak/precise_docking_ws/build/frontend
[0.977s] [35m[1mConsolidate compiler generated dependencies of target cpp_executable[0m
[0.986s] [35m[1mConsolidate compiler generated dependencies of target icp_node[0m
[1.011s] [ 50%] Built target cpp_executable
[1.012s] [ 50%] Built target ament_cmake_python_copy_frontend
[1.034s] [ 75%] [32mBuilding CXX object CMakeFiles/icp_node.dir/src/icp_node.cpp.o[0m
[1.340s] running egg_info
[1.341s] writing frontend.egg-info/PKG-INFO
[1.341s] writing dependency_links to frontend.egg-info/dependency_links.txt
[1.341s] writing top-level names to frontend.egg-info/top_level.txt
[1.346s] reading manifest file 'frontend.egg-info/SOURCES.txt'
[1.346s] writing manifest file 'frontend.egg-info/SOURCES.txt'
[1.392s] [ 75%] Built target ament_cmake_python_build_frontend_egg
[6.672s] [01m[K/home/sarthak/precise_docking_ws/src/frontend/src/icp_node.cpp:[m[K In member function â€˜[01m[Kvoid ICPNode::plotPointCloud(const DP&, const string&, const string&)[m[Kâ€™:
[6.673s] [01m[K/home/sarthak/precise_docking_ws/src/frontend/src/icp_node.cpp:177:9:[m[K [01;31m[Kerror: [m[Kâ€˜[01m[Kplt[m[Kâ€™ has not been declared
[6.673s]   177 |         [01;31m[Kplt[m[K::scatter(x, y, 10.0, {{"color", color}});
[6.673s]       |         [01;31m[K^~~[m[K
[6.673s] [01m[K/home/sarthak/precise_docking_ws/src/frontend/src/icp_node.cpp:178:9:[m[K [01;31m[Kerror: [m[Kâ€˜[01m[Kplt[m[Kâ€™ has not been declared
[6.673s]   178 |         [01;31m[Kplt[m[K::title(cloud_name);
[6.673s]       |         [01;31m[K^~~[m[K
[6.673s] [01m[K/home/sarthak/precise_docking_ws/src/frontend/src/icp_node.cpp:179:9:[m[K [01;31m[Kerror: [m[Kâ€˜[01m[Kplt[m[Kâ€™ has not been declared
[6.673s]   179 |         [01;31m[Kplt[m[K::xlabel("X");
[6.673s]       |         [01;31m[K^~~[m[K
[6.673s] [01m[K/home/sarthak/precise_docking_ws/src/frontend/src/icp_node.cpp:180:9:[m[K [01;31m[Kerror: [m[Kâ€˜[01m[Kplt[m[Kâ€™ has not been declared
[6.673s]   180 |         [01;31m[Kplt[m[K::ylabel("Y");
[6.673s]       |         [01;31m[K^~~[m[K
[6.673s] [01m[K/home/sarthak/precise_docking_ws/src/frontend/src/icp_node.cpp:181:9:[m[K [01;31m[Kerror: [m[Kâ€˜[01m[Kplt[m[Kâ€™ has not been declared
[6.673s]   181 |         [01;31m[Kplt[m[K::grid(true);
[6.673s]       |         [01;31m[K^~~[m[K
[6.673s] [01m[K/home/sarthak/precise_docking_ws/src/frontend/src/icp_node.cpp:182:9:[m[K [01;31m[Kerror: [m[Kâ€˜[01m[Kplt[m[Kâ€™ has not been declared
[6.673s]   182 |         [01;31m[Kplt[m[K::pause(0.01);  // Pause to allow live updates
[6.673s]       |         [01;31m[K^~~[m[K
[6.673s] [01m[K/home/sarthak/precise_docking_ws/src/frontend/src/icp_node.cpp:183:9:[m[K [01;31m[Kerror: [m[Kâ€˜[01m[Kplt[m[Kâ€™ has not been declared
[6.673s]   183 |         [01;31m[Kplt[m[K::clf();  // Clear the plot for the next frame
[6.673s]       |         [01;31m[K^~~[m[K
[10.468s] gmake[2]: *** [CMakeFiles/icp_node.dir/build.make:76: CMakeFiles/icp_node.dir/src/icp_node.cpp.o] Error 1
[10.469s] gmake[1]: *** [CMakeFiles/Makefile2:168: CMakeFiles/icp_node.dir/all] Error 2
[10.469s] gmake: *** [Makefile:146: all] Error 2
[10.472s] Invoked command in '/home/sarthak/precise_docking_ws/build/frontend' returned '2': CMAKE_PREFIX_PATH=${CMAKE_PREFIX_PATH}:/home/sarthak/precise_docking_ws/install/template_ros2:/home/sarthak/precise_docking_ws/install/reach_the_goal:/home/sarthak/precise_docking_ws/install/arcuo_marker_detection:/opt/ros/humble /usr/bin/cmake --build /home/sarthak/precise_docking_ws/build/frontend -- -j20 -l20
