[0.019s] Invoking command in '/home/sarthak/precise_docking_ws/build/frontend': CMAKE_PREFIX_PATH=${CMAKE_PREFIX_PATH}:/home/sarthak/precise_docking_ws/install/template_ros2:/home/sarthak/precise_docking_ws/install/reach_the_goal:/home/sarthak/precise_docking_ws/install/arcuo_marker_detection:/opt/ros/humble /usr/bin/cmake --build /home/sarthak/precise_docking_ws/build/frontend -- -j20 -l20
[0.049s] -- Found ament_cmake: 1.3.10 (/opt/ros/humble/share/ament_cmake/cmake)
[0.231s] -- Found sensor_msgs: 4.2.4 (/opt/ros/humble/share/sensor_msgs/cmake)
[0.253s] -- Found rosidl_generator_c: 3.1.5 (/opt/ros/humble/share/rosidl_generator_c/cmake)
[0.255s] -- Found rosidl_adapter: 3.1.5 (/opt/ros/humble/share/rosidl_adapter/cmake)
[0.260s] -- Found rosidl_generator_cpp: 3.1.5 (/opt/ros/humble/share/rosidl_generator_cpp/cmake)
[0.268s] -- Using all available rosidl_typesupport_c: rosidl_typesupport_fastrtps_c;rosidl_typesupport_introspection_c
[0.277s] -- Using all available rosidl_typesupport_cpp: rosidl_typesupport_fastrtps_cpp;rosidl_typesupport_introspection_cpp
[0.319s] -- Found rclcpp: 16.0.10 (/opt/ros/humble/share/rclcpp/cmake)
[0.343s] -- Found rmw_implementation_cmake: 6.1.2 (/opt/ros/humble/share/rmw_implementation_cmake/cmake)
[0.344s] -- Found rmw_fastrtps_cpp: 6.2.7 (/opt/ros/humble/share/rmw_fastrtps_cpp/cmake)
[0.480s] -- Using RMW implementation 'rmw_fastrtps_cpp' as default
[0.541s] -- Found rclpy: 3.3.14 (/opt/ros/humble/share/rclpy/cmake)
[0.553s] -- Found Boost: /usr/lib/x86_64-linux-gnu/cmake/Boost-1.74.0/BoostConfig.cmake (found version "1.74.0") found components: thread filesystem system program_options date_time 
[0.562s] -- Found Boost: /usr/lib/x86_64-linux-gnu/cmake/Boost-1.74.0/BoostConfig.cmake (found version "1.74.0") found components: thread filesystem system program_options date_time chrono 
[0.565s] -- Found nav_msgs: 4.2.4 (/opt/ros/humble/share/nav_msgs/cmake)
[0.584s] -- Found tf2_ros: 0.25.7 (/opt/ros/humble/share/tf2_ros/cmake)
[0.650s] -- Found tf2_geometry_msgs: 0.25.7 (/opt/ros/humble/share/tf2_geometry_msgs/cmake)
[0.652s] -- Found eigen3_cmake_module: 0.1.1 (/opt/ros/humble/share/eigen3_cmake_module/cmake)
[0.653s] -- Ensuring Eigen3 include directory is part of orocos-kdl CMake target
[0.802s] -- Configuring done
[0.816s] -- Generating done
[0.818s] -- Build files have been written to: /home/sarthak/precise_docking_ws/build/frontend
[0.864s] [35m[1mConsolidate compiler generated dependencies of target cpp_executable[0m
[0.875s] [35m[1mConsolidate compiler generated dependencies of target icp_node[0m
[0.895s] [ 25%] [32mBuilding CXX object CMakeFiles/cpp_executable.dir/src/cpp_node.cpp.o[0m
[0.897s] [ 25%] Built target ament_cmake_python_copy_frontend
[0.920s] [ 50%] [32mBuilding CXX object CMakeFiles/icp_node.dir/src/icp_node.cpp.o[0m
[1.140s] running egg_info
[1.141s] writing frontend.egg-info/PKG-INFO
[1.141s] writing dependency_links to frontend.egg-info/dependency_links.txt
[1.141s] writing top-level names to frontend.egg-info/top_level.txt
[1.143s] reading manifest file 'frontend.egg-info/SOURCES.txt'
[1.144s] writing manifest file 'frontend.egg-info/SOURCES.txt'
[1.186s] [ 50%] Built target ament_cmake_python_build_frontend_egg
[2.027s] In file included from [01m[K/home/sarthak/precise_docking_ws/src/frontend/src/icp_node.cpp:8[m[K:
[2.027s] [01m[K/home/sarthak/precise_docking_ws/src/frontend/include/frontend/matplotlibcpp.h:5:10:[m[K [01;31m[Kfatal error: [m[KPython.h: No such file or directory
[2.027s]     5 | #include [01;31m[K<Python.h>[m[K
[2.027s]       |          [01;31m[K^~~~~~~~~~[m[K
[2.027s] compilation terminated.
[2.042s] gmake[2]: *** [CMakeFiles/icp_node.dir/build.make:76: CMakeFiles/icp_node.dir/src/icp_node.cpp.o] Error 1
[2.043s] gmake[1]: *** [CMakeFiles/Makefile2:168: CMakeFiles/icp_node.dir/all] Error 2
[2.043s] gmake[1]: *** Waiting for unfinished jobs....
[4.524s] [ 75%] [32m[1mLinking CXX executable cpp_executable[0m
[4.705s] [ 75%] Built target cpp_executable
[4.708s] gmake: *** [Makefile:146: all] Error 2
[4.714s] Invoked command in '/home/sarthak/precise_docking_ws/build/frontend' returned '2': CMAKE_PREFIX_PATH=${CMAKE_PREFIX_PATH}:/home/sarthak/precise_docking_ws/install/template_ros2:/home/sarthak/precise_docking_ws/install/reach_the_goal:/home/sarthak/precise_docking_ws/install/arcuo_marker_detection:/opt/ros/humble /usr/bin/cmake --build /home/sarthak/precise_docking_ws/build/frontend -- -j20 -l20
