[0.012s] Invoking command in '/home/sarthak/precise_docking_ws/build/frontend': CMAKE_PREFIX_PATH=${CMAKE_PREFIX_PATH}:/home/sarthak/precise_docking_ws/install/template_ros2:/home/sarthak/precise_docking_ws/install/reach_the_goal:/home/sarthak/precise_docking_ws/install/arcuo_marker_detection:/opt/ros/humble /usr/bin/cmake --build /home/sarthak/precise_docking_ws/build/frontend -- -j20 -l20
[0.045s] -- Found ament_cmake: 1.3.10 (/opt/ros/humble/share/ament_cmake/cmake)
[0.278s] -- Found sensor_msgs: 4.2.4 (/opt/ros/humble/share/sensor_msgs/cmake)
[0.317s] -- Found rosidl_generator_c: 3.1.5 (/opt/ros/humble/share/rosidl_generator_c/cmake)
[0.320s] -- Found rosidl_adapter: 3.1.5 (/opt/ros/humble/share/rosidl_adapter/cmake)
[0.331s] -- Found rosidl_generator_cpp: 3.1.5 (/opt/ros/humble/share/rosidl_generator_cpp/cmake)
[0.346s] -- Using all available rosidl_typesupport_c: rosidl_typesupport_fastrtps_c;rosidl_typesupport_introspection_c
[0.379s] -- Using all available rosidl_typesupport_cpp: rosidl_typesupport_fastrtps_cpp;rosidl_typesupport_introspection_cpp
[0.451s] -- Found rclcpp: 16.0.10 (/opt/ros/humble/share/rclcpp/cmake)
[0.494s] -- Found rmw_implementation_cmake: 6.1.2 (/opt/ros/humble/share/rmw_implementation_cmake/cmake)
[0.498s] -- Found rmw_fastrtps_cpp: 6.2.7 (/opt/ros/humble/share/rmw_fastrtps_cpp/cmake)
[0.692s] -- Using RMW implementation 'rmw_fastrtps_cpp' as default
[0.746s] -- Found rclpy: 3.3.14 (/opt/ros/humble/share/rclpy/cmake)
[0.767s] -- Found Boost: /usr/lib/x86_64-linux-gnu/cmake/Boost-1.74.0/BoostConfig.cmake (found version "1.74.0") found components: thread filesystem system program_options date_time 
[0.779s] -- Found Boost: /usr/lib/x86_64-linux-gnu/cmake/Boost-1.74.0/BoostConfig.cmake (found version "1.74.0") found components: thread filesystem system program_options date_time chrono 
[0.781s] -- Found nav_msgs: 4.2.4 (/opt/ros/humble/share/nav_msgs/cmake)
[0.798s] -- Found tf2_ros: 0.25.7 (/opt/ros/humble/share/tf2_ros/cmake)
[0.913s] -- Found tf2_geometry_msgs: 0.25.7 (/opt/ros/humble/share/tf2_geometry_msgs/cmake)
[0.915s] -- Found eigen3_cmake_module: 0.1.1 (/opt/ros/humble/share/eigen3_cmake_module/cmake)
[0.918s] -- Ensuring Eigen3 include directory is part of orocos-kdl CMake target
[1.087s] -- Configuring done
[1.103s] -- Generating done
[1.109s] -- Build files have been written to: /home/sarthak/precise_docking_ws/build/frontend
[1.170s] [35m[1mConsolidate compiler generated dependencies of target cpp_executable[0m
[1.181s] [35m[1mConsolidate compiler generated dependencies of target icp_node[0m
[1.210s] [ 50%] Built target cpp_executable
[1.223s] [ 50%] Built target ament_cmake_python_copy_frontend
[1.242s] [ 75%] [32mBuilding CXX object CMakeFiles/icp_node.dir/src/icp_node.cpp.o[0m
[1.475s] running egg_info
[1.475s] writing frontend.egg-info/PKG-INFO
[1.475s] writing dependency_links to frontend.egg-info/dependency_links.txt
[1.475s] writing top-level names to frontend.egg-info/top_level.txt
[1.479s] reading manifest file 'frontend.egg-info/SOURCES.txt'
[1.479s] writing manifest file 'frontend.egg-info/SOURCES.txt'
[1.519s] [ 75%] Built target ament_cmake_python_build_frontend_egg
[2.451s] [01m[K/home/sarthak/precise_docking_ws/src/frontend/src/icp_node.cpp:8:10:[m[K [01;31m[Kfatal error: [m[Kmatplotlibcpp.h: No such file or directory
[2.452s]     8 | #include [01;31m[K<matplotlibcpp.h>[m[K  // For plotting
[2.452s]       |          [01;31m[K^~~~~~~~~~~~~~~~~[m[K
[2.453s] compilation terminated.
[2.469s] gmake[2]: *** [CMakeFiles/icp_node.dir/build.make:76: CMakeFiles/icp_node.dir/src/icp_node.cpp.o] Error 1
[2.470s] gmake[1]: *** [CMakeFiles/Makefile2:168: CMakeFiles/icp_node.dir/all] Error 2
[2.470s] gmake: *** [Makefile:146: all] Error 2
[2.475s] Invoked command in '/home/sarthak/precise_docking_ws/build/frontend' returned '2': CMAKE_PREFIX_PATH=${CMAKE_PREFIX_PATH}:/home/sarthak/precise_docking_ws/install/template_ros2:/home/sarthak/precise_docking_ws/install/reach_the_goal:/home/sarthak/precise_docking_ws/install/arcuo_marker_detection:/opt/ros/humble /usr/bin/cmake --build /home/sarthak/precise_docking_ws/build/frontend -- -j20 -l20
