[0.016s] Invoking command in '/home/sarthak/precise_docking_ws/build/frontend': CMAKE_PREFIX_PATH=${CMAKE_PREFIX_PATH}:/home/sarthak/precise_docking_ws/install/template_ros2:/home/sarthak/precise_docking_ws/install/reach_the_goal:/home/sarthak/precise_docking_ws/install/arcuo_marker_detection:/opt/ros/humble /usr/bin/cmake --build /home/sarthak/precise_docking_ws/build/frontend -- -j20 -l20
[0.045s] -- Found ament_cmake: 1.3.10 (/opt/ros/humble/share/ament_cmake/cmake)
[0.116s] -- Found Python3: /usr/bin/python3 (found version "3.10.12") found components: Interpreter 
[0.192s] -- Found sensor_msgs: 4.2.4 (/opt/ros/humble/share/sensor_msgs/cmake)
[0.213s] -- Found rosidl_generator_c: 3.1.5 (/opt/ros/humble/share/rosidl_generator_c/cmake)
[0.214s] -- Found rosidl_adapter: 3.1.5 (/opt/ros/humble/share/rosidl_adapter/cmake)
[0.219s] -- Found rosidl_generator_cpp: 3.1.5 (/opt/ros/humble/share/rosidl_generator_cpp/cmake)
[0.226s] -- Using all available rosidl_typesupport_c: rosidl_typesupport_fastrtps_c;rosidl_typesupport_introspection_c
[0.235s] -- Using all available rosidl_typesupport_cpp: rosidl_typesupport_fastrtps_cpp;rosidl_typesupport_introspection_cpp
[0.274s] -- Found rclcpp: 16.0.10 (/opt/ros/humble/share/rclcpp/cmake)
[0.293s] -- Found rmw_implementation_cmake: 6.1.2 (/opt/ros/humble/share/rmw_implementation_cmake/cmake)
[0.296s] -- Found rmw_fastrtps_cpp: 6.2.7 (/opt/ros/humble/share/rmw_fastrtps_cpp/cmake)
[0.415s] -- Using RMW implementation 'rmw_fastrtps_cpp' as default
[0.457s] -- Found rclpy: 3.3.14 (/opt/ros/humble/share/rclpy/cmake)
[0.468s] -- Found Boost: /usr/lib/x86_64-linux-gnu/cmake/Boost-1.74.0/BoostConfig.cmake (found version "1.74.0") found components: thread filesystem system program_options date_time 
[0.474s] -- Found Boost: /usr/lib/x86_64-linux-gnu/cmake/Boost-1.74.0/BoostConfig.cmake (found version "1.74.0") found components: thread filesystem system program_options date_time chrono 
[0.475s] -- Found nav_msgs: 4.2.4 (/opt/ros/humble/share/nav_msgs/cmake)
[0.488s] -- Found tf2_ros: 0.25.7 (/opt/ros/humble/share/tf2_ros/cmake)
[0.554s] -- Found tf2_geometry_msgs: 0.25.7 (/opt/ros/humble/share/tf2_geometry_msgs/cmake)
[0.555s] -- Found eigen3_cmake_module: 0.1.1 (/opt/ros/humble/share/eigen3_cmake_module/cmake)
[0.557s] -- Ensuring Eigen3 include directory is part of orocos-kdl CMake target
[0.883s] -- Found Python3: /usr/bin/python3 (found version "3.10.12") found components: Interpreter Development NumPy Development.Module Development.Embed 
[0.955s] -- Performing Test HAS_FLTO
[1.157s] -- Performing Test HAS_FLTO - Success
[1.158s] -- Found pybind11: /usr/include (found version "2.9.1")
[1.378s] -- Configuring done
[1.399s] -- Generating done
[1.401s] -- Build files have been written to: /home/sarthak/precise_docking_ws/build/frontend
[1.454s] [35m[1mConsolidate compiler generated dependencies of target cpp_executable[0m
[1.457s] [35m[1mConsolidate compiler generated dependencies of target icp_node[0m
[1.490s] [  0%] Built target ament_cmake_python_copy_frontend
[1.496s] [ 25%] [32mBuilding CXX object CMakeFiles/cpp_executable.dir/src/cpp_node.cpp.o[0m
[1.508s] [ 50%] [32mBuilding CXX object CMakeFiles/icp_node.dir/src/icp_node.cpp.o[0m
[1.729s] running egg_info
[1.730s] writing frontend.egg-info/PKG-INFO
[1.730s] writing dependency_links to frontend.egg-info/dependency_links.txt
[1.730s] writing top-level names to frontend.egg-info/top_level.txt
[1.734s] reading manifest file 'frontend.egg-info/SOURCES.txt'
[1.734s] writing manifest file 'frontend.egg-info/SOURCES.txt'
[1.774s] [ 50%] Built target ament_cmake_python_build_frontend_egg
[2.549s] [01m[K/home/sarthak/precise_docking_ws/src/frontend/src/icp_node.cpp:8:10:[m[K [01;31m[Kfatal error: [m[Kmatplotlibcpp.h: No such file or directory
[2.550s]     8 | #include [01;31m[K<matplotlibcpp.h>[m[K  // For plotting
[2.550s]       |          [01;31m[K^~~~~~~~~~~~~~~~~[m[K
[2.550s] compilation terminated.
[2.564s] gmake[2]: *** [CMakeFiles/icp_node.dir/build.make:76: CMakeFiles/icp_node.dir/src/icp_node.cpp.o] Error 1
[2.565s] gmake[1]: *** [CMakeFiles/Makefile2:168: CMakeFiles/icp_node.dir/all] Error 2
[2.565s] gmake[1]: *** Waiting for unfinished jobs....
[4.775s] [ 75%] [32m[1mLinking CXX executable cpp_executable[0m
[4.932s] [ 75%] Built target cpp_executable
[4.933s] gmake: *** [Makefile:146: all] Error 2
[4.936s] Invoked command in '/home/sarthak/precise_docking_ws/build/frontend' returned '2': CMAKE_PREFIX_PATH=${CMAKE_PREFIX_PATH}:/home/sarthak/precise_docking_ws/install/template_ros2:/home/sarthak/precise_docking_ws/install/reach_the_goal:/home/sarthak/precise_docking_ws/install/arcuo_marker_detection:/opt/ros/humble /usr/bin/cmake --build /home/sarthak/precise_docking_ws/build/frontend -- -j20 -l20
