[0.010s] Invoking command in '/home/sarthak/precise_docking_ws/build/frontend': CMAKE_PREFIX_PATH=${CMAKE_PREFIX_PATH}:/home/sarthak/precise_docking_ws/install/template_ros2:/home/sarthak/precise_docking_ws/install/reach_the_goal:/home/sarthak/precise_docking_ws/install/arcuo_marker_detection:/opt/ros/humble /usr/bin/cmake --build /home/sarthak/precise_docking_ws/build/frontend -- -j20 -l20
[0.115s] [ 50%] Built target cpp_executable
[0.117s] [ 50%] Built target ament_cmake_python_copy_frontend
[0.140s] [ 75%] [32mBuilding CXX object CMakeFiles/icp_node.dir/src/icp_node.cpp.o[0m
[0.381s] running egg_info
[0.382s] writing frontend.egg-info/PKG-INFO
[0.382s] writing dependency_links to frontend.egg-info/dependency_links.txt
[0.382s] writing top-level names to frontend.egg-info/top_level.txt
[0.385s] reading manifest file 'frontend.egg-info/SOURCES.txt'
[0.385s] writing manifest file 'frontend.egg-info/SOURCES.txt'
[0.425s] [ 75%] Built target ament_cmake_python_build_frontend_egg
[1.251s] [01m[K/home/sarthak/precise_docking_ws/src/frontend/src/icp_node.cpp:8:10:[m[K [01;31m[Kfatal error: [m[Kmatplotlibcpp.h: No such file or directory
[1.252s]     8 | #include [01;31m[K"matplotlibcpp.h"[m[K  // Now the include path is handled by CMake
[1.252s]       |          [01;31m[K^~~~~~~~~~~~~~~~~[m[K
[1.252s] compilation terminated.
[1.260s] gmake[2]: *** [CMakeFiles/icp_node.dir/build.make:76: CMakeFiles/icp_node.dir/src/icp_node.cpp.o] Error 1
[1.261s] gmake[1]: *** [CMakeFiles/Makefile2:168: CMakeFiles/icp_node.dir/all] Error 2
[1.261s] gmake: *** [Makefile:146: all] Error 2
[1.263s] Invoked command in '/home/sarthak/precise_docking_ws/build/frontend' returned '2': CMAKE_PREFIX_PATH=${CMAKE_PREFIX_PATH}:/home/sarthak/precise_docking_ws/install/template_ros2:/home/sarthak/precise_docking_ws/install/reach_the_goal:/home/sarthak/precise_docking_ws/install/arcuo_marker_detection:/opt/ros/humble /usr/bin/cmake --build /home/sarthak/precise_docking_ws/build/frontend -- -j20 -l20
