[0.016s] Invoking command in '/home/sarthak/precise_docking_ws/build/frontend': CMAKE_PREFIX_PATH=${CMAKE_PREFIX_PATH}:/home/sarthak/precise_docking_ws/install/template_ros2:/home/sarthak/precise_docking_ws/install/reach_the_goal:/home/sarthak/precise_docking_ws/install/arcuo_marker_detection:/opt/ros/humble /usr/bin/cmake --build /home/sarthak/precise_docking_ws/build/frontend -- -j20 -l20
[0.104s] [35m[1mConsolidate compiler generated dependencies of target icp_node[0m
[0.131s] [ 50%] Built target cpp_executable
[0.136s] [ 50%] Built target ament_cmake_python_copy_frontend
[0.168s] [ 75%] [32mBuilding CXX object CMakeFiles/icp_node.dir/src/icp_node.cpp.o[0m
[0.424s] running egg_info
[0.425s] writing frontend.egg-info/PKG-INFO
[0.425s] writing dependency_links to frontend.egg-info/dependency_links.txt
[0.426s] writing top-level names to frontend.egg-info/top_level.txt
[0.431s] reading manifest file 'frontend.egg-info/SOURCES.txt'
[0.431s] writing manifest file 'frontend.egg-info/SOURCES.txt'
[0.493s] [ 75%] Built target ament_cmake_python_build_frontend_egg
[1.432s] In file included from [01m[K/home/sarthak/precise_docking_ws/src/frontend/src/icp_node.cpp:11[m[K:
[1.433s] [01m[K/opt/ros/humble/include/tf2_geometry_msgs/tf2_geometry_msgs/tf2_geometry_msgs.h:35:2:[m[K [01;35m[Kwarning: [m[K#warning This header is obsolete, please include tf2_geometry_msgs/tf2_geometry_msgs.hpp instead [[01;35m[K]8;;https://gcc.gnu.org/onlinedocs/gcc/Warning-Options.html#index-Wcpp-Wcpp]8;;[m[K]
[1.433s]    35 | #[01;35m[Kwarning[m[K This header is obsolete, please include tf2_geometry_msgs/tf2_geometry_msgs.hpp instead
[1.433s]       |  [01;35m[K^~~~~~~[m[K
[6.072s] [01m[K/home/sarthak/precise_docking_ws/src/frontend/src/icp_node.cpp:[m[K In constructor â€˜[01m[KICPNode::ICPNode()[m[Kâ€™:
[6.072s] [01m[K/home/sarthak/precise_docking_ws/src/frontend/src/icp_node.cpp:299:16:[m[K [01;35m[Kwarning: [m[Kâ€˜[01m[KICPNode::map_builder[m[Kâ€™ will be initialized after [[01;35m[K]8;;https://gcc.gnu.org/onlinedocs/gcc/Warning-Options.html#index-Wreorder-Wreorder]8;;[m[K]
[6.072s]   299 |     MapBuilder [01;35m[Kmap_builder[m[K;
[6.072s]       |                [01;35m[K^~~~~~~~~~~[m[K
[6.073s] [01m[K/home/sarthak/precise_docking_ws/src/frontend/src/icp_node.cpp:38:21:[m[K [01;35m[Kwarning: [m[K  â€˜[01m[Ktf2_ros::Buffer ICPNode::tf_buffer_[m[Kâ€™ [[01;35m[K]8;;https://gcc.gnu.org/onlinedocs/gcc/Warning-Options.html#index-Wreorder-Wreorder]8;;[m[K]
[6.073s]    38 |     tf2_ros::Buffer [01;35m[Ktf_buffer_[m[K;  // Declare TF buffer
[6.073s]       |                     [01;35m[K^~~~~~~~~~[m[K
[6.073s] [01m[K/home/sarthak/precise_docking_ws/src/frontend/src/icp_node.cpp:22:5:[m[K [01;35m[Kwarning: [m[K  when initialized here [[01;35m[K]8;;https://gcc.gnu.org/onlinedocs/gcc/Warning-Options.html#index-Wreorder-Wreorder]8;;[m[K]
[6.073s]    22 |     [01;35m[KICPNode[m[K() : Node("icp_node"), map_builder() ,tf_buffer_(this->get_clock())
[6.073s]       |     [01;35m[K^~~~~~~[m[K
[6.114s] [01m[K/home/sarthak/precise_docking_ws/src/frontend/src/icp_node.cpp:[m[K In member function â€˜[01m[Kvoid ICPNode::pointCloudCallback(sensor_msgs::msg::PointCloud2_<std::allocator<void> >::SharedPtr)[m[Kâ€™:
[6.114s] [01m[K/home/sarthak/precise_docking_ws/src/frontend/src/icp_node.cpp:104:49:[m[K [01;31m[Kerror: [m[Kâ€˜[01m[Ktransform_matrix[m[Kâ€™ was not declared in this scope; did you mean â€˜[01m[KTransformData[m[Kâ€™?
[6.114s]   104 |             Eigen::Vector4f transformed_point = [01;31m[Ktransform_matrix[m[K * point;
[6.115s]       |                                                 [01;31m[K^~~~~~~~~~~~~~~~[m[K
[6.115s]       |                                                 [32m[KTransformData[m[K
[10.117s] gmake[2]: *** [CMakeFiles/icp_node.dir/build.make:76: CMakeFiles/icp_node.dir/src/icp_node.cpp.o] Error 1
[10.117s] gmake[1]: *** [CMakeFiles/Makefile2:168: CMakeFiles/icp_node.dir/all] Error 2
[10.117s] gmake: *** [Makefile:146: all] Error 2
[10.120s] Invoked command in '/home/sarthak/precise_docking_ws/build/frontend' returned '2': CMAKE_PREFIX_PATH=${CMAKE_PREFIX_PATH}:/home/sarthak/precise_docking_ws/install/template_ros2:/home/sarthak/precise_docking_ws/install/reach_the_goal:/home/sarthak/precise_docking_ws/install/arcuo_marker_detection:/opt/ros/humble /usr/bin/cmake --build /home/sarthak/precise_docking_ws/build/frontend -- -j20 -l20
