[0.008s] Invoking command in '/home/sarthak/precise_docking_ws/build/localization_node': /usr/bin/cmake --build /home/sarthak/precise_docking_ws/build/localization_node -- -j20 -l20
[0.036s] -- Found ament_cmake: 1.3.11 (/opt/ros/humble/share/ament_cmake/cmake)
[0.084s] -- Found Python3: /usr/bin/python3 (found version "3.10.12") found components: Interpreter 
[0.135s] -- Found rclcpp: 16.0.11 (/opt/ros/humble/share/rclcpp/cmake)
[0.154s] -- Found rosidl_generator_c: 3.1.6 (/opt/ros/humble/share/rosidl_generator_c/cmake)
[0.156s] -- Found rosidl_adapter: 3.1.6 (/opt/ros/humble/share/rosidl_adapter/cmake)
[0.159s] -- Found rosidl_generator_cpp: 3.1.6 (/opt/ros/humble/share/rosidl_generator_cpp/cmake)
[0.166s] -- Using all available rosidl_typesupport_c: rosidl_typesupport_fastrtps_c;rosidl_typesupport_introspection_c
[0.174s] -- Using all available rosidl_typesupport_cpp: rosidl_typesupport_fastrtps_cpp;rosidl_typesupport_introspection_cpp
[0.194s] -- Found rmw_implementation_cmake: 6.1.2 (/opt/ros/humble/share/rmw_implementation_cmake/cmake)
[0.195s] -- Found rmw_cyclonedds_cpp: 1.3.4 (/opt/ros/humble/share/rmw_cyclonedds_cpp/cmake)
[0.207s] -- Using RMW implementation 'rmw_cyclonedds_cpp' as default
[0.238s] -- Found sensor_msgs: 4.2.4 (/opt/ros/humble/share/sensor_msgs/cmake)
[0.256s] -- Found rclpy: 3.3.15 (/opt/ros/humble/share/rclpy/cmake)
[0.256s] -- Found nav_msgs: 4.2.4 (/opt/ros/humble/share/nav_msgs/cmake)
[0.266s] -- Found tf2_ros: 0.25.9 (/opt/ros/humble/share/tf2_ros/cmake)
[0.318s] -- Found tf2_geometry_msgs: 0.25.9 (/opt/ros/humble/share/tf2_geometry_msgs/cmake)
[0.320s] -- Found eigen3_cmake_module: 0.1.1 (/opt/ros/humble/share/eigen3_cmake_module/cmake)
[0.321s] -- Ensuring Eigen3 include directory is part of orocos-kdl CMake target
[0.485s] -- Found Python3: /usr/include/python3.10 (found version "3.10.12") found components: Development Development.Module Development.Embed 
[0.485s] -- Found tf2_sensor_msgs: 0.25.9 (/opt/ros/humble/share/tf2_sensor_msgs/cmake)
[0.529s] Error parsing '/home/sarthak/precise_docking_ws/src/localization_node/package.xml':
[0.566s] Traceback (most recent call last):
[0.566s]   File "/opt/ros/humble/share/ament_cmake_core/cmake/core/package_xml_2_cmake.py", line 150, in <module>
[0.566s]     main()
[0.566s]   File "/opt/ros/humble/share/ament_cmake_core/cmake/core/package_xml_2_cmake.py", line 53, in main
[0.566s]     raise e
[0.566s]   File "/opt/ros/humble/share/ament_cmake_core/cmake/core/package_xml_2_cmake.py", line 49, in main
[0.566s]     package = parse_package_string(
[0.566s]   File "/home/sarthak/.local/lib/python3.10/site-packages/catkin_pkg/package.py", line 786, in parse_package_string
[0.566s]     raise InvalidPackage('Error(s):%s' % (''.join(['\n- %s' % e for e in errors])), filename)
[0.566s] catkin_pkg.package.InvalidPackage: Error(s) in package '/home/sarthak/precise_docking_ws/src/localization_node/package.xml':
[0.566s] Error(s):
[0.566s] - The generic dependency on 'rclcpp' is redundant with: build_depend, build_export_depend, exec_depend
[0.576s] [31mCMake Error at /opt/ros/humble/share/ament_cmake_core/cmake/core/ament_package_xml.cmake:95 (message):
[0.576s]   execute_process(/usr/bin/python3
[0.576s]   /opt/ros/humble/share/ament_cmake_core/cmake/core/package_xml_2_cmake.py
[0.576s]   /home/sarthak/precise_docking_ws/src/localization_node/package.xml
[0.576s]   /home/sarthak/precise_docking_ws/build/localization_node/ament_cmake_core/package.cmake)
[0.576s]   returned error code 1
[0.576s] Call Stack (most recent call first):
[0.576s]   /opt/ros/humble/share/ament_cmake_core/cmake/core/ament_package_xml.cmake:49 (_ament_package_xml)
[0.576s]   /opt/ros/humble/share/ament_cmake_core/cmake/core/ament_package.cmake:63 (ament_package_xml)
[0.576s]   CMakeLists.txt:33 (ament_package)
[0.576s] 
[0.576s] [0m
[0.576s] -- Configuring incomplete, errors occurred!
[0.576s] See also "/home/sarthak/precise_docking_ws/build/localization_node/CMakeFiles/CMakeOutput.log".
[0.582s] gmake: *** [Makefile:267: cmake_check_build_system] Error 1
[0.584s] Invoked command in '/home/sarthak/precise_docking_ws/build/localization_node' returned '2': /usr/bin/cmake --build /home/sarthak/precise_docking_ws/build/localization_node -- -j20 -l20
