[01m[K/home/sarthak/precise_docking_ws/src/frontend/src/icp_node.cpp:93:2:[m[K [01;31m[Kerror: [m[Kexpected â€˜[01m[K}[m[Kâ€™ at end of input
   93 | }
      |  [01;31m[K^[m[K
[01m[K/home/sarthak/precise_docking_ws/src/frontend/src/icp_node.cpp:12:1:[m[K [01;36m[Knote: [m[Kto match this â€˜[01m[K{[m[Kâ€™
   12 | [01;36m[K{[m[K
      | [01;36m[K^[m[K
[01m[K/home/sarthak/precise_docking_ws/src/frontend/src/icp_node.cpp:[m[K In constructor â€˜[01m[KICPNode::ICPNode()[m[Kâ€™:
[01m[K/home/sarthak/precise_docking_ws/src/frontend/src/icp_node.cpp:17:9:[m[K [01;31m[Kerror: [m[Kâ€˜[01m[Ksubscription_[m[Kâ€™ was not declared in this scope; did you mean â€˜[01m[Krmw_subscription_t[m[Kâ€™?
   17 |         [01;31m[Ksubscription_[m[K = this->create_subscription<sensor_msgs::msg::LaserScan>(
      |         [01;31m[K^~~~~~~~~~~~~[m[K
      |         [32m[Krmw_subscription_t[m[K
[01m[K/home/sarthak/precise_docking_ws/src/frontend/src/icp_node.cpp:[m[K In member function â€˜[01m[Kvoid ICPNode::scanCallback(sensor_msgs::msg::LaserScan_<std::allocator<void> >::SharedPtr)[m[Kâ€™:
[01m[K/home/sarthak/precise_docking_ws/src/frontend/src/icp_node.cpp:24:68:[m[K [01;35m[Kwarning: [m[Kunused parameter â€˜[01m[Kscan_msg[m[Kâ€™ [[01;35m[K]8;;https://gcc.gnu.org/onlinedocs/gcc/Warning-Options.html#index-Wunused-parameter-Wunused-parameter]8;;[m[K]
   24 |     void scanCallback([01;35m[Kconst sensor_msgs::msg::LaserScan::SharedPtr scan_msg[m[K)
      |                       [01;35m[K~~~~~~~~~~~~~~~~~~~~~~~~~~~~~~~~~~~~~~~~~~~~~^~~~~~~~[m[K
[01m[K/home/sarthak/precise_docking_ws/src/frontend/src/icp_node.cpp:[m[K At global scope:
[01m[K/home/sarthak/precise_docking_ws/src/frontend/src/icp_node.cpp:93:2:[m[K [01;31m[Kerror: [m[Kexpected unqualified-id at end of input
   93 | }
      |  [01;31m[K^[m[K
gmake[2]: *** [CMakeFiles/icp_node.dir/build.make:76: CMakeFiles/icp_node.dir/src/icp_node.cpp.o] Error 1
gmake[1]: *** [CMakeFiles/Makefile2:168: CMakeFiles/icp_node.dir/all] Error 2
gmake: *** [Makefile:146: all] Error 2
