[0.012s] Invoking command in '/home/sarthak/precise_docking_ws/build/frontend': CMAKE_PREFIX_PATH=${CMAKE_PREFIX_PATH}:/home/sarthak/precise_docking_ws/install/template_ros2:/home/sarthak/precise_docking_ws/install/reach_the_goal:/home/sarthak/precise_docking_ws/install/arcuo_marker_detection:/opt/ros/humble /usr/bin/cmake --build /home/sarthak/precise_docking_ws/build/frontend -- -j20 -l20
[0.032s] -- Found ament_cmake: 1.3.10 (/opt/ros/humble/share/ament_cmake/cmake)
[0.160s] -- Found sensor_msgs: 4.2.4 (/opt/ros/humble/share/sensor_msgs/cmake)
[0.181s] -- Found rosidl_generator_c: 3.1.5 (/opt/ros/humble/share/rosidl_generator_c/cmake)
[0.182s] -- Found rosidl_adapter: 3.1.5 (/opt/ros/humble/share/rosidl_adapter/cmake)
[0.186s] -- Found rosidl_generator_cpp: 3.1.5 (/opt/ros/humble/share/rosidl_generator_cpp/cmake)
[0.193s] -- Using all available rosidl_typesupport_c: rosidl_typesupport_fastrtps_c;rosidl_typesupport_introspection_c
[0.201s] -- Using all available rosidl_typesupport_cpp: rosidl_typesupport_fastrtps_cpp;rosidl_typesupport_introspection_cpp
[0.247s] -- Found rclcpp: 16.0.10 (/opt/ros/humble/share/rclcpp/cmake)
[0.267s] -- Found rmw_implementation_cmake: 6.1.2 (/opt/ros/humble/share/rmw_implementation_cmake/cmake)
[0.268s] -- Found rmw_fastrtps_cpp: 6.2.7 (/opt/ros/humble/share/rmw_fastrtps_cpp/cmake)
[0.364s] -- Using RMW implementation 'rmw_fastrtps_cpp' as default
[0.395s] -- Found rclpy: 3.3.14 (/opt/ros/humble/share/rclpy/cmake)
[0.405s] -- Found Boost: /usr/lib/x86_64-linux-gnu/cmake/Boost-1.74.0/BoostConfig.cmake (found version "1.74.0") found components: thread filesystem system program_options date_time 
[0.411s] -- Found Boost: /usr/lib/x86_64-linux-gnu/cmake/Boost-1.74.0/BoostConfig.cmake (found version "1.74.0") found components: thread filesystem system program_options date_time chrono 
[0.531s] -- Configuring done
[0.541s] -- Generating done
[0.543s] -- Build files have been written to: /home/sarthak/precise_docking_ws/build/frontend
[0.581s] [35m[1mConsolidate compiler generated dependencies of target cpp_executable[0m
[0.584s] [35m[1mConsolidate compiler generated dependencies of target icp_node[0m
[0.599s] [ 50%] Built target cpp_executable
[0.605s] [ 50%] Built target ament_cmake_python_copy_frontend
[0.609s] [ 75%] [32mBuilding CXX object CMakeFiles/icp_node.dir/src/icp_node.cpp.o[0m
[0.829s] running egg_info
[0.830s] writing frontend.egg-info/PKG-INFO
[0.830s] writing dependency_links to frontend.egg-info/dependency_links.txt
[0.830s] writing top-level names to frontend.egg-info/top_level.txt
[0.832s] reading manifest file 'frontend.egg-info/SOURCES.txt'
[0.832s] writing manifest file 'frontend.egg-info/SOURCES.txt'
[0.859s] [ 75%] Built target ament_cmake_python_build_frontend_egg
[4.691s] [01m[K/home/sarthak/precise_docking_ws/src/frontend/src/icp_node.cpp:93:2:[m[K [01;31m[Kerror: [m[Kexpected â€˜[01m[K}[m[Kâ€™ at end of input
[4.691s]    93 | }
[4.691s]       |  [01;31m[K^[m[K
[4.691s] [01m[K/home/sarthak/precise_docking_ws/src/frontend/src/icp_node.cpp:12:1:[m[K [01;36m[Knote: [m[Kto match this â€˜[01m[K{[m[Kâ€™
[4.691s]    12 | [01;36m[K{[m[K
[4.691s]       | [01;36m[K^[m[K
[4.703s] [01m[K/home/sarthak/precise_docking_ws/src/frontend/src/icp_node.cpp:[m[K In constructor â€˜[01m[KICPNode::ICPNode()[m[Kâ€™:
[4.703s] [01m[K/home/sarthak/precise_docking_ws/src/frontend/src/icp_node.cpp:17:9:[m[K [01;31m[Kerror: [m[Kâ€˜[01m[Ksubscription_[m[Kâ€™ was not declared in this scope; did you mean â€˜[01m[Krmw_subscription_t[m[Kâ€™?
[4.703s]    17 |         [01;31m[Ksubscription_[m[K = this->create_subscription<sensor_msgs::msg::LaserScan>(
[4.703s]       |         [01;31m[K^~~~~~~~~~~~~[m[K
[4.703s]       |         [32m[Krmw_subscription_t[m[K
[4.754s] [01m[K/home/sarthak/precise_docking_ws/src/frontend/src/icp_node.cpp:[m[K In member function â€˜[01m[Kvoid ICPNode::scanCallback(sensor_msgs::msg::LaserScan_<std::allocator<void> >::SharedPtr)[m[Kâ€™:
[4.754s] [01m[K/home/sarthak/precise_docking_ws/src/frontend/src/icp_node.cpp:24:68:[m[K [01;35m[Kwarning: [m[Kunused parameter â€˜[01m[Kscan_msg[m[Kâ€™ [[01;35m[K]8;;https://gcc.gnu.org/onlinedocs/gcc/Warning-Options.html#index-Wunused-parameter-Wunused-parameter]8;;[m[K]
[4.754s]    24 |     void scanCallback([01;35m[Kconst sensor_msgs::msg::LaserScan::SharedPtr scan_msg[m[K)
[4.754s]       |                       [01;35m[K~~~~~~~~~~~~~~~~~~~~~~~~~~~~~~~~~~~~~~~~~~~~~^~~~~~~~[m[K
[4.757s] [01m[K/home/sarthak/precise_docking_ws/src/frontend/src/icp_node.cpp:[m[K At global scope:
[4.757s] [01m[K/home/sarthak/precise_docking_ws/src/frontend/src/icp_node.cpp:93:2:[m[K [01;31m[Kerror: [m[Kexpected unqualified-id at end of input
[4.757s]    93 | }
[4.757s]       |  [01;31m[K^[m[K
[6.643s] gmake[2]: *** [CMakeFiles/icp_node.dir/build.make:76: CMakeFiles/icp_node.dir/src/icp_node.cpp.o] Error 1
[6.644s] gmake[1]: *** [CMakeFiles/Makefile2:168: CMakeFiles/icp_node.dir/all] Error 2
[6.644s] gmake: *** [Makefile:146: all] Error 2
[6.647s] Invoked command in '/home/sarthak/precise_docking_ws/build/frontend' returned '2': CMAKE_PREFIX_PATH=${CMAKE_PREFIX_PATH}:/home/sarthak/precise_docking_ws/install/template_ros2:/home/sarthak/precise_docking_ws/install/reach_the_goal:/home/sarthak/precise_docking_ws/install/arcuo_marker_detection:/opt/ros/humble /usr/bin/cmake --build /home/sarthak/precise_docking_ws/build/frontend -- -j20 -l20
