[0.009s] Invoking command in '/home/sarthak/precise_docking_ws/build/localization_node': CMAKE_PREFIX_PATH=${CMAKE_PREFIX_PATH}:/home/sarthak/precise_docking_ws/install/template_ros2:/home/sarthak/precise_docking_ws/install/reach_the_goal:/home/sarthak/precise_docking_ws/install/autonomous_exploration:/home/sarthak/precise_docking_ws/install/arcuo_marker_detection:/home/sarthak/precise_docking_ws/install/active_localization:/opt/ros/humble /usr/bin/cmake --build /home/sarthak/precise_docking_ws/build/localization_node -- -j20 -l20
[0.030s] -- Found ament_cmake: 1.3.11 (/opt/ros/humble/share/ament_cmake/cmake)
[0.085s] -- Found Python3: /usr/bin/python3 (found version "3.10.12") found components: Interpreter 
[0.137s] -- Found rclcpp: 16.0.11 (/opt/ros/humble/share/rclcpp/cmake)
[0.156s] -- Found rosidl_generator_c: 3.1.6 (/opt/ros/humble/share/rosidl_generator_c/cmake)
[0.158s] -- Found rosidl_adapter: 3.1.6 (/opt/ros/humble/share/rosidl_adapter/cmake)
[0.161s] -- Found rosidl_generator_cpp: 3.1.6 (/opt/ros/humble/share/rosidl_generator_cpp/cmake)
[0.167s] -- Using all available rosidl_typesupport_c: rosidl_typesupport_fastrtps_c;rosidl_typesupport_introspection_c
[0.175s] -- Using all available rosidl_typesupport_cpp: rosidl_typesupport_fastrtps_cpp;rosidl_typesupport_introspection_cpp
[0.196s] -- Found rmw_implementation_cmake: 6.1.2 (/opt/ros/humble/share/rmw_implementation_cmake/cmake)
[0.197s] -- Found rmw_cyclonedds_cpp: 1.3.4 (/opt/ros/humble/share/rmw_cyclonedds_cpp/cmake)
[0.209s] -- Using RMW implementation 'rmw_cyclonedds_cpp' as default
[0.240s] -- Found sensor_msgs: 4.2.4 (/opt/ros/humble/share/sensor_msgs/cmake)
[0.258s] -- Found rclpy: 3.3.15 (/opt/ros/humble/share/rclpy/cmake)
[0.260s] -- Found nav2_msgs: 1.1.17 (/opt/ros/humble/share/nav2_msgs/cmake)
[0.299s] -- Found tf2_ros: 0.25.9 (/opt/ros/humble/share/tf2_ros/cmake)
[0.337s] -- Found tf2_geometry_msgs: 0.25.9 (/opt/ros/humble/share/tf2_geometry_msgs/cmake)
[0.339s] -- Found eigen3_cmake_module: 0.1.1 (/opt/ros/humble/share/eigen3_cmake_module/cmake)
[0.340s] -- Ensuring Eigen3 include directory is part of orocos-kdl CMake target
[0.482s] -- Found Python3: /usr/include/python3.10 (found version "3.10.12") found components: Development Development.Module Development.Embed 
[0.483s] -- Found tf2_sensor_msgs: 0.25.9 (/opt/ros/humble/share/tf2_sensor_msgs/cmake)
[0.534s] -- Configuring done
[0.540s] -- Generating done
[0.540s] -- Build files have been written to: /home/sarthak/precise_docking_ws/build/localization_node
[0.585s] [ 50%] [32mBuilding CXX object CMakeFiles/active_docking.dir/src/main.cpp.o[0m
[0.637s] In file included from [01m[K/home/sarthak/precise_docking_ws/src/localization_node/src/main.cpp:3[m[K:
[0.637s] [01m[K/home/sarthak/precise_docking_ws/src/localization_node/include/localization_node/active_amcl.hpp:13:10:[m[K [01;31m[Kfatal error: [m[Knav2_msgs/msg/particle.hpp: No such file or directory
[0.637s]    13 | #include [01;31m[K"nav2_msgs/msg/particle.hpp"[m[K
[0.637s]       |          [01;31m[K^~~~~~~~~~~~~~~~~~~~~~~~~~~~[m[K
[0.637s] compilation terminated.
[0.639s] gmake[2]: *** [CMakeFiles/active_docking.dir/build.make:76: CMakeFiles/active_docking.dir/src/main.cpp.o] Error 1
[0.639s] gmake[1]: *** [CMakeFiles/Makefile2:137: CMakeFiles/active_docking.dir/all] Error 2
[0.640s] gmake: *** [Makefile:146: all] Error 2
[0.642s] Invoked command in '/home/sarthak/precise_docking_ws/build/localization_node' returned '2': CMAKE_PREFIX_PATH=${CMAKE_PREFIX_PATH}:/home/sarthak/precise_docking_ws/install/template_ros2:/home/sarthak/precise_docking_ws/install/reach_the_goal:/home/sarthak/precise_docking_ws/install/autonomous_exploration:/home/sarthak/precise_docking_ws/install/arcuo_marker_detection:/home/sarthak/precise_docking_ws/install/active_localization:/opt/ros/humble /usr/bin/cmake --build /home/sarthak/precise_docking_ws/build/localization_node -- -j20 -l20
