[0.010s] Invoking command in '/home/sarthak/precise_docking_ws/build/frontend': CMAKE_PREFIX_PATH=${CMAKE_PREFIX_PATH}:/home/sarthak/precise_docking_ws/install/template_ros2:/home/sarthak/precise_docking_ws/install/reach_the_goal:/home/sarthak/precise_docking_ws/install/arcuo_marker_detection:/opt/ros/humble /usr/bin/cmake --build /home/sarthak/precise_docking_ws/build/frontend -- -j20 -l20
[0.074s] [35m[1mConsolidate compiler generated dependencies of target icp_node[0m
[0.085s] [ 50%] Built target cpp_executable
[0.092s] [ 50%] Built target ament_cmake_python_copy_frontend
[0.107s] [ 75%] [32mBuilding CXX object CMakeFiles/icp_node.dir/src/icp_node.cpp.o[0m
[0.321s] running egg_info
[0.321s] writing frontend.egg-info/PKG-INFO
[0.321s] writing dependency_links to frontend.egg-info/dependency_links.txt
[0.321s] writing top-level names to frontend.egg-info/top_level.txt
[0.324s] reading manifest file 'frontend.egg-info/SOURCES.txt'
[0.324s] writing manifest file 'frontend.egg-info/SOURCES.txt'
[0.361s] [ 75%] Built target ament_cmake_python_build_frontend_egg
[1.222s] In file included from [01m[K/home/sarthak/precise_docking_ws/src/frontend/src/icp_node.cpp:11[m[K:
[1.222s] [01m[K/opt/ros/humble/include/tf2_geometry_msgs/tf2_geometry_msgs/tf2_geometry_msgs.h:35:2:[m[K [01;35m[Kwarning: [m[K#warning This header is obsolete, please include tf2_geometry_msgs/tf2_geometry_msgs.hpp instead [[01;35m[K]8;;https://gcc.gnu.org/onlinedocs/gcc/Warning-Options.html#index-Wcpp-Wcpp]8;;[m[K]
[1.222s]    35 | #[01;35m[Kwarning[m[K This header is obsolete, please include tf2_geometry_msgs/tf2_geometry_msgs.hpp instead
[1.222s]       |  [01;35m[K^~~~~~~[m[K
[5.144s] [01m[K/home/sarthak/precise_docking_ws/src/frontend/src/icp_node.cpp:[m[K In constructor â€˜[01m[KICPNode::ICPNode()[m[Kâ€™:
[5.144s] [01m[K/home/sarthak/precise_docking_ws/src/frontend/src/icp_node.cpp:246:16:[m[K [01;35m[Kwarning: [m[Kâ€˜[01m[KICPNode::map_builder[m[Kâ€™ will be initialized after [[01;35m[K]8;;https://gcc.gnu.org/onlinedocs/gcc/Warning-Options.html#index-Wreorder-Wreorder]8;;[m[K]
[5.145s]   246 |     MapBuilder [01;35m[Kmap_builder[m[K;
[5.145s]       |                [01;35m[K^~~~~~~~~~~[m[K
[5.145s] [01m[K/home/sarthak/precise_docking_ws/src/frontend/src/icp_node.cpp:38:21:[m[K [01;35m[Kwarning: [m[K  â€˜[01m[Ktf2_ros::Buffer ICPNode::tf_buffer_[m[Kâ€™ [[01;35m[K]8;;https://gcc.gnu.org/onlinedocs/gcc/Warning-Options.html#index-Wreorder-Wreorder]8;;[m[K]
[5.145s]    38 |     tf2_ros::Buffer [01;35m[Ktf_buffer_[m[K;  // Declare TF buffer
[5.145s]       |                     [01;35m[K^~~~~~~~~~[m[K
[5.145s] [01m[K/home/sarthak/precise_docking_ws/src/frontend/src/icp_node.cpp:22:5:[m[K [01;35m[Kwarning: [m[K  when initialized here [[01;35m[K]8;;https://gcc.gnu.org/onlinedocs/gcc/Warning-Options.html#index-Wreorder-Wreorder]8;;[m[K]
[5.145s]    22 |     [01;35m[KICPNode[m[K() : Node("icp_node"), map_builder() ,tf_buffer_(this->get_clock())
[5.145s]       |     [01;35m[K^~~~~~~[m[K
[5.161s] [01m[K/home/sarthak/precise_docking_ws/src/frontend/src/icp_node.cpp:[m[K In member function â€˜[01m[Kvoid ICPNode::pointCloudCallback(sensor_msgs::msg::PointCloud2_<std::allocator<void> >::SharedPtr)[m[Kâ€™:
[5.161s] [01m[K/home/sarthak/precise_docking_ws/src/frontend/src/icp_node.cpp:80:13:[m[K [01;31m[Kerror: [m[Kbreak statement not within loop or switch
[5.161s]    80 |             [01;31m[Kbreak[m[K;
[5.161s]       |             [01;31m[K^~~~~[m[K
[8.240s] gmake[2]: *** [CMakeFiles/icp_node.dir/build.make:76: CMakeFiles/icp_node.dir/src/icp_node.cpp.o] Error 1
[8.241s] gmake[1]: *** [CMakeFiles/Makefile2:168: CMakeFiles/icp_node.dir/all] Error 2
[8.241s] gmake: *** [Makefile:146: all] Error 2
[8.244s] Invoked command in '/home/sarthak/precise_docking_ws/build/frontend' returned '2': CMAKE_PREFIX_PATH=${CMAKE_PREFIX_PATH}:/home/sarthak/precise_docking_ws/install/template_ros2:/home/sarthak/precise_docking_ws/install/reach_the_goal:/home/sarthak/precise_docking_ws/install/arcuo_marker_detection:/opt/ros/humble /usr/bin/cmake --build /home/sarthak/precise_docking_ws/build/frontend -- -j20 -l20
