[0.000000] (-) TimerEvent: {}
[0.000433] (-) JobUnselected: {'identifier': 'arcuo_marker_detection'}
[0.000514] (-) JobUnselected: {'identifier': 'docking_bringup'}
[0.000695] (-) JobUnselected: {'identifier': 'reach_the_goal'}
[0.000767] (-) JobUnselected: {'identifier': 'template_ros2'}
[0.000826] (frontend) JobQueued: {'identifier': 'frontend', 'dependencies': OrderedDict()}
[0.000914] (frontend) JobStarted: {'identifier': 'frontend'}
[0.012909] (frontend) JobProgress: {'identifier': 'frontend', 'progress': 'cmake'}
[0.013778] (frontend) JobProgress: {'identifier': 'frontend', 'progress': 'build'}
[0.014594] (frontend) Command: {'cmd': ['/usr/bin/cmake', '--build', '/home/sarthak/precise_docking_ws/build/frontend', '--', '-j20', '-l20'], 'cwd': '/home/sarthak/precise_docking_ws/build/frontend', 'env': OrderedDict([('GJS_DEBUG_TOPICS', 'JS ERROR;JS LOG'), ('LESSOPEN', '| /usr/bin/lesspipe %s'), ('USER', 'sarthak'), ('LC_TIME', 'nl_NL.UTF-8'), ('XDG_SESSION_TYPE', 'x11'), ('SHLVL', '1'), ('LD_LIBRARY_PATH', '/home/sarthak/precise_docking_ws/install/norlab_icp_mapper_ros/lib:/home/sarthak/precise_docking_ws/install/libpointmatcher_ros/lib:/opt/ros/humble/opt/rviz_ogre_vendor/lib:/opt/ros/humble/lib/x86_64-linux-gnu:/opt/ros/humble/lib'), ('HOME', '/home/sarthak'), ('DESKTOP_SESSION', 'ubuntu'), ('GIO_LAUNCHED_DESKTOP_FILE', '/usr/share/applications/terminator.desktop'), ('ROS_PYTHON_VERSION', '3'), ('GNOME_SHELL_SESSION_MODE', 'ubuntu'), ('GTK_MODULES', 'gail:atk-bridge'), ('LC_MONETARY', 'nl_NL.UTF-8'), ('MANAGERPID', '3158'), ('SYSTEMD_EXEC_PID', '3862'), ('DBUS_SESSION_BUS_ADDRESS', 'unix:path=/run/user/1000/bus'), ('COLORTERM', 'truecolor'), ('TERMINATOR_DBUS_NAME', 'net.tenshu.Terminator23558193cd9818af7fe4d2c2f5bd9d00f'), ('GIO_LAUNCHED_DESKTOP_FILE_PID', '7243'), ('COLCON_PREFIX_PATH', '/home/sarthak/precise_docking_ws/install'), ('ROS_DISTRO', 'humble'), ('GTK_IM_MODULE', 'ibus'), ('LOGNAME', 'sarthak'), ('JOURNAL_STREAM', '8:3638'), ('_', '/home/sarthak/.local/bin/colcon'), ('ROS_VERSION', '2'), ('PKG_CONFIG_PATH', '/home/sarthak/precise_docking_ws/install/norlab_icp_mapper/lib/x86_64-linux-gnu/pkgconfig:/home/sarthak/precise_docking_ws/install/norlab_icp_mapper/lib/pkgconfig'), ('XDG_SESSION_CLASS', 'user'), ('USERNAME', 'sarthak'), ('TERM', 'xterm-256color'), ('GNOME_DESKTOP_SESSION_ID', 'this-is-deprecated'), ('ROS_LOCALHOST_ONLY', '0'), ('WINDOWPATH', '2'), ('PATH', '/opt/ros/humble/bin:/home/sarthak/.local/bin:/usr/local/sbin:/usr/local/bin:/usr/sbin:/usr/bin:/sbin:/bin:/usr/games:/usr/local/games:/snap/bin:/snap/bin'), ('SESSION_MANAGER', 'local/sarthak-Inspiron-14-Plus-7430:@/tmp/.ICE-unix/3824,unix/sarthak-Inspiron-14-Plus-7430:/tmp/.ICE-unix/3824'), ('INVOCATION_ID', '9350d58de8324d3c9b567241a39417cc'), ('XDG_MENU_PREFIX', 'gnome-'), ('LC_ADDRESS', 'nl_NL.UTF-8'), ('XDG_RUNTIME_DIR', '/run/user/1000'), ('DISPLAY', ':1'), ('TERMINATOR_DBUS_PATH', '/net/tenshu/Terminator2'), ('LANG', 'en_US.UTF-8'), ('XDG_CURRENT_DESKTOP', 'ubuntu:GNOME'), ('IBUS_DISABLE_SNOOPER', '1'), ('LC_TELEPHONE', 'nl_NL.UTF-8'), ('XMODIFIERS', '@im=ibus'), ('XDG_SESSION_DESKTOP', 'ubuntu'), ('XAUTHORITY', '/run/user/1000/gdm/Xauthority'), ('LS_COLORS', 'rs=0:di=01;34:ln=01;36:mh=00:pi=40;33:so=01;35:do=01;35:bd=40;33;01:cd=40;33;01:or=40;31;01:mi=00:su=37;41:sg=30;43:ca=30;41:tw=30;42:ow=34;42:st=37;44:ex=01;32:*.tar=01;31:*.tgz=01;31:*.arc=01;31:*.arj=01;31:*.taz=01;31:*.lha=01;31:*.lz4=01;31:*.lzh=01;31:*.lzma=01;31:*.tlz=01;31:*.txz=01;31:*.tzo=01;31:*.t7z=01;31:*.zip=01;31:*.z=01;31:*.dz=01;31:*.gz=01;31:*.lrz=01;31:*.lz=01;31:*.lzo=01;31:*.xz=01;31:*.zst=01;31:*.tzst=01;31:*.bz2=01;31:*.bz=01;31:*.tbz=01;31:*.tbz2=01;31:*.tz=01;31:*.deb=01;31:*.rpm=01;31:*.jar=01;31:*.war=01;31:*.ear=01;31:*.sar=01;31:*.rar=01;31:*.alz=01;31:*.ace=01;31:*.zoo=01;31:*.cpio=01;31:*.7z=01;31:*.rz=01;31:*.cab=01;31:*.wim=01;31:*.swm=01;31:*.dwm=01;31:*.esd=01;31:*.jpg=01;35:*.jpeg=01;35:*.mjpg=01;35:*.mjpeg=01;35:*.gif=01;35:*.bmp=01;35:*.pbm=01;35:*.pgm=01;35:*.ppm=01;35:*.tga=01;35:*.xbm=01;35:*.xpm=01;35:*.tif=01;35:*.tiff=01;35:*.png=01;35:*.svg=01;35:*.svgz=01;35:*.mng=01;35:*.pcx=01;35:*.mov=01;35:*.mpg=01;35:*.mpeg=01;35:*.m2v=01;35:*.mkv=01;35:*.webm=01;35:*.webp=01;35:*.ogm=01;35:*.mp4=01;35:*.m4v=01;35:*.mp4v=01;35:*.vob=01;35:*.qt=01;35:*.nuv=01;35:*.wmv=01;35:*.asf=01;35:*.rm=01;35:*.rmvb=01;35:*.flc=01;35:*.avi=01;35:*.fli=01;35:*.flv=01;35:*.gl=01;35:*.dl=01;35:*.xcf=01;35:*.xwd=01;35:*.yuv=01;35:*.cgm=01;35:*.emf=01;35:*.ogv=01;35:*.ogx=01;35:*.aac=00;36:*.au=00;36:*.flac=00;36:*.m4a=00;36:*.mid=00;36:*.midi=00;36:*.mka=00;36:*.mp3=00;36:*.mpc=00;36:*.ogg=00;36:*.ra=00;36:*.wav=00;36:*.oga=00;36:*.opus=00;36:*.spx=00;36:*.xspf=00;36:'), ('SSH_AGENT_LAUNCHER', 'gnome-keyring'), ('SSH_AUTH_SOCK', '/run/user/1000/keyring/ssh'), ('AMENT_PREFIX_PATH', '/home/sarthak/precise_docking_ws/install/template_ros2:/home/sarthak/precise_docking_ws/install/reach_the_goal:/home/sarthak/precise_docking_ws/install/norlab_icp_mapper_ros:/home/sarthak/precise_docking_ws/install/libpointmatcher_ros:/home/sarthak/precise_docking_ws/install/frontend:/home/sarthak/precise_docking_ws/install/docking_bringup:/home/sarthak/precise_docking_ws/install/arcuo_marker_detection:/opt/ros/humble'), ('ROS_DOMAIN_ID', '3'), ('SHELL', '/bin/bash'), ('LC_NAME', 'nl_NL.UTF-8'), ('TERMINATOR_UUID', 'urn:uuid:ace5fc49-c312-44bc-b0ab-a566731312e0'), ('QT_ACCESSIBILITY', '1'), ('GDMSESSION', 'ubuntu'), ('LESSCLOSE', '/usr/bin/lesspipe %s %s'), ('LC_MEASUREMENT', 'nl_NL.UTF-8'), ('GPG_AGENT_INFO', '/run/user/1000/gnupg/S.gpg-agent:0:1'), ('GJS_DEBUG_OUTPUT', 'stderr'), ('LC_IDENTIFICATION', 'nl_NL.UTF-8'), ('QT_IM_MODULE', 'ibus'), ('PWD', '/home/sarthak/precise_docking_ws/build/frontend'), ('LC_ALL', 'en_US.UTF-8'), ('XDG_CONFIG_DIRS', '/etc/xdg/xdg-ubuntu:/etc/xdg'), ('XDG_DATA_DIRS', '/usr/share/ubuntu:/usr/share/gnome:/usr/local/share/:/usr/share/:/var/lib/snapd/desktop'), ('PYTHONPATH', '/home/sarthak/precise_docking_ws/install/template_ros2/lib/python3.10/site-packages:/home/sarthak/precise_docking_ws/install/reach_the_goal/lib/python3.10/site-packages:/home/sarthak/precise_docking_ws/install/norlab_icp_mapper_ros/local/lib/python3.10/dist-packages:/home/sarthak/precise_docking_ws/install/frontend/local/lib/python3.10/dist-packages:/home/sarthak/precise_docking_ws/install/frontend/lib/python3.10/site-packages:/home/sarthak/precise_docking_ws/install/arcuo_marker_detection/lib/python3.10/site-packages:/opt/ros/humble/lib/python3.10/site-packages:/opt/ros/humble/local/lib/python3.10/dist-packages'), ('LC_NUMERIC', 'nl_NL.UTF-8'), ('LC_PAPER', 'nl_NL.UTF-8'), ('COLCON', '1'), ('VTE_VERSION', '6800'), ('CMAKE_PREFIX_PATH', '/home/sarthak/precise_docking_ws/install/norlab_icp_mapper_ros:/home/sarthak/precise_docking_ws/install/norlab_icp_mapper:/home/sarthak/precise_docking_ws/install/libpointmatcher_ros:/home/sarthak/precise_docking_ws/install/frontend:/home/sarthak/precise_docking_ws/install/docking_bringup:/home/sarthak/precise_docking_ws/install/template_ros2:/home/sarthak/precise_docking_ws/install/reach_the_goal:/home/sarthak/precise_docking_ws/install/arcuo_marker_detection:/opt/ros/humble')]), 'shell': False}
[0.046067] (frontend) StdoutLine: {'line': b'-- Found ament_cmake: 1.3.10 (/opt/ros/humble/share/ament_cmake/cmake)\n'}
[0.098563] (-) TimerEvent: {}
[0.117203] (frontend) StdoutLine: {'line': b'-- Found Python3: /usr/bin/python3 (found version "3.10.12") found components: Interpreter \n'}
[0.192964] (frontend) StdoutLine: {'line': b'-- Found sensor_msgs: 4.2.4 (/opt/ros/humble/share/sensor_msgs/cmake)\n'}
[0.198738] (-) TimerEvent: {}
[0.213516] (frontend) StdoutLine: {'line': b'-- Found rosidl_generator_c: 3.1.5 (/opt/ros/humble/share/rosidl_generator_c/cmake)\n'}
[0.215100] (frontend) StdoutLine: {'line': b'-- Found rosidl_adapter: 3.1.5 (/opt/ros/humble/share/rosidl_adapter/cmake)\n'}
[0.219514] (frontend) StdoutLine: {'line': b'-- Found rosidl_generator_cpp: 3.1.5 (/opt/ros/humble/share/rosidl_generator_cpp/cmake)\n'}
[0.226529] (frontend) StdoutLine: {'line': b'-- Using all available rosidl_typesupport_c: rosidl_typesupport_fastrtps_c;rosidl_typesupport_introspection_c\n'}
[0.235811] (frontend) StdoutLine: {'line': b'-- Using all available rosidl_typesupport_cpp: rosidl_typesupport_fastrtps_cpp;rosidl_typesupport_introspection_cpp\n'}
[0.275228] (frontend) StdoutLine: {'line': b'-- Found rclcpp: 16.0.10 (/opt/ros/humble/share/rclcpp/cmake)\n'}
[0.294196] (frontend) StdoutLine: {'line': b'-- Found rmw_implementation_cmake: 6.1.2 (/opt/ros/humble/share/rmw_implementation_cmake/cmake)\n'}
[0.296478] (frontend) StdoutLine: {'line': b'-- Found rmw_fastrtps_cpp: 6.2.7 (/opt/ros/humble/share/rmw_fastrtps_cpp/cmake)\n'}
[0.298772] (-) TimerEvent: {}
[0.399060] (-) TimerEvent: {}
[0.415979] (frontend) StdoutLine: {'line': b"-- Using RMW implementation 'rmw_fastrtps_cpp' as default\n"}
[0.457388] (frontend) StdoutLine: {'line': b'-- Found rclpy: 3.3.14 (/opt/ros/humble/share/rclpy/cmake)\n'}
[0.469051] (frontend) StdoutLine: {'line': b'-- Found Boost: /usr/lib/x86_64-linux-gnu/cmake/Boost-1.74.0/BoostConfig.cmake (found version "1.74.0") found components: thread filesystem system program_options date_time \n'}
[0.474828] (frontend) StdoutLine: {'line': b'-- Found Boost: /usr/lib/x86_64-linux-gnu/cmake/Boost-1.74.0/BoostConfig.cmake (found version "1.74.0") found components: thread filesystem system program_options date_time chrono \n'}
[0.475953] (frontend) StdoutLine: {'line': b'-- Found nav_msgs: 4.2.4 (/opt/ros/humble/share/nav_msgs/cmake)\n'}
[0.488444] (frontend) StdoutLine: {'line': b'-- Found tf2_ros: 0.25.7 (/opt/ros/humble/share/tf2_ros/cmake)\n'}
[0.499209] (-) TimerEvent: {}
[0.554582] (frontend) StdoutLine: {'line': b'-- Found tf2_geometry_msgs: 0.25.7 (/opt/ros/humble/share/tf2_geometry_msgs/cmake)\n'}
[0.556411] (frontend) StdoutLine: {'line': b'-- Found eigen3_cmake_module: 0.1.1 (/opt/ros/humble/share/eigen3_cmake_module/cmake)\n'}
[0.557504] (frontend) StdoutLine: {'line': b'-- Ensuring Eigen3 include directory is part of orocos-kdl CMake target\n'}
[0.599300] (-) TimerEvent: {}
[0.699716] (-) TimerEvent: {}
[0.800123] (-) TimerEvent: {}
[0.883804] (frontend) StdoutLine: {'line': b'-- Found Python3: /usr/bin/python3 (found version "3.10.12") found components: Interpreter Development NumPy Development.Module Development.Embed \n'}
[0.900270] (-) TimerEvent: {}
[0.955825] (frontend) StdoutLine: {'line': b'-- Performing Test HAS_FLTO\n'}
[1.000448] (-) TimerEvent: {}
[1.101082] (-) TimerEvent: {}
[1.157195] (frontend) StdoutLine: {'line': b'-- Performing Test HAS_FLTO - Success\n'}
[1.158715] (frontend) StdoutLine: {'line': b'-- Found pybind11: /usr/include (found version "2.9.1")\n'}
[1.201151] (-) TimerEvent: {}
[1.301466] (-) TimerEvent: {}
[1.379229] (frontend) StdoutLine: {'line': b'-- Configuring done\n'}
[1.399956] (frontend) StdoutLine: {'line': b'-- Generating done\n'}
[1.401592] (frontend) StdoutLine: {'line': b'-- Build files have been written to: /home/sarthak/precise_docking_ws/build/frontend\n'}
[1.401948] (-) TimerEvent: {}
[1.454239] (frontend) StdoutLine: {'line': b'\x1b[35m\x1b[1mConsolidate compiler generated dependencies of target cpp_executable\x1b[0m\n'}
[1.457348] (frontend) StdoutLine: {'line': b'\x1b[35m\x1b[1mConsolidate compiler generated dependencies of target icp_node\x1b[0m\n'}
[1.490649] (frontend) StdoutLine: {'line': b'[  0%] Built target ament_cmake_python_copy_frontend\n'}
[1.497005] (frontend) StdoutLine: {'line': b'[ 25%] \x1b[32mBuilding CXX object CMakeFiles/cpp_executable.dir/src/cpp_node.cpp.o\x1b[0m\n'}
[1.502099] (-) TimerEvent: {}
[1.508626] (frontend) StdoutLine: {'line': b'[ 50%] \x1b[32mBuilding CXX object CMakeFiles/icp_node.dir/src/icp_node.cpp.o\x1b[0m\n'}
[1.602219] (-) TimerEvent: {}
[1.702599] (-) TimerEvent: {}
[1.729899] (frontend) StdoutLine: {'line': b'running egg_info\n'}
[1.730513] (frontend) StdoutLine: {'line': b'writing frontend.egg-info/PKG-INFO\n'}
[1.730748] (frontend) StdoutLine: {'line': b'writing dependency_links to frontend.egg-info/dependency_links.txt\n'}
[1.731034] (frontend) StdoutLine: {'line': b'writing top-level names to frontend.egg-info/top_level.txt\n'}
[1.734754] (frontend) StdoutLine: {'line': b"reading manifest file 'frontend.egg-info/SOURCES.txt'\n"}
[1.735095] (frontend) StdoutLine: {'line': b"writing manifest file 'frontend.egg-info/SOURCES.txt'\n"}
[1.775101] (frontend) StdoutLine: {'line': b'[ 50%] Built target ament_cmake_python_build_frontend_egg\n'}
[1.802769] (-) TimerEvent: {}
[1.903272] (-) TimerEvent: {}
[2.003686] (-) TimerEvent: {}
[2.104024] (-) TimerEvent: {}
[2.204457] (-) TimerEvent: {}
[2.304870] (-) TimerEvent: {}
[2.405319] (-) TimerEvent: {}
[2.505738] (-) TimerEvent: {}
[2.550197] (frontend) StderrLine: {'line': b'\x1b[01m\x1b[K/home/sarthak/precise_docking_ws/src/frontend/src/icp_node.cpp:8:10:\x1b[m\x1b[K \x1b[01;31m\x1b[Kfatal error: \x1b[m\x1b[Kmatplotlibcpp.h: No such file or directory\n'}
[2.550517] (frontend) StderrLine: {'line': b'    8 | #include \x1b[01;31m\x1b[K<matplotlibcpp.h>\x1b[m\x1b[K  // For plotting\n'}
[2.550650] (frontend) StderrLine: {'line': b'      |          \x1b[01;31m\x1b[K^~~~~~~~~~~~~~~~~\x1b[m\x1b[K\n'}
[2.550782] (frontend) StderrLine: {'line': b'compilation terminated.\n'}
[2.564934] (frontend) StderrLine: {'line': b'gmake[2]: *** [CMakeFiles/icp_node.dir/build.make:76: CMakeFiles/icp_node.dir/src/icp_node.cpp.o] Error 1\n'}
[2.565617] (frontend) StderrLine: {'line': b'gmake[1]: *** [CMakeFiles/Makefile2:168: CMakeFiles/icp_node.dir/all] Error 2\n'}
[2.565805] (frontend) StderrLine: {'line': b'gmake[1]: *** Waiting for unfinished jobs....\n'}
[2.605847] (-) TimerEvent: {}
[2.706249] (-) TimerEvent: {}
[2.806626] (-) TimerEvent: {}
[2.907017] (-) TimerEvent: {}
[3.007592] (-) TimerEvent: {}
[3.108175] (-) TimerEvent: {}
[3.209106] (-) TimerEvent: {}
[3.309689] (-) TimerEvent: {}
[3.410149] (-) TimerEvent: {}
[3.510651] (-) TimerEvent: {}
[3.611311] (-) TimerEvent: {}
[3.711942] (-) TimerEvent: {}
[3.812303] (-) TimerEvent: {}
[3.912666] (-) TimerEvent: {}
[4.013016] (-) TimerEvent: {}
[4.113407] (-) TimerEvent: {}
[4.213744] (-) TimerEvent: {}
[4.314039] (-) TimerEvent: {}
[4.414381] (-) TimerEvent: {}
[4.514791] (-) TimerEvent: {}
[4.615303] (-) TimerEvent: {}
[4.715732] (-) TimerEvent: {}
[4.776097] (frontend) StdoutLine: {'line': b'[ 75%] \x1b[32m\x1b[1mLinking CXX executable cpp_executable\x1b[0m\n'}
[4.815842] (-) TimerEvent: {}
[4.916242] (-) TimerEvent: {}
[4.932425] (frontend) StdoutLine: {'line': b'[ 75%] Built target cpp_executable\n'}
[4.933894] (frontend) StderrLine: {'line': b'gmake: *** [Makefile:146: all] Error 2\n'}
[4.936576] (frontend) CommandEnded: {'returncode': 2}
[5.000233] (frontend) JobEnded: {'identifier': 'frontend', 'rc': 2}
[5.010735] (-) EventReactorShutdown: {}
