[0.009s] Invoking command in '/home/sarthak/precise_docking_ws/build/frontend': CMAKE_PREFIX_PATH=${CMAKE_PREFIX_PATH}:/home/sarthak/precise_docking_ws/install/template_ros2:/home/sarthak/precise_docking_ws/install/reach_the_goal:/home/sarthak/precise_docking_ws/install/frontend:/home/sarthak/precise_docking_ws/install/arcuo_marker_detection:/opt/ros/humble /usr/bin/cmake /home/sarthak/precise_docking_ws/src/frontend -DCMAKE_INSTALL_PREFIX=/home/sarthak/precise_docking_ws/install/frontend
[0.119s] -- The C compiler identification is GNU 11.4.0
[0.197s] -- The CXX compiler identification is GNU 11.4.0
[0.206s] -- Detecting C compiler ABI info
[0.293s] -- Detecting C compiler ABI info - done
[0.303s] -- Check for working C compiler: /usr/bin/cc - skipped
[0.303s] -- Detecting C compile features
[0.304s] -- Detecting C compile features - done
[0.308s] -- Detecting CXX compiler ABI info
[0.387s] -- Detecting CXX compiler ABI info - done
[0.393s] -- Check for working CXX compiler: /usr/bin/c++ - skipped
[0.393s] -- Detecting CXX compile features
[0.393s] -- Detecting CXX compile features - done
[0.398s] -- Found ament_cmake: 1.3.10 (/opt/ros/humble/share/ament_cmake/cmake)
[0.544s] -- Found Python3: /usr/bin/python3 (found version "3.10.12") found components: Interpreter 
[0.629s] -- Found rclcpp: 16.0.10 (/opt/ros/humble/share/rclcpp/cmake)
[0.683s] -- Found rosidl_generator_c: 3.1.5 (/opt/ros/humble/share/rosidl_generator_c/cmake)
[0.686s] -- Found rosidl_adapter: 3.1.5 (/opt/ros/humble/share/rosidl_adapter/cmake)
[0.693s] -- Found rosidl_generator_cpp: 3.1.5 (/opt/ros/humble/share/rosidl_generator_cpp/cmake)
[0.703s] -- Using all available rosidl_typesupport_c: rosidl_typesupport_fastrtps_c;rosidl_typesupport_introspection_c
[0.716s] -- Using all available rosidl_typesupport_cpp: rosidl_typesupport_fastrtps_cpp;rosidl_typesupport_introspection_cpp
[0.754s] -- Found rmw_implementation_cmake: 6.1.2 (/opt/ros/humble/share/rmw_implementation_cmake/cmake)
[0.757s] -- Found rmw_fastrtps_cpp: 6.2.7 (/opt/ros/humble/share/rmw_fastrtps_cpp/cmake)
[0.842s] -- Found OpenSSL: /usr/lib/x86_64-linux-gnu/libcrypto.so (found version "3.0.2")  
[0.878s] -- Found FastRTPS: /opt/ros/humble/include  
[0.907s] -- Using RMW implementation 'rmw_fastrtps_cpp' as default
[0.915s] -- Looking for pthread.h
[1.005s] -- Looking for pthread.h - found
[1.005s] -- Performing Test CMAKE_HAVE_LIBC_PTHREAD
[1.086s] -- Performing Test CMAKE_HAVE_LIBC_PTHREAD - Success
[1.088s] -- Found Threads: TRUE  
[1.139s] -- Found rclpy: 3.3.14 (/opt/ros/humble/share/rclpy/cmake)
[1.256s] -- Configuring done
[1.262s] -- Generating done
[1.263s] -- Build files have been written to: /home/sarthak/precise_docking_ws/build/frontend
[1.271s] Invoked command in '/home/sarthak/precise_docking_ws/build/frontend' returned '0': CMAKE_PREFIX_PATH=${CMAKE_PREFIX_PATH}:/home/sarthak/precise_docking_ws/install/template_ros2:/home/sarthak/precise_docking_ws/install/reach_the_goal:/home/sarthak/precise_docking_ws/install/frontend:/home/sarthak/precise_docking_ws/install/arcuo_marker_detection:/opt/ros/humble /usr/bin/cmake /home/sarthak/precise_docking_ws/src/frontend -DCMAKE_INSTALL_PREFIX=/home/sarthak/precise_docking_ws/install/frontend
[1.272s] Invoking command in '/home/sarthak/precise_docking_ws/build/frontend': CMAKE_PREFIX_PATH=${CMAKE_PREFIX_PATH}:/home/sarthak/precise_docking_ws/install/template_ros2:/home/sarthak/precise_docking_ws/install/reach_the_goal:/home/sarthak/precise_docking_ws/install/frontend:/home/sarthak/precise_docking_ws/install/arcuo_marker_detection:/opt/ros/humble /usr/bin/cmake --build /home/sarthak/precise_docking_ws/build/frontend -- -j20 -l20
[1.328s] [ 50%] [32mBuilding CXX object CMakeFiles/cpp_executable.dir/src/cpp_node.cpp.o[0m
[1.338s] [ 50%] Built target ament_cmake_python_copy_frontend
[1.523s] running egg_info
[1.523s] creating frontend.egg-info
[1.523s] writing frontend.egg-info/PKG-INFO
[1.523s] writing dependency_links to frontend.egg-info/dependency_links.txt
[1.523s] writing top-level names to frontend.egg-info/top_level.txt
[1.523s] writing manifest file 'frontend.egg-info/SOURCES.txt'
[1.525s] reading manifest file 'frontend.egg-info/SOURCES.txt'
[1.525s] writing manifest file 'frontend.egg-info/SOURCES.txt'
[1.546s] [ 50%] Built target ament_cmake_python_build_frontend_egg
[2.756s] In file included from [01m[K/home/sarthak/precise_docking_ws/src/frontend/src/cpp_node.cpp:2[m[K:
[2.756s] [01m[K/home/sarthak/precise_docking_ws/src/frontend/include/frontend/cpp_header.hpp:11:2:[m[K [01;31m[Kerror: [m[Kexpected â€˜[01m[K;[m[Kâ€™ after class definition
[2.756s]    11 | }
[2.756s]       |  [01;31m[K^[m[K
[2.756s]       |  [32m[K;[m[K
[2.759s] [01m[K/home/sarthak/precise_docking_ws/src/frontend/src/cpp_node.cpp:[m[K In function â€˜[01m[Kint main(int, char**)[m[Kâ€™:
[2.759s] [01m[K/home/sarthak/precise_docking_ws/src/frontend/src/cpp_node.cpp:8:34:[m[K [01;31m[Kerror: [m[Kâ€˜[01m[KMyNode[m[Kâ€™ was not declared in this scope; did you mean â€˜[01m[Knode[m[Kâ€™?
[2.759s]     8 |     auto node = std::make_shared<[01;31m[KMyNode[m[K>();
[2.759s]       |                                  [01;31m[K^~~~~~[m[K
[2.759s]       |                                  [32m[Knode[m[K
[2.759s] [01m[K/home/sarthak/precise_docking_ws/src/frontend/src/cpp_node.cpp:8:41:[m[K [01;31m[Kerror: [m[Kno matching function for call to â€˜[01m[Kmake_shared<<expression error> >()[m[Kâ€™
[2.759s]     8 |     auto node = [01;31m[Kstd::make_shared<MyNode>()[m[K;
[2.759s]       |                 [01;31m[K~~~~~~~~~~~~~~~~~~~~~~~~^~[m[K
[2.760s] In file included from [01m[K/usr/include/c++/11/memory:77[m[K,
[2.760s]                  from [01m[K/opt/ros/humble/include/rclcpp/rclcpp/rclcpp.hpp:153[m[K,
[2.760s]                  from [01m[K/home/sarthak/precise_docking_ws/src/frontend/src/cpp_node.cpp:1[m[K:
[2.760s] [01m[K/usr/include/c++/11/bits/shared_ptr.h:875:5:[m[K [01;36m[Knote: [m[Kcandidate: â€˜[01m[Ktemplate<class _Tp, class ... _Args> std::shared_ptr<_Tp> std::make_shared(_Args&& ...)[m[Kâ€™
[2.760s]   875 |     [01;36m[Kmake_shared[m[K(_Args&&... __args)
[2.760s]       |     [01;36m[K^~~~~~~~~~~[m[K
[2.760s] [01m[K/usr/include/c++/11/bits/shared_ptr.h:875:5:[m[K [01;36m[Knote: [m[K  template argument deduction/substitution failed:
[2.760s] [01m[K/home/sarthak/precise_docking_ws/src/frontend/src/cpp_node.cpp:8:41:[m[K [01;31m[Kerror: [m[Ktemplate argument 1 is invalid
[2.760s]     8 |     auto node = [01;31m[Kstd::make_shared<MyNode>()[m[K;
[2.760s]       |                 [01;31m[K~~~~~~~~~~~~~~~~~~~~~~~~^~[m[K
[3.026s] gmake[2]: *** [CMakeFiles/cpp_executable.dir/build.make:76: CMakeFiles/cpp_executable.dir/src/cpp_node.cpp.o] Error 1
[3.026s] gmake[1]: *** [CMakeFiles/Makefile2:140: CMakeFiles/cpp_executable.dir/all] Error 2
[3.027s] gmake: *** [Makefile:146: all] Error 2
[3.028s] Invoked command in '/home/sarthak/precise_docking_ws/build/frontend' returned '2': CMAKE_PREFIX_PATH=${CMAKE_PREFIX_PATH}:/home/sarthak/precise_docking_ws/install/template_ros2:/home/sarthak/precise_docking_ws/install/reach_the_goal:/home/sarthak/precise_docking_ws/install/frontend:/home/sarthak/precise_docking_ws/install/arcuo_marker_detection:/opt/ros/humble /usr/bin/cmake --build /home/sarthak/precise_docking_ws/build/frontend -- -j20 -l20
