[0.017s] Invoking command in '/home/sarthak/precise_docking_ws/build/frontend': CMAKE_PREFIX_PATH=${CMAKE_PREFIX_PATH}:/home/sarthak/precise_docking_ws/install/template_ros2:/home/sarthak/precise_docking_ws/install/reach_the_goal:/home/sarthak/precise_docking_ws/install/arcuo_marker_detection:/opt/ros/humble /usr/bin/cmake --build /home/sarthak/precise_docking_ws/build/frontend -- -j20 -l20
[0.098s] [35m[1mConsolidate compiler generated dependencies of target icp_node[0m
[0.106s] [ 50%] Built target cpp_executable
[0.113s] [ 50%] Built target ament_cmake_python_copy_frontend
[0.139s] [ 75%] [32mBuilding CXX object CMakeFiles/icp_node.dir/src/icp_node.cpp.o[0m
[0.375s] running egg_info
[0.375s] writing frontend.egg-info/PKG-INFO
[0.375s] writing dependency_links to frontend.egg-info/dependency_links.txt
[0.376s] writing top-level names to frontend.egg-info/top_level.txt
[0.378s] reading manifest file 'frontend.egg-info/SOURCES.txt'
[0.378s] writing manifest file 'frontend.egg-info/SOURCES.txt'
[0.424s] [ 75%] Built target ament_cmake_python_build_frontend_egg
[1.288s] In file included from [01m[K/home/sarthak/precise_docking_ws/src/frontend/src/icp_node.cpp:10[m[K:
[1.288s] [01m[K/opt/ros/humble/include/tf2_geometry_msgs/tf2_geometry_msgs/tf2_geometry_msgs.h:35:2:[m[K [01;35m[Kwarning: [m[K#warning This header is obsolete, please include tf2_geometry_msgs/tf2_geometry_msgs.hpp instead [[01;35m[K]8;;https://gcc.gnu.org/onlinedocs/gcc/Warning-Options.html#index-Wcpp-Wcpp]8;;[m[K]
[1.288s]    35 | #[01;35m[Kwarning[m[K This header is obsolete, please include tf2_geometry_msgs/tf2_geometry_msgs.hpp instead
[1.288s]       |  [01;35m[K^~~~~~~[m[K
[5.759s] [01m[K/home/sarthak/precise_docking_ws/src/frontend/src/icp_node.cpp:[m[K In member function â€˜[01m[Kvoid ICPNode::pointCloudCallback(sensor_msgs::msg::PointCloud2_<std::allocator<void> >::SharedPtr)[m[Kâ€™:
[5.759s] [01m[K/home/sarthak/precise_docking_ws/src/frontend/src/icp_node.cpp:73:33:[m[K [01;31m[Kerror: [m[Kâ€˜[01m[Ktf_buffer_[m[Kâ€™ was not declared in this scope; did you mean â€˜[01m[KPy_buffer[m[Kâ€™?
[5.759s]    73 |             transform_stamped = [01;31m[Ktf_buffer_[m[K.lookupTransform("map", "diff_drive/lidar_link", tf2::TimePointZero);
[5.759s]       |                                 [01;31m[K^~~~~~~~~~[m[K
[5.759s]       |                                 [32m[KPy_buffer[m[K
[9.815s] gmake[2]: *** [CMakeFiles/icp_node.dir/build.make:76: CMakeFiles/icp_node.dir/src/icp_node.cpp.o] Error 1
[9.815s] gmake[1]: *** [CMakeFiles/Makefile2:168: CMakeFiles/icp_node.dir/all] Error 2
[9.815s] gmake: *** [Makefile:146: all] Error 2
[9.819s] Invoked command in '/home/sarthak/precise_docking_ws/build/frontend' returned '2': CMAKE_PREFIX_PATH=${CMAKE_PREFIX_PATH}:/home/sarthak/precise_docking_ws/install/template_ros2:/home/sarthak/precise_docking_ws/install/reach_the_goal:/home/sarthak/precise_docking_ws/install/arcuo_marker_detection:/opt/ros/humble /usr/bin/cmake --build /home/sarthak/precise_docking_ws/build/frontend -- -j20 -l20
