[01m[K/home/sarthak/precise_docking_ws/src/frontend/src/icp_node.cpp:[m[K In member function â€˜[01m[Kvoid ICPNode::scanCallback(sensor_msgs::msg::LaserScan_<std::allocator<void> >::SharedPtr)[m[Kâ€™:
[01m[K/home/sarthak/precise_docking_ws/src/frontend/src/icp_node.cpp:29:25:[m[K [01;31m[Kerror: [m[Kâ€˜[01m[KlaserScanToPointCloud[m[Kâ€™ was not declared in this scope
   29 |         DP pointCloud = [01;31m[KlaserScanToPointCloud[m[K(scan_msg);
      |                         [01;31m[K^~~~~~~~~~~~~~~~~~~~~[m[K
gmake[2]: *** [CMakeFiles/icp_node.dir/build.make:76: CMakeFiles/icp_node.dir/src/icp_node.cpp.o] Error 1
gmake[1]: *** [CMakeFiles/Makefile2:168: CMakeFiles/icp_node.dir/all] Error 2
gmake: *** [Makefile:146: all] Error 2
