[0.009s] Invoking command in '/home/sarthak/precise_docking_ws/build/localization_node': CMAKE_PREFIX_PATH=${CMAKE_PREFIX_PATH}:/home/sarthak/precise_docking_ws/install/template_ros2:/home/sarthak/precise_docking_ws/install/reach_the_goal:/home/sarthak/precise_docking_ws/install/autonomous_exploration:/home/sarthak/precise_docking_ws/install/arcuo_marker_detection:/home/sarthak/precise_docking_ws/install/active_localization:/opt/ros/humble /usr/bin/cmake --build /home/sarthak/precise_docking_ws/build/localization_node -- -j20 -l20
[0.032s] -- Found ament_cmake: 1.3.11 (/opt/ros/humble/share/ament_cmake/cmake)
[0.140s] -- Found rclcpp: 16.0.11 (/opt/ros/humble/share/rclcpp/cmake)
[0.160s] -- Found rosidl_generator_c: 3.1.6 (/opt/ros/humble/share/rosidl_generator_c/cmake)
[0.162s] -- Found rosidl_adapter: 3.1.6 (/opt/ros/humble/share/rosidl_adapter/cmake)
[0.165s] -- Found rosidl_generator_cpp: 3.1.6 (/opt/ros/humble/share/rosidl_generator_cpp/cmake)
[0.172s] -- Using all available rosidl_typesupport_c: rosidl_typesupport_fastrtps_c;rosidl_typesupport_introspection_c
[0.180s] -- Using all available rosidl_typesupport_cpp: rosidl_typesupport_fastrtps_cpp;rosidl_typesupport_introspection_cpp
[0.201s] -- Found rmw_implementation_cmake: 6.1.2 (/opt/ros/humble/share/rmw_implementation_cmake/cmake)
[0.202s] -- Found rmw_cyclonedds_cpp: 1.3.4 (/opt/ros/humble/share/rmw_cyclonedds_cpp/cmake)
[0.213s] -- Using RMW implementation 'rmw_cyclonedds_cpp' as default
[0.289s] -- Configuring done
[0.294s] -- Generating done
[0.295s] -- Build files have been written to: /home/sarthak/precise_docking_ws/build/localization_node
[0.333s] [ 50%] [32mBuilding CXX object CMakeFiles/active_docking.dir/src/main.cpp.o[0m
[0.388s] In file included from [01m[K/home/sarthak/precise_docking_ws/src/localization_node/src/main.cpp:3[m[K:
[0.388s] [01m[K/home/sarthak/precise_docking_ws/src/localization_node/include/localization_node/active_amcl.hpp:13:10:[m[K [01;31m[Kfatal error: [m[Knav2_msgs/msg/particle.hpp: No such file or directory
[0.388s]    13 | #include [01;31m[K"nav2_msgs/msg/particle.hpp"[m[K
[0.388s]       |          [01;31m[K^~~~~~~~~~~~~~~~~~~~~~~~~~~~[m[K
[0.388s] compilation terminated.
[0.389s] gmake[2]: *** [CMakeFiles/active_docking.dir/build.make:76: CMakeFiles/active_docking.dir/src/main.cpp.o] Error 1
[0.389s] gmake[1]: *** [CMakeFiles/Makefile2:137: CMakeFiles/active_docking.dir/all] Error 2
[0.389s] gmake: *** [Makefile:146: all] Error 2
[0.392s] Invoked command in '/home/sarthak/precise_docking_ws/build/localization_node' returned '2': CMAKE_PREFIX_PATH=${CMAKE_PREFIX_PATH}:/home/sarthak/precise_docking_ws/install/template_ros2:/home/sarthak/precise_docking_ws/install/reach_the_goal:/home/sarthak/precise_docking_ws/install/autonomous_exploration:/home/sarthak/precise_docking_ws/install/arcuo_marker_detection:/home/sarthak/precise_docking_ws/install/active_localization:/opt/ros/humble /usr/bin/cmake --build /home/sarthak/precise_docking_ws/build/localization_node -- -j20 -l20
