[0.000000] (-) TimerEvent: {}
[0.000590] (-) JobUnselected: {'identifier': 'docking_bringup'}
[0.000676] (-) JobUnselected: {'identifier': 'frontend'}
[0.000722] (-) JobUnselected: {'identifier': 'reach_the_goal'}
[0.000798] (-) JobUnselected: {'identifier': 'teleop_cpp_ros2'}
[0.000824] (-) JobUnselected: {'identifier': 'template_ros2'}
[0.000861] (arcuo_marker_detection) JobQueued: {'identifier': 'arcuo_marker_detection', 'dependencies': OrderedDict()}
[0.000899] (arcuo_marker_detection) JobStarted: {'identifier': 'arcuo_marker_detection'}
[0.099969] (-) TimerEvent: {}
[0.200298] (-) TimerEvent: {}
[0.300537] (-) TimerEvent: {}
[0.400778] (-) TimerEvent: {}
[0.433802] (arcuo_marker_detection) StderrLine: {'line': b'Traceback (most recent call last):\n  File "/home/sarthak/.local/lib/python3.10/site-packages/colcon_core/executor/__init__.py", line 91, in __call__\n    rc = await self.task(*args, **kwargs)\n  File "/home/sarthak/.local/lib/python3.10/site-packages/colcon_core/task/__init__.py", line 93, in __call__\n    return await task_method(*args, **kwargs)\n  File "/home/sarthak/.local/lib/python3.10/site-packages/colcon_ros/task/ament_python/build.py", line 102, in build\n    return await extension.build(additional_hooks=additional_hooks)\n  File "/home/sarthak/.local/lib/python3.10/site-packages/colcon_core/task/python/build.py", line 94, in build\n    available_commands = await self._get_available_commands(\n  File "/home/sarthak/.local/lib/python3.10/site-packages/colcon_core/task/python/build.py", line 192, in _get_available_commands\n    output = await check_output(\n  File "/home/sarthak/.local/lib/python3.10/site-packages/colcon_core/subprocess.py", line 129, in check_output\n    assert not rc, f\'Expected {args} to pass: {stderr_data}\'\nAssertionError: Expected [\'/usr/bin/python3\', \'-W\', \'ignore:setup.py install is deprecated\', \'setup.py\', \'--help-commands\'] to pass: /home/sarthak/.local/lib/python3.10/site-packages/setuptools/_distutils/dist.py:261: UserWarning: Unknown distribution option: \'tests_require\'\n  warnings.warn(msg)\nTraceback (most recent call last):\n  File "/home/sarthak/precise_docking_ws/src/arcuo_marker_detection/setup.py", line 5, in <module>\n    setup(\n  File "/home/sarthak/.local/lib/python3.10/site-packages/setuptools/__init__.py", line 117, in setup\n    return distutils.core.setup(**attrs)\n  File "/home/sarthak/.local/lib/python3.10/site-packages/setuptools/_distutils/core.py", line 170, in setup\n    ok = dist.parse_command_line()\n  File "/home/sarthak/.local/lib/python3.10/site-packages/setuptools/_distutils/dist.py", line 469, in parse_command_line\n    if self.handle_display_options(option_order):\n  File "/home/sarthak/.local/lib/python3.10/site-packages/setuptools/dist.py", line 926, in handle_display_options\n    return _Distribution.handle_display_options(self, option_order)\n  File "/home/sarthak/.local/lib/python3.10/site-packages/setuptools/_distutils/dist.py", line 683, in handle_display_options\n    self.print_commands()\n  File "/home/sarthak/.local/lib/python3.10/site-packages/setuptools/dist.py", line 705, in print_commands\n    cmdclass = ep.load()\n  File "/usr/lib/python3.10/importlib/metadata/__init__.py", line 171, in load\n    module = import_module(match.group(\'module\'))\n  File "/usr/lib/python3.10/importlib/__init__.py", line 126, in import_module\n    return _bootstrap._gcd_import(name[level:], package, level)\n  File "<frozen importlib._bootstrap>", line 1050, in _gcd_import\n  File "<frozen importlib._bootstrap>", line 1027, in _find_and_load\n  File "<frozen importlib._bootstrap>", line 1006, in _find_and_load_unlocked\n  File "<frozen importlib._bootstrap>", line 688, in _load_unlocked\n  File "<frozen importlib._bootstrap_external>", line 883, in exec_module\n  File "<frozen importlib._bootstrap>", line 241, in _call_with_frames_removed\n  File "/home/sarthak/.local/lib/python3.10/site-packages/sphinx/setup_command.py", line 21, in <module>\n    from sphinx.application import Sphinx\n  File "/home/sarthak/.local/lib/python3.10/site-packages/sphinx/application.py", line 31, in <module>\n    from sphinx.config import Config\n  File "/home/sarthak/.local/lib/python3.10/site-packages/sphinx/config.py", line 21, in <module>\n    from sphinx.util import logging\n  File "/home/sarthak/.local/lib/python3.10/site-packages/sphinx/util/__init__.py", line 41, in <module>\n    from sphinx.util.typing import PathMatcher\n  File "/home/sarthak/.local/lib/python3.10/site-packages/sphinx/util/typing.py", line 37, in <module>\n    from types import Union as types_Union\nImportError: cannot import name \'Union\' from \'types\' (/usr/lib/python3.10/types.py)\n\n'}
[0.434363] (arcuo_marker_detection) JobEnded: {'identifier': 'arcuo_marker_detection', 'rc': 1}
[0.444259] (-) EventReactorShutdown: {}
