[0.008s] Invoking command in '/home/sarthak/precise_docking_ws/build/frontend': CMAKE_PREFIX_PATH=${CMAKE_PREFIX_PATH}:/home/sarthak/precise_docking_ws/install/template_ros2:/home/sarthak/precise_docking_ws/install/reach_the_goal:/home/sarthak/precise_docking_ws/install/arcuo_marker_detection:/opt/ros/humble /usr/bin/cmake --build /home/sarthak/precise_docking_ws/build/frontend -- -j20 -l20
[0.071s] [35m[1mConsolidate compiler generated dependencies of target icp_node[0m
[0.078s] [ 50%] Built target cpp_executable
[0.079s] [ 50%] Built target ament_cmake_python_copy_frontend
[0.093s] [ 75%] [32mBuilding CXX object CMakeFiles/icp_node.dir/src/icp_node.cpp.o[0m
[0.253s] running egg_info
[0.253s] writing frontend.egg-info/PKG-INFO
[0.253s] writing dependency_links to frontend.egg-info/dependency_links.txt
[0.253s] writing top-level names to frontend.egg-info/top_level.txt
[0.255s] reading manifest file 'frontend.egg-info/SOURCES.txt'
[0.255s] writing manifest file 'frontend.egg-info/SOURCES.txt'
[0.278s] [ 75%] Built target ament_cmake_python_build_frontend_egg
[3.205s] [01m[K/home/sarthak/precise_docking_ws/src/frontend/src/icp_node.cpp:[m[K In member function â€˜[01m[Kvoid ICPNode::pointCloudCallback(sensor_msgs::msg::PointCloud2_<std::allocator<void> >::SharedPtr)[m[Kâ€™:
[3.205s] [01m[K/home/sarthak/precise_docking_ws/src/frontend/src/icp_node.cpp:68:9:[m[K [01;31m[Kerror: [m[Kâ€˜[01m[Kmap_builder[m[Kâ€™ was not declared in this scope; did you mean â€˜[01m[KMapBuilder[m[Kâ€™?
[3.205s]    68 |         [01;31m[Kmap_builder[m[K.updateGlobalMap(transformed_cloud);
[3.205s]       |         [01;31m[K^~~~~~~~~~~[m[K
[3.205s]       |         [32m[KMapBuilder[m[K
[5.093s] gmake[2]: *** [CMakeFiles/icp_node.dir/build.make:76: CMakeFiles/icp_node.dir/src/icp_node.cpp.o] Error 1
[5.093s] gmake[1]: *** [CMakeFiles/Makefile2:168: CMakeFiles/icp_node.dir/all] Error 2
[5.093s] gmake: *** [Makefile:146: all] Error 2
[5.096s] Invoked command in '/home/sarthak/precise_docking_ws/build/frontend' returned '2': CMAKE_PREFIX_PATH=${CMAKE_PREFIX_PATH}:/home/sarthak/precise_docking_ws/install/template_ros2:/home/sarthak/precise_docking_ws/install/reach_the_goal:/home/sarthak/precise_docking_ws/install/arcuo_marker_detection:/opt/ros/humble /usr/bin/cmake --build /home/sarthak/precise_docking_ws/build/frontend -- -j20 -l20
