[0.010s] Invoking command in '/home/sarthak/precise_docking_ws/build/localization_node': CMAKE_PREFIX_PATH=${CMAKE_PREFIX_PATH}:/home/sarthak/precise_docking_ws/install/template_ros2:/home/sarthak/precise_docking_ws/install/reach_the_goal:/home/sarthak/precise_docking_ws/install/autonomous_exploration:/home/sarthak/precise_docking_ws/install/arcuo_marker_detection:/home/sarthak/precise_docking_ws/install/active_localization:/opt/ros/humble /usr/bin/cmake --build /home/sarthak/precise_docking_ws/build/localization_node -- -j20 -l20
[0.080s] [ 50%] [32mBuilding CXX object CMakeFiles/main.dir/src/main.cpp.o[0m
[0.138s] In file included from [01m[K/home/sarthak/precise_docking_ws/src/localization_node/src/main.cpp:3[m[K:
[0.138s] [01m[K/home/sarthak/precise_docking_ws/src/localization_node/include/localization_node/active_amcl.hpp:13:10:[m[K [01;31m[Kfatal error: [m[Knav2_msgs/msg/particle.hpp: No such file or directory
[0.138s]    13 | #include [01;31m[K"nav2_msgs/msg/particle.hpp"[m[K
[0.138s]       |          [01;31m[K^~~~~~~~~~~~~~~~~~~~~~~~~~~~[m[K
[0.138s] compilation terminated.
[0.140s] gmake[2]: *** [CMakeFiles/main.dir/build.make:76: CMakeFiles/main.dir/src/main.cpp.o] Error 1
[0.140s] gmake[1]: *** [CMakeFiles/Makefile2:137: CMakeFiles/main.dir/all] Error 2
[0.141s] gmake: *** [Makefile:146: all] Error 2
[0.144s] Invoked command in '/home/sarthak/precise_docking_ws/build/localization_node' returned '2': CMAKE_PREFIX_PATH=${CMAKE_PREFIX_PATH}:/home/sarthak/precise_docking_ws/install/template_ros2:/home/sarthak/precise_docking_ws/install/reach_the_goal:/home/sarthak/precise_docking_ws/install/autonomous_exploration:/home/sarthak/precise_docking_ws/install/arcuo_marker_detection:/home/sarthak/precise_docking_ws/install/active_localization:/opt/ros/humble /usr/bin/cmake --build /home/sarthak/precise_docking_ws/build/localization_node -- -j20 -l20
