[0.010s] Invoking command in '/home/sarthak/precise_docking_ws/build/frontend': CMAKE_PREFIX_PATH=${CMAKE_PREFIX_PATH}:/home/sarthak/precise_docking_ws/install/template_ros2:/home/sarthak/precise_docking_ws/install/reach_the_goal:/home/sarthak/precise_docking_ws/install/arcuo_marker_detection:/opt/ros/humble /usr/bin/cmake --build /home/sarthak/precise_docking_ws/build/frontend -- -j20 -l20
[0.063s] [35m[1mConsolidate compiler generated dependencies of target icp_node[0m
[0.067s] [ 50%] Built target cpp_executable
[0.071s] [ 50%] Built target ament_cmake_python_copy_frontend
[0.085s] [ 75%] [32mBuilding CXX object CMakeFiles/icp_node.dir/src/icp_node.cpp.o[0m
[0.255s] running egg_info
[0.255s] writing frontend.egg-info/PKG-INFO
[0.255s] writing dependency_links to frontend.egg-info/dependency_links.txt
[0.255s] writing top-level names to frontend.egg-info/top_level.txt
[0.257s] reading manifest file 'frontend.egg-info/SOURCES.txt'
[0.257s] writing manifest file 'frontend.egg-info/SOURCES.txt'
[0.282s] [ 75%] Built target ament_cmake_python_build_frontend_egg
[3.189s] In file included from [01m[K/opt/ros/humble/include/rclcpp/rclcpp/logging.hpp:24[m[K,
[3.190s]                  from [01m[K/opt/ros/humble/include/rclcpp/rclcpp/client.hpp:40[m[K,
[3.190s]                  from [01m[K/opt/ros/humble/include/rclcpp/rclcpp/callback_group.hpp:24[m[K,
[3.190s]                  from [01m[K/opt/ros/humble/include/rclcpp/rclcpp/any_executable.hpp:20[m[K,
[3.190s]                  from [01m[K/opt/ros/humble/include/rclcpp/rclcpp/memory_strategy.hpp:25[m[K,
[3.190s]                  from [01m[K/opt/ros/humble/include/rclcpp/rclcpp/memory_strategies.hpp:18[m[K,
[3.190s]                  from [01m[K/opt/ros/humble/include/rclcpp/rclcpp/executor_options.hpp:20[m[K,
[3.190s]                  from [01m[K/opt/ros/humble/include/rclcpp/rclcpp/executor.hpp:37[m[K,
[3.190s]                  from [01m[K/opt/ros/humble/include/rclcpp/rclcpp/executors/multi_threaded_executor.hpp:25[m[K,
[3.190s]                  from [01m[K/opt/ros/humble/include/rclcpp/rclcpp/executors.hpp:21[m[K,
[3.190s]                  from [01m[K/opt/ros/humble/include/rclcpp/rclcpp/rclcpp.hpp:155[m[K,
[3.190s]                  from [01m[K/home/sarthak/precise_docking_ws/src/frontend/src/icp_node.cpp:1[m[K:
[3.190s] [01m[K/home/sarthak/precise_docking_ws/src/frontend/src/icp_node.cpp:[m[K In member function â€˜[01m[Kvoid ICPNode::pointCloudCallback(sensor_msgs::msg::PointCloud2_<std::allocator<void> >::SharedPtr)[m[Kâ€™:
[3.190s] [01m[K/home/sarthak/precise_docking_ws/src/frontend/src/icp_node.cpp:54:41:[m[K [01;35m[Kwarning: [m[Kformat â€˜[01m[K%s[m[Kâ€™ expects argument of type â€˜[01m[Kchar*[m[Kâ€™, but argument 5 has type â€˜[01m[KPointMatcher<float>::TransformationParameters[m[Kâ€™ {aka â€˜[01m[KEigen::Matrix<float, -1, -1>[m[Kâ€™} [[01;35m[K]8;;https://gcc.gnu.org/onlinedocs/gcc/Warning-Options.html#index-Wformat=-Wformat=]8;;[m[K]
[3.190s]    54 |         RCLCPP_INFO(this->get_logger(), [01;35m[K"Published transformed cloud. Final transformation: \n%s"[m[K, T);
[3.190s]       |                                         [01;35m[K^~~~~~~~~~~~~~~~~~~~~~~~~~~~~~~~~~~~~~~~~~~~~~~~~~~~~~~~~[m[K
[3.190s] [01m[K/home/sarthak/precise_docking_ws/src/frontend/src/icp_node.cpp:54:96:[m[K [01;36m[Knote: [m[Kformat string is defined here
[3.190s]    54 |         RCLCPP_INFO(this->get_logger(), "Published transformed cloud. Final transformation: \n[01;36m[K%s[m[K", T);
[3.190s]       |                                                                                               [01;36m[K~^[m[K
[3.190s]       |                                                                                                [01;36m[K|[m[K
[3.190s]       |                                                                                                [01;36m[Kchar*[m[K
[3.192s] [01m[K/home/sarthak/precise_docking_ws/src/frontend/src/icp_node.cpp:[m[K In member function â€˜[01m[KDP ICPNode::rosMsgToDataPoints(sensor_msgs::msg::PointCloud2_<std::allocator<void> >::SharedPtr)[m[Kâ€™:
[3.192s] [01m[K/home/sarthak/precise_docking_ws/src/frontend/src/icp_node.cpp:77:48:[m[K [01;31m[Kerror: [m[Kno matching function for call to â€˜[01m[KPointMatcher<float>::DataPoints::DataPoints(PointMatcher<float>::DataPoints::Labels&, int&)[m[Kâ€™
[3.192s]    77 |         DP dataPoints(featureLabels, num_points[01;31m[K)[m[K;
[3.192s]       |                                                [01;31m[K^[m[K
[3.192s] In file included from [01m[K/home/sarthak/precise_docking_ws/src/frontend/src/icp_node.cpp:4[m[K:
[3.192s] [01m[K/usr/local/include/pointmatcher/PointMatcher.h:263:17:[m[K [01;36m[Knote: [m[Kcandidate: â€˜[01m[KPointMatcher<T>::DataPoints::DataPoints(const Matrix&, const PointMatcher<T>::DataPoints::Labels&, const Matrix&, const PointMatcher<T>::DataPoints::Labels&, const Int64Matrix&, const PointMatcher<T>::DataPoints::Labels&) [with T = float; PointMatcher<T>::Matrix = Eigen::Matrix<float, -1, -1>; PointMatcher<T>::Int64Matrix = Eigen::Matrix<long int, -1, -1>][m[Kâ€™
[3.192s]   263 |                 [01;36m[KDataPoints[m[K(const Matrix& features, const Labels& featureLabels, const Matrix& descriptors, const Labels& descriptorLabels, const Int64Matrix& times, const Labels& timeLabels);
[3.192s]       |                 [01;36m[K^~~~~~~~~~[m[K
[3.192s] [01m[K/usr/local/include/pointmatcher/PointMatcher.h:263:17:[m[K [01;36m[Knote: [m[K  candidate expects 6 arguments, 2 provided
[3.192s] [01m[K/usr/local/include/pointmatcher/PointMatcher.h:262:17:[m[K [01;36m[Knote: [m[Kcandidate: â€˜[01m[KPointMatcher<T>::DataPoints::DataPoints(const Matrix&, const PointMatcher<T>::DataPoints::Labels&, const Matrix&, const PointMatcher<T>::DataPoints::Labels&) [with T = float; PointMatcher<T>::Matrix = Eigen::Matrix<float, -1, -1>][m[Kâ€™
[3.192s]   262 |                 [01;36m[KDataPoints[m[K(const Matrix& features, const Labels& featureLabels, const Matrix& descriptors, const Labels& descriptorLabels);
[3.192s]       |                 [01;36m[K^~~~~~~~~~[m[K
[3.192s] [01m[K/usr/local/include/pointmatcher/PointMatcher.h:262:17:[m[K [01;36m[Knote: [m[K  candidate expects 4 arguments, 2 provided
[3.192s] [01m[K/usr/local/include/pointmatcher/PointMatcher.h:261:17:[m[K [01;36m[Knote: [m[Kcandidate: â€˜[01m[KPointMatcher<T>::DataPoints::DataPoints(const Matrix&, const PointMatcher<T>::DataPoints::Labels&) [with T = float; PointMatcher<T>::Matrix = Eigen::Matrix<float, -1, -1>][m[Kâ€™
[3.192s]   261 |                 [01;36m[KDataPoints[m[K(const Matrix& features, const Labels& featureLabels);
[3.192s]       |                 [01;36m[K^~~~~~~~~~[m[K
[3.192s] [01m[K/usr/local/include/pointmatcher/PointMatcher.h:261:42:[m[K [01;36m[Knote: [m[K  no known conversion for argument 1 from â€˜[01m[KPointMatcher<float>::DataPoints::Labels[m[Kâ€™ to â€˜[01m[Kconst Matrix&[m[Kâ€™ {aka â€˜[01m[Kconst Eigen::Matrix<float, -1, -1>&[m[Kâ€™}
[3.192s]   261 |                 DataPoints([01;36m[Kconst Matrix& features[m[K, const Labels& featureLabels);
[3.192s]       |                            [01;36m[K~~~~~~~~~~~~~~^~~~~~~~[m[K
[3.192s] [01m[K/usr/local/include/pointmatcher/PointMatcher.h:258:17:[m[K [01;36m[Knote: [m[Kcandidate: â€˜[01m[KPointMatcher<T>::DataPoints::DataPoints(const PointMatcher<T>::DataPoints::Labels&, const PointMatcher<T>::DataPoints::Labels&, const PointMatcher<T>::DataPoints::Labels&, size_t) [with T = float; size_t = long unsigned int][m[Kâ€™
[3.192s]   258 |                 [01;36m[KDataPoints[m[K(const Labels& featureLabels, const Labels& descriptorLabels, const Labels& timeLabels, const size_t pointCount);
[3.192s]       |                 [01;36m[K^~~~~~~~~~[m[K
[3.192s] [01m[K/usr/local/include/pointmatcher/PointMatcher.h:258:17:[m[K [01;36m[Knote: [m[K  candidate expects 4 arguments, 2 provided
[3.192s] [01m[K/usr/local/include/pointmatcher/PointMatcher.h:257:17:[m[K [01;36m[Knote: [m[Kcandidate: â€˜[01m[KPointMatcher<T>::DataPoints::DataPoints(const PointMatcher<T>::DataPoints::Labels&, const PointMatcher<T>::DataPoints::Labels&, size_t) [with T = float; size_t = long unsigned int][m[Kâ€™
[3.192s]   257 |                 [01;36m[KDataPoints[m[K(const Labels& featureLabels, const Labels& descriptorLabels, const size_t pointCount);
[3.192s]       |                 [01;36m[K^~~~~~~~~~[m[K
[3.193s] [01m[K/usr/local/include/pointmatcher/PointMatcher.h:257:17:[m[K [01;36m[Knote: [m[K  candidate expects 3 arguments, 2 provided
[3.193s] [01m[K/usr/local/include/pointmatcher/PointMatcher.h:256:17:[m[K [01;36m[Knote: [m[Kcandidate: â€˜[01m[KPointMatcher<T>::DataPoints::DataPoints() [with T = float][m[Kâ€™
[3.193s]   256 |                 [01;36m[KDataPoints[m[K();
[3.193s]       |                 [01;36m[K^~~~~~~~~~[m[K
[3.193s] [01m[K/usr/local/include/pointmatcher/PointMatcher.h:256:17:[m[K [01;36m[Knote: [m[K  candidate expects 0 arguments, 2 provided
[3.193s] [01m[K/usr/local/include/pointmatcher/PointMatcher.h:207:16:[m[K [01;36m[Knote: [m[Kcandidate: â€˜[01m[KPointMatcher<float>::DataPoints::DataPoints(const PointMatcher<float>::DataPoints&)[m[Kâ€™
[3.193s]   207 |         struct [01;36m[KDataPoints[m[K
[3.193s]       |                [01;36m[K^~~~~~~~~~[m[K
[3.193s] [01m[K/usr/local/include/pointmatcher/PointMatcher.h:207:16:[m[K [01;36m[Knote: [m[K  candidate expects 1 argument, 2 provided
[3.193s] [01m[K/usr/local/include/pointmatcher/PointMatcher.h:207:16:[m[K [01;36m[Knote: [m[Kcandidate: â€˜[01m[KPointMatcher<float>::DataPoints::DataPoints(PointMatcher<float>::DataPoints&&)[m[Kâ€™
[3.193s] [01m[K/usr/local/include/pointmatcher/PointMatcher.h:207:16:[m[K [01;36m[Knote: [m[K  candidate expects 1 argument, 2 provided
[5.056s] gmake[2]: *** [CMakeFiles/icp_node.dir/build.make:76: CMakeFiles/icp_node.dir/src/icp_node.cpp.o] Error 1
[5.056s] gmake[1]: *** [CMakeFiles/Makefile2:168: CMakeFiles/icp_node.dir/all] Error 2
[5.056s] gmake: *** [Makefile:146: all] Error 2
[5.059s] Invoked command in '/home/sarthak/precise_docking_ws/build/frontend' returned '2': CMAKE_PREFIX_PATH=${CMAKE_PREFIX_PATH}:/home/sarthak/precise_docking_ws/install/template_ros2:/home/sarthak/precise_docking_ws/install/reach_the_goal:/home/sarthak/precise_docking_ws/install/arcuo_marker_detection:/opt/ros/humble /usr/bin/cmake --build /home/sarthak/precise_docking_ws/build/frontend -- -j20 -l20
