[0.012s] Invoking command in '/home/sarthak/precise_docking_ws/build/frontend': CMAKE_PREFIX_PATH=${CMAKE_PREFIX_PATH}:/home/sarthak/precise_docking_ws/install/template_ros2:/home/sarthak/precise_docking_ws/install/reach_the_goal:/home/sarthak/precise_docking_ws/install/arcuo_marker_detection:/opt/ros/humble /usr/bin/cmake --build /home/sarthak/precise_docking_ws/build/frontend -- -j20 -l20
[0.093s] [35m[1mConsolidate compiler generated dependencies of target icp_node[0m
[0.102s] [ 50%] Built target cpp_executable
[0.107s] [ 50%] Built target ament_cmake_python_copy_frontend
[0.135s] [ 75%] [32mBuilding CXX object CMakeFiles/icp_node.dir/src/icp_node.cpp.o[0m
[0.396s] running egg_info
[0.397s] writing frontend.egg-info/PKG-INFO
[0.397s] writing dependency_links to frontend.egg-info/dependency_links.txt
[0.397s] writing top-level names to frontend.egg-info/top_level.txt
[0.400s] reading manifest file 'frontend.egg-info/SOURCES.txt'
[0.400s] writing manifest file 'frontend.egg-info/SOURCES.txt'
[0.446s] [ 75%] Built target ament_cmake_python_build_frontend_egg
[1.355s] In file included from [01m[K/home/sarthak/precise_docking_ws/src/frontend/src/icp_node.cpp:11[m[K:
[1.355s] [01m[K/opt/ros/humble/include/tf2_geometry_msgs/tf2_geometry_msgs/tf2_geometry_msgs.h:35:2:[m[K [01;35m[Kwarning: [m[K#warning This header is obsolete, please include tf2_geometry_msgs/tf2_geometry_msgs.hpp instead [[01;35m[K]8;;https://gcc.gnu.org/onlinedocs/gcc/Warning-Options.html#index-Wcpp-Wcpp]8;;[m[K]
[1.355s]    35 | #[01;35m[Kwarning[m[K This header is obsolete, please include tf2_geometry_msgs/tf2_geometry_msgs.hpp instead
[1.356s]       |  [01;35m[K^~~~~~~[m[K
[6.021s] [01m[K/home/sarthak/precise_docking_ws/src/frontend/src/icp_node.cpp:[m[K In constructor â€˜[01m[KICPNode::ICPNode()[m[Kâ€™:
[6.022s] [01m[K/home/sarthak/precise_docking_ws/src/frontend/src/icp_node.cpp:299:16:[m[K [01;35m[Kwarning: [m[Kâ€˜[01m[KICPNode::map_builder[m[Kâ€™ will be initialized after [[01;35m[K]8;;https://gcc.gnu.org/onlinedocs/gcc/Warning-Options.html#index-Wreorder-Wreorder]8;;[m[K]
[6.022s]   299 |     MapBuilder [01;35m[Kmap_builder[m[K;
[6.022s]       |                [01;35m[K^~~~~~~~~~~[m[K
[6.022s] [01m[K/home/sarthak/precise_docking_ws/src/frontend/src/icp_node.cpp:38:21:[m[K [01;35m[Kwarning: [m[K  â€˜[01m[Ktf2_ros::Buffer ICPNode::tf_buffer_[m[Kâ€™ [[01;35m[K]8;;https://gcc.gnu.org/onlinedocs/gcc/Warning-Options.html#index-Wreorder-Wreorder]8;;[m[K]
[6.022s]    38 |     tf2_ros::Buffer [01;35m[Ktf_buffer_[m[K;  // Declare TF buffer
[6.022s]       |                     [01;35m[K^~~~~~~~~~[m[K
[6.022s] [01m[K/home/sarthak/precise_docking_ws/src/frontend/src/icp_node.cpp:22:5:[m[K [01;35m[Kwarning: [m[K  when initialized here [[01;35m[K]8;;https://gcc.gnu.org/onlinedocs/gcc/Warning-Options.html#index-Wreorder-Wreorder]8;;[m[K]
[6.022s]    22 |     [01;35m[KICPNode[m[K() : Node("icp_node"), map_builder() ,tf_buffer_(this->get_clock())
[6.023s]       |     [01;35m[K^~~~~~~[m[K
[6.083s] [01m[K/home/sarthak/precise_docking_ws/src/frontend/src/icp_node.cpp:[m[K In member function â€˜[01m[Kvoid ICPNode::pointCloudCallback(sensor_msgs::msg::PointCloud2_<std::allocator<void> >::SharedPtr)[m[Kâ€™:
[6.083s] [01m[K/home/sarthak/precise_docking_ws/src/frontend/src/icp_node.cpp:91:67:[m[K [01;31m[Kerror: [m[Kâ€˜[01m[Ktransform_stamped[m[Kâ€™ was not declared in this scope
[6.083s]    91 |         PM::TransformationParameters transform_matrix = tfToEigen([01;31m[Ktransform_stamped[m[K);
[6.083s]       |                                                                   [01;31m[K^~~~~~~~~~~~~~~~~[m[K
[10.284s] gmake[2]: *** [CMakeFiles/icp_node.dir/build.make:76: CMakeFiles/icp_node.dir/src/icp_node.cpp.o] Error 1
[10.284s] gmake[1]: *** [CMakeFiles/Makefile2:168: CMakeFiles/icp_node.dir/all] Error 2
[10.284s] gmake: *** [Makefile:146: all] Error 2
[10.288s] Invoked command in '/home/sarthak/precise_docking_ws/build/frontend' returned '2': CMAKE_PREFIX_PATH=${CMAKE_PREFIX_PATH}:/home/sarthak/precise_docking_ws/install/template_ros2:/home/sarthak/precise_docking_ws/install/reach_the_goal:/home/sarthak/precise_docking_ws/install/arcuo_marker_detection:/opt/ros/humble /usr/bin/cmake --build /home/sarthak/precise_docking_ws/build/frontend -- -j20 -l20
